{"D:\\Projects\\Personal\\@fwge\\packages\\common\\src\\constants.ts": {"path":"D:\\Projects\\Personal\\@fwge\\packages\\common\\src\\constants.ts","statementMap":{"0":{"start":{"line":1,"column":13},"end":{"line":1,"column":null}},"1":{"start":{"line":2,"column":13},"end":{"line":2,"column":null}}},"fnMap":{},"branchMap":{},"s":{"0":1,"1":1},"f":{},"b":{}}
,"D:\\Projects\\Personal\\@fwge\\packages\\common\\src\\matrix\\Matrix2.ts": {"path":"D:\\Projects\\Personal\\@fwge\\packages\\common\\src\\matrix\\Matrix2.ts","statementMap":{"0":{"start":{"line":2,"column":0},"end":{"line":2,"column":33}},"1":{"start":{"line":4,"column":0},"end":{"line":4,"column":35}},"2":{"start":{"line":5,"column":0},"end":{"line":5,"column":35}},"3":{"start":{"line":6,"column":0},"end":{"line":6,"column":35}},"4":{"start":{"line":100,"column":8},"end":{"line":123,"column":null}},"5":{"start":{"line":102,"column":12},"end":{"line":102,"column":null}},"6":{"start":{"line":104,"column":13},"end":{"line":123,"column":null}},"7":{"start":{"line":106,"column":12},"end":{"line":110,"column":null}},"8":{"start":{"line":112,"column":13},"end":{"line":123,"column":null}},"9":{"start":{"line":114,"column":12},"end":{"line":118,"column":null}},"10":{"start":{"line":122,"column":12},"end":{"line":122,"column":null}},"11":{"start":{"line":15,"column":8},"end":{"line":15,"column":null}},"12":{"start":{"line":20,"column":8},"end":{"line":20,"column":null}},"13":{"start":{"line":25,"column":8},"end":{"line":25,"column":null}},"14":{"start":{"line":30,"column":8},"end":{"line":30,"column":null}},"15":{"start":{"line":35,"column":8},"end":{"line":35,"column":null}},"16":{"start":{"line":40,"column":8},"end":{"line":40,"column":null}},"17":{"start":{"line":45,"column":8},"end":{"line":45,"column":null}},"18":{"start":{"line":50,"column":8},"end":{"line":50,"column":null}},"19":{"start":{"line":55,"column":8},"end":{"line":55,"column":null}},"20":{"start":{"line":60,"column":8},"end":{"line":60,"column":null}},"21":{"start":{"line":65,"column":8},"end":{"line":65,"column":null}},"22":{"start":{"line":70,"column":8},"end":{"line":70,"column":null}},"23":{"start":{"line":75,"column":8},"end":{"line":75,"column":null}},"24":{"start":{"line":80,"column":8},"end":{"line":80,"column":null}},"25":{"start":{"line":85,"column":8},"end":{"line":85,"column":null}},"26":{"start":{"line":132,"column":8},"end":{"line":145,"column":null}},"27":{"start":{"line":134,"column":12},"end":{"line":134,"column":null}},"28":{"start":{"line":135,"column":12},"end":{"line":135,"column":null}},"29":{"start":{"line":136,"column":12},"end":{"line":136,"column":null}},"30":{"start":{"line":137,"column":12},"end":{"line":137,"column":null}},"31":{"start":{"line":141,"column":12},"end":{"line":141,"column":null}},"32":{"start":{"line":142,"column":12},"end":{"line":142,"column":null}},"33":{"start":{"line":143,"column":12},"end":{"line":143,"column":null}},"34":{"start":{"line":144,"column":12},"end":{"line":144,"column":null}},"35":{"start":{"line":147,"column":8},"end":{"line":147,"column":null}},"36":{"start":{"line":155,"column":8},"end":{"line":168,"column":null}},"37":{"start":{"line":157,"column":12},"end":{"line":157,"column":null}},"38":{"start":{"line":158,"column":12},"end":{"line":158,"column":null}},"39":{"start":{"line":159,"column":12},"end":{"line":159,"column":null}},"40":{"start":{"line":160,"column":12},"end":{"line":160,"column":null}},"41":{"start":{"line":164,"column":12},"end":{"line":164,"column":null}},"42":{"start":{"line":165,"column":12},"end":{"line":165,"column":null}},"43":{"start":{"line":166,"column":12},"end":{"line":166,"column":null}},"44":{"start":{"line":167,"column":12},"end":{"line":167,"column":null}},"45":{"start":{"line":170,"column":8},"end":{"line":170,"column":null}},"46":{"start":{"line":178,"column":8},"end":{"line":191,"column":null}},"47":{"start":{"line":180,"column":12},"end":{"line":180,"column":null}},"48":{"start":{"line":181,"column":12},"end":{"line":181,"column":null}},"49":{"start":{"line":182,"column":12},"end":{"line":182,"column":null}},"50":{"start":{"line":183,"column":12},"end":{"line":183,"column":null}},"51":{"start":{"line":187,"column":12},"end":{"line":187,"column":null}},"52":{"start":{"line":188,"column":12},"end":{"line":188,"column":null}},"53":{"start":{"line":189,"column":12},"end":{"line":189,"column":null}},"54":{"start":{"line":190,"column":12},"end":{"line":190,"column":null}},"55":{"start":{"line":193,"column":8},"end":{"line":193,"column":null}},"56":{"start":{"line":201,"column":8},"end":{"line":218,"column":null}},"57":{"start":{"line":203,"column":12},"end":{"line":208,"column":null}},"58":{"start":{"line":212,"column":12},"end":{"line":217,"column":null}},"59":{"start":{"line":223,"column":8},"end":{"line":223,"column":null}},"60":{"start":{"line":224,"column":8},"end":{"line":224,"column":null}},"61":{"start":{"line":225,"column":8},"end":{"line":225,"column":null}},"62":{"start":{"line":226,"column":8},"end":{"line":226,"column":null}},"63":{"start":{"line":228,"column":8},"end":{"line":228,"column":null}},"64":{"start":{"line":233,"column":8},"end":{"line":236,"column":null}},"65":{"start":{"line":241,"column":20},"end":{"line":241,"column":36}},"66":{"start":{"line":243,"column":8},"end":{"line":249,"column":null}},"67":{"start":{"line":245,"column":12},"end":{"line":248,"column":null}},"68":{"start":{"line":251,"column":8},"end":{"line":251,"column":null}},"69":{"start":{"line":256,"column":8},"end":{"line":256,"column":null}},"70":{"start":{"line":257,"column":8},"end":{"line":257,"column":null}},"71":{"start":{"line":258,"column":8},"end":{"line":258,"column":null}},"72":{"start":{"line":259,"column":8},"end":{"line":259,"column":null}},"73":{"start":{"line":261,"column":8},"end":{"line":261,"column":null}},"74":{"start":{"line":267,"column":8},"end":{"line":267,"column":null}},"75":{"start":{"line":268,"column":8},"end":{"line":268,"column":null}},"76":{"start":{"line":269,"column":8},"end":{"line":269,"column":null}},"77":{"start":{"line":270,"column":8},"end":{"line":270,"column":null}},"78":{"start":{"line":272,"column":8},"end":{"line":272,"column":null}},"79":{"start":{"line":277,"column":8},"end":{"line":277,"column":null}},"80":{"start":{"line":282,"column":8},"end":{"line":285,"column":null}},"81":{"start":{"line":292,"column":8},"end":{"line":292,"column":null}},"82":{"start":{"line":297,"column":8},"end":{"line":297,"column":null}},"83":{"start":{"line":312,"column":20},"end":{"line":312,"column":78}},"84":{"start":{"line":314,"column":8},"end":{"line":327,"column":null}},"85":{"start":{"line":316,"column":12},"end":{"line":316,"column":null}},"86":{"start":{"line":317,"column":12},"end":{"line":317,"column":null}},"87":{"start":{"line":318,"column":12},"end":{"line":318,"column":null}},"88":{"start":{"line":319,"column":12},"end":{"line":319,"column":null}},"89":{"start":{"line":323,"column":12},"end":{"line":323,"column":null}},"90":{"start":{"line":324,"column":12},"end":{"line":324,"column":null}},"91":{"start":{"line":325,"column":12},"end":{"line":325,"column":null}},"92":{"start":{"line":326,"column":12},"end":{"line":326,"column":null}},"93":{"start":{"line":329,"column":8},"end":{"line":329,"column":null}},"94":{"start":{"line":340,"column":20},"end":{"line":340,"column":78}},"95":{"start":{"line":342,"column":8},"end":{"line":359,"column":null}},"96":{"start":{"line":344,"column":12},"end":{"line":349,"column":null}},"97":{"start":{"line":353,"column":12},"end":{"line":358,"column":null}},"98":{"start":{"line":366,"column":20},"end":{"line":366,"column":39}},"99":{"start":{"line":368,"column":8},"end":{"line":368,"column":null}},"100":{"start":{"line":369,"column":8},"end":{"line":369,"column":null}},"101":{"start":{"line":370,"column":8},"end":{"line":370,"column":null}},"102":{"start":{"line":371,"column":8},"end":{"line":371,"column":null}},"103":{"start":{"line":373,"column":8},"end":{"line":373,"column":null}},"104":{"start":{"line":380,"column":20},"end":{"line":380,"column":39}},"105":{"start":{"line":382,"column":8},"end":{"line":385,"column":null}},"106":{"start":{"line":392,"column":20},"end":{"line":392,"column":39}},"107":{"start":{"line":393,"column":20},"end":{"line":393,"column":34}},"108":{"start":{"line":395,"column":8},"end":{"line":401,"column":null}},"109":{"start":{"line":397,"column":12},"end":{"line":400,"column":null}},"110":{"start":{"line":403,"column":8},"end":{"line":403,"column":null}},"111":{"start":{"line":410,"column":20},"end":{"line":410,"column":39}},"112":{"start":{"line":412,"column":8},"end":{"line":415,"column":null}},"113":{"start":{"line":422,"column":20},"end":{"line":422,"column":39}},"114":{"start":{"line":424,"column":22},"end":{"line":424,"column":32}},"115":{"start":{"line":425,"column":25},"end":{"line":425,"column":40}},"116":{"start":{"line":426,"column":25},"end":{"line":426,"column":40}},"117":{"start":{"line":428,"column":8},"end":{"line":431,"column":null}},"118":{"start":{"line":438,"column":20},"end":{"line":438,"column":39}},"119":{"start":{"line":440,"column":8},"end":{"line":443,"column":null}},"120":{"start":{"line":10,"column":0},"end":{"line":10,"column":13}},"121":{"start":{"line":300,"column":20},"end":{"line":300,"column":null}}},"fnMap":{"0":{"name":"(anonymous_0)","decl":{"start":{"line":98,"column":4},"end":{"line":98,"column":16}},"loc":{"start":{"line":98,"column":128},"end":{"line":124,"column":5}}},"1":{"name":"(anonymous_1)","decl":{"start":{"line":13,"column":4},"end":{"line":13,"column":8}},"loc":{"start":{"line":13,"column":11},"end":{"line":16,"column":5}}},"2":{"name":"(anonymous_2)","decl":{"start":{"line":18,"column":4},"end":{"line":18,"column":8}},"loc":{"start":{"line":18,"column":23},"end":{"line":21,"column":5}}},"3":{"name":"(anonymous_3)","decl":{"start":{"line":23,"column":4},"end":{"line":23,"column":8}},"loc":{"start":{"line":23,"column":11},"end":{"line":26,"column":5}}},"4":{"name":"(anonymous_4)","decl":{"start":{"line":28,"column":4},"end":{"line":28,"column":8}},"loc":{"start":{"line":28,"column":23},"end":{"line":31,"column":5}}},"5":{"name":"(anonymous_5)","decl":{"start":{"line":33,"column":4},"end":{"line":33,"column":8}},"loc":{"start":{"line":33,"column":11},"end":{"line":36,"column":5}}},"6":{"name":"(anonymous_6)","decl":{"start":{"line":38,"column":4},"end":{"line":38,"column":8}},"loc":{"start":{"line":38,"column":23},"end":{"line":41,"column":5}}},"7":{"name":"(anonymous_7)","decl":{"start":{"line":43,"column":4},"end":{"line":43,"column":8}},"loc":{"start":{"line":43,"column":11},"end":{"line":46,"column":5}}},"8":{"name":"(anonymous_8)","decl":{"start":{"line":48,"column":4},"end":{"line":48,"column":8}},"loc":{"start":{"line":48,"column":23},"end":{"line":51,"column":5}}},"9":{"name":"(anonymous_9)","decl":{"start":{"line":53,"column":4},"end":{"line":53,"column":8}},"loc":{"start":{"line":53,"column":19},"end":{"line":56,"column":5}}},"10":{"name":"(anonymous_10)","decl":{"start":{"line":58,"column":4},"end":{"line":58,"column":8}},"loc":{"start":{"line":58,"column":15},"end":{"line":61,"column":5}}},"11":{"name":"(anonymous_11)","decl":{"start":{"line":63,"column":4},"end":{"line":63,"column":8}},"loc":{"start":{"line":63,"column":15},"end":{"line":66,"column":5}}},"12":{"name":"(anonymous_12)","decl":{"start":{"line":68,"column":4},"end":{"line":68,"column":8}},"loc":{"start":{"line":68,"column":12},"end":{"line":71,"column":5}}},"13":{"name":"(anonymous_13)","decl":{"start":{"line":73,"column":4},"end":{"line":73,"column":8}},"loc":{"start":{"line":73,"column":12},"end":{"line":76,"column":5}}},"14":{"name":"(anonymous_14)","decl":{"start":{"line":78,"column":4},"end":{"line":78,"column":8}},"loc":{"start":{"line":78,"column":16},"end":{"line":81,"column":5}}},"15":{"name":"(anonymous_15)","decl":{"start":{"line":83,"column":4},"end":{"line":83,"column":8}},"loc":{"start":{"line":83,"column":13},"end":{"line":86,"column":5}}},"16":{"name":"(anonymous_16)","decl":{"start":{"line":130,"column":4},"end":{"line":130,"column":7}},"loc":{"start":{"line":130,"column":82},"end":{"line":148,"column":5}}},"17":{"name":"(anonymous_17)","decl":{"start":{"line":153,"column":4},"end":{"line":153,"column":7}},"loc":{"start":{"line":153,"column":82},"end":{"line":171,"column":5}}},"18":{"name":"(anonymous_18)","decl":{"start":{"line":176,"column":4},"end":{"line":176,"column":12}},"loc":{"start":{"line":176,"column":87},"end":{"line":194,"column":5}}},"19":{"name":"(anonymous_19)","decl":{"start":{"line":199,"column":4},"end":{"line":199,"column":12}},"loc":{"start":{"line":199,"column":87},"end":{"line":219,"column":5}}},"20":{"name":"(anonymous_20)","decl":{"start":{"line":221,"column":4},"end":{"line":221,"column":9}},"loc":{"start":{"line":221,"column":24},"end":{"line":229,"column":5}}},"21":{"name":"(anonymous_21)","decl":{"start":{"line":231,"column":4},"end":{"line":231,"column":13}},"loc":{"start":{"line":231,"column":13},"end":{"line":237,"column":5}}},"22":{"name":"(anonymous_22)","decl":{"start":{"line":239,"column":4},"end":{"line":239,"column":11}},"loc":{"start":{"line":239,"column":11},"end":{"line":252,"column":5}}},"23":{"name":"(anonymous_23)","decl":{"start":{"line":254,"column":4},"end":{"line":254,"column":8}},"loc":{"start":{"line":254,"column":8},"end":{"line":263,"column":5}}},"24":{"name":"(anonymous_24)","decl":{"start":{"line":265,"column":4},"end":{"line":265,"column":12}},"loc":{"start":{"line":265,"column":12},"end":{"line":273,"column":5}}},"25":{"name":"(anonymous_25)","decl":{"start":{"line":275,"column":4},"end":{"line":275,"column":9}},"loc":{"start":{"line":275,"column":9},"end":{"line":278,"column":5}}},"26":{"name":"(anonymous_26)","decl":{"start":{"line":280,"column":4},"end":{"line":280,"column":10}},"loc":{"start":{"line":280,"column":25},"end":{"line":286,"column":5}}},"27":{"name":"(anonymous_27)","decl":{"start":{"line":290,"column":4},"end":{"line":290,"column":10}},"loc":{"start":{"line":290,"column":19},"end":{"line":293,"column":5}}},"28":{"name":"(anonymous_28)","decl":{"start":{"line":295,"column":4},"end":{"line":295,"column":10}},"loc":{"start":{"line":295,"column":23},"end":{"line":298,"column":5}}},"29":{"name":"(anonymous_29)","decl":{"start":{"line":310,"column":4},"end":{"line":310,"column":10}},"loc":{"start":{"line":310,"column":190},"end":{"line":330,"column":5}}},"30":{"name":"(anonymous_30)","decl":{"start":{"line":338,"column":4},"end":{"line":338,"column":10}},"loc":{"start":{"line":338,"column":195},"end":{"line":360,"column":5}}},"31":{"name":"(anonymous_31)","decl":{"start":{"line":364,"column":4},"end":{"line":364,"column":10}},"loc":{"start":{"line":364,"column":54},"end":{"line":374,"column":5}}},"32":{"name":"(anonymous_32)","decl":{"start":{"line":378,"column":4},"end":{"line":378,"column":10}},"loc":{"start":{"line":378,"column":46},"end":{"line":386,"column":5}}},"33":{"name":"(anonymous_33)","decl":{"start":{"line":390,"column":4},"end":{"line":390,"column":10}},"loc":{"start":{"line":390,"column":44},"end":{"line":404,"column":5}}},"34":{"name":"(anonymous_34)","decl":{"start":{"line":408,"column":4},"end":{"line":408,"column":10}},"loc":{"start":{"line":408,"column":64},"end":{"line":416,"column":5}}},"35":{"name":"(anonymous_35)","decl":{"start":{"line":420,"column":4},"end":{"line":420,"column":10}},"loc":{"start":{"line":420,"column":50},"end":{"line":432,"column":5}}},"36":{"name":"(anonymous_36)","decl":{"start":{"line":436,"column":4},"end":{"line":436,"column":10}},"loc":{"start":{"line":436,"column":47},"end":{"line":444,"column":5}}}},"branchMap":{"0":{"loc":{"start":{"line":98,"column":16},"end":{"line":98,"column":89}},"type":"default-arg","locations":[{"start":{"line":98,"column":88},"end":{"line":98,"column":89}}]},"1":{"loc":{"start":{"line":100,"column":8},"end":{"line":123,"column":null}},"type":"if","locations":[{"start":{"line":100,"column":8},"end":{"line":123,"column":null}},{"start":{"line":104,"column":13},"end":{"line":123,"column":null}}]},"2":{"loc":{"start":{"line":102,"column":22},"end":{"line":102,"column":29}},"type":"cond-expr","locations":[{"start":{"line":102,"column":22},"end":{"line":102,"column":24}},{"start":{"line":102,"column":28},"end":{"line":102,"column":29}}]},"3":{"loc":{"start":{"line":102,"column":22},"end":{"line":102,"column":28}},"type":"binary-expr","locations":[{"start":{"line":102,"column":22},"end":{"line":102,"column":28}},{"start":{"line":102,"column":22},"end":{"line":102,"column":28}}]},"4":{"loc":{"start":{"line":104,"column":13},"end":{"line":123,"column":null}},"type":"if","locations":[{"start":{"line":104,"column":13},"end":{"line":123,"column":null}},{"start":{"line":112,"column":13},"end":{"line":123,"column":null}}]},"5":{"loc":{"start":{"line":104,"column":17},"end":{"line":104,"column":88}},"type":"binary-expr","locations":[{"start":{"line":104,"column":17},"end":{"line":104,"column":38}},{"start":{"line":104,"column":42},"end":{"line":104,"column":63}},{"start":{"line":104,"column":67},"end":{"line":104,"column":88}}]},"6":{"loc":{"start":{"line":112,"column":13},"end":{"line":123,"column":null}},"type":"if","locations":[{"start":{"line":112,"column":13},"end":{"line":123,"column":null}},{"start":{"line":121,"column":8},"end":{"line":123,"column":null}}]},"7":{"loc":{"start":{"line":116,"column":25},"end":{"line":116,"column":32}},"type":"cond-expr","locations":[{"start":{"line":116,"column":25},"end":{"line":116,"column":27}},{"start":{"line":116,"column":31},"end":{"line":116,"column":32}}]},"8":{"loc":{"start":{"line":116,"column":25},"end":{"line":116,"column":31}},"type":"binary-expr","locations":[{"start":{"line":116,"column":25},"end":{"line":116,"column":31}},{"start":{"line":116,"column":25},"end":{"line":116,"column":31}}]},"9":{"loc":{"start":{"line":117,"column":16},"end":{"line":117,"column":23}},"type":"cond-expr","locations":[{"start":{"line":117,"column":16},"end":{"line":117,"column":18}},{"start":{"line":117,"column":22},"end":{"line":117,"column":23}}]},"10":{"loc":{"start":{"line":117,"column":16},"end":{"line":117,"column":22}},"type":"binary-expr","locations":[{"start":{"line":117,"column":16},"end":{"line":117,"column":22}},{"start":{"line":117,"column":16},"end":{"line":117,"column":22}}]},"11":{"loc":{"start":{"line":117,"column":25},"end":{"line":117,"column":33}},"type":"cond-expr","locations":[{"start":{"line":117,"column":25},"end":{"line":117,"column":27}},{"start":{"line":117,"column":31},"end":{"line":117,"column":33}}]},"12":{"loc":{"start":{"line":117,"column":25},"end":{"line":117,"column":31}},"type":"binary-expr","locations":[{"start":{"line":117,"column":25},"end":{"line":117,"column":31}},{"start":{"line":117,"column":25},"end":{"line":117,"column":31}}]},"13":{"loc":{"start":{"line":132,"column":8},"end":{"line":145,"column":null}},"type":"if","locations":[{"start":{"line":132,"column":8},"end":{"line":145,"column":null}},{"start":{"line":140,"column":8},"end":{"line":145,"column":null}}]},"14":{"loc":{"start":{"line":155,"column":8},"end":{"line":168,"column":null}},"type":"if","locations":[{"start":{"line":155,"column":8},"end":{"line":168,"column":null}},{"start":{"line":163,"column":8},"end":{"line":168,"column":null}}]},"15":{"loc":{"start":{"line":178,"column":8},"end":{"line":191,"column":null}},"type":"if","locations":[{"start":{"line":178,"column":8},"end":{"line":191,"column":null}},{"start":{"line":186,"column":8},"end":{"line":191,"column":null}}]},"16":{"loc":{"start":{"line":201,"column":8},"end":{"line":218,"column":null}},"type":"if","locations":[{"start":{"line":201,"column":8},"end":{"line":218,"column":null}},{"start":{"line":211,"column":8},"end":{"line":218,"column":null}}]},"17":{"loc":{"start":{"line":243,"column":8},"end":{"line":249,"column":null}},"type":"if","locations":[{"start":{"line":243,"column":8},"end":{"line":249,"column":null}}]},"18":{"loc":{"start":{"line":282,"column":15},"end":{"line":285,"column":32}},"type":"binary-expr","locations":[{"start":{"line":282,"column":15},"end":{"line":282,"column":35}},{"start":{"line":283,"column":12},"end":{"line":283,"column":32}},{"start":{"line":284,"column":12},"end":{"line":284,"column":32}},{"start":{"line":285,"column":12},"end":{"line":285,"column":32}}]},"19":{"loc":{"start":{"line":312,"column":20},"end":{"line":312,"column":78}},"type":"cond-expr","locations":[{"start":{"line":312,"column":50},"end":{"line":312,"column":63}},{"start":{"line":312,"column":65},"end":{"line":312,"column":78}}]},"20":{"loc":{"start":{"line":312,"column":20},"end":{"line":312,"column":47}},"type":"cond-expr","locations":[{"start":{"line":312,"column":20},"end":{"line":312,"column":22}},{"start":{"line":312,"column":26},"end":{"line":312,"column":47}}]},"21":{"loc":{"start":{"line":312,"column":20},"end":{"line":312,"column":26}},"type":"binary-expr","locations":[{"start":{"line":312,"column":20},"end":{"line":312,"column":26}},{"start":{"line":312,"column":20},"end":{"line":312,"column":26}}]},"22":{"loc":{"start":{"line":314,"column":8},"end":{"line":327,"column":null}},"type":"if","locations":[{"start":{"line":314,"column":8},"end":{"line":327,"column":null}},{"start":{"line":322,"column":8},"end":{"line":327,"column":null}}]},"23":{"loc":{"start":{"line":314,"column":12},"end":{"line":314,"column":60}},"type":"binary-expr","locations":[{"start":{"line":314,"column":12},"end":{"line":314,"column":34}},{"start":{"line":314,"column":38},"end":{"line":314,"column":60}}]},"24":{"loc":{"start":{"line":340,"column":20},"end":{"line":340,"column":78}},"type":"cond-expr","locations":[{"start":{"line":340,"column":50},"end":{"line":340,"column":63}},{"start":{"line":340,"column":65},"end":{"line":340,"column":78}}]},"25":{"loc":{"start":{"line":340,"column":20},"end":{"line":340,"column":47}},"type":"cond-expr","locations":[{"start":{"line":340,"column":20},"end":{"line":340,"column":22}},{"start":{"line":340,"column":26},"end":{"line":340,"column":47}}]},"26":{"loc":{"start":{"line":340,"column":20},"end":{"line":340,"column":26}},"type":"binary-expr","locations":[{"start":{"line":340,"column":20},"end":{"line":340,"column":26}},{"start":{"line":340,"column":20},"end":{"line":340,"column":26}}]},"27":{"loc":{"start":{"line":342,"column":8},"end":{"line":359,"column":null}},"type":"if","locations":[{"start":{"line":342,"column":8},"end":{"line":359,"column":null}},{"start":{"line":352,"column":8},"end":{"line":359,"column":null}}]},"28":{"loc":{"start":{"line":342,"column":12},"end":{"line":342,"column":60}},"type":"binary-expr","locations":[{"start":{"line":342,"column":12},"end":{"line":342,"column":34}},{"start":{"line":342,"column":38},"end":{"line":342,"column":60}}]},"29":{"loc":{"start":{"line":366,"column":20},"end":{"line":366,"column":39}},"type":"cond-expr","locations":[{"start":{"line":366,"column":20},"end":{"line":366,"column":22}},{"start":{"line":366,"column":26},"end":{"line":366,"column":39}}]},"30":{"loc":{"start":{"line":366,"column":20},"end":{"line":366,"column":26}},"type":"binary-expr","locations":[{"start":{"line":366,"column":20},"end":{"line":366,"column":26}},{"start":{"line":366,"column":20},"end":{"line":366,"column":26}}]},"31":{"loc":{"start":{"line":380,"column":20},"end":{"line":380,"column":39}},"type":"cond-expr","locations":[{"start":{"line":380,"column":20},"end":{"line":380,"column":22}},{"start":{"line":380,"column":26},"end":{"line":380,"column":39}}]},"32":{"loc":{"start":{"line":380,"column":20},"end":{"line":380,"column":26}},"type":"binary-expr","locations":[{"start":{"line":380,"column":20},"end":{"line":380,"column":26}},{"start":{"line":380,"column":20},"end":{"line":380,"column":26}}]},"33":{"loc":{"start":{"line":392,"column":20},"end":{"line":392,"column":39}},"type":"cond-expr","locations":[{"start":{"line":392,"column":20},"end":{"line":392,"column":22}},{"start":{"line":392,"column":26},"end":{"line":392,"column":39}}]},"34":{"loc":{"start":{"line":392,"column":20},"end":{"line":392,"column":26}},"type":"binary-expr","locations":[{"start":{"line":392,"column":20},"end":{"line":392,"column":26}},{"start":{"line":392,"column":20},"end":{"line":392,"column":26}}]},"35":{"loc":{"start":{"line":395,"column":8},"end":{"line":401,"column":null}},"type":"if","locations":[{"start":{"line":395,"column":8},"end":{"line":401,"column":null}}]},"36":{"loc":{"start":{"line":410,"column":20},"end":{"line":410,"column":39}},"type":"cond-expr","locations":[{"start":{"line":410,"column":20},"end":{"line":410,"column":22}},{"start":{"line":410,"column":26},"end":{"line":410,"column":39}}]},"37":{"loc":{"start":{"line":410,"column":20},"end":{"line":410,"column":26}},"type":"binary-expr","locations":[{"start":{"line":410,"column":20},"end":{"line":410,"column":26}},{"start":{"line":410,"column":20},"end":{"line":410,"column":26}}]},"38":{"loc":{"start":{"line":422,"column":20},"end":{"line":422,"column":39}},"type":"cond-expr","locations":[{"start":{"line":422,"column":20},"end":{"line":422,"column":22}},{"start":{"line":422,"column":26},"end":{"line":422,"column":39}}]},"39":{"loc":{"start":{"line":422,"column":20},"end":{"line":422,"column":26}},"type":"binary-expr","locations":[{"start":{"line":422,"column":20},"end":{"line":422,"column":26}},{"start":{"line":422,"column":20},"end":{"line":422,"column":26}}]},"40":{"loc":{"start":{"line":438,"column":20},"end":{"line":438,"column":39}},"type":"cond-expr","locations":[{"start":{"line":438,"column":20},"end":{"line":438,"column":22}},{"start":{"line":438,"column":26},"end":{"line":438,"column":39}}]},"41":{"loc":{"start":{"line":438,"column":20},"end":{"line":438,"column":26}},"type":"binary-expr","locations":[{"start":{"line":438,"column":20},"end":{"line":438,"column":26}},{"start":{"line":438,"column":20},"end":{"line":438,"column":26}}]}},"s":{"0":1,"1":1,"2":1,"3":1,"4":54,"5":2,"6":52,"7":2,"8":50,"9":49,"10":1,"11":7,"12":1,"13":7,"14":1,"15":7,"16":1,"17":7,"18":1,"19":3,"20":1,"21":1,"22":1,"23":1,"24":1,"25":1,"26":8,"27":6,"28":6,"29":6,"30":6,"31":2,"32":2,"33":2,"34":2,"35":8,"36":3,"37":1,"38":1,"39":1,"40":1,"41":2,"42":2,"43":2,"44":2,"45":3,"46":3,"47":1,"48":1,"49":1,"50":1,"51":2,"52":2,"53":2,"54":2,"55":3,"56":3,"57":1,"58":2,"59":1,"60":1,"61":1,"62":1,"63":1,"64":1,"65":2,"66":2,"67":1,"68":2,"69":1,"70":1,"71":1,"72":1,"73":1,"74":1,"75":1,"76":1,"77":1,"78":1,"79":1,"80":2,"81":1,"82":1,"83":0,"84":0,"85":0,"86":0,"87":0,"88":0,"89":0,"90":0,"91":0,"92":0,"93":0,"94":0,"95":0,"96":0,"97":0,"98":0,"99":0,"100":0,"101":0,"102":0,"103":0,"104":0,"105":0,"106":0,"107":0,"108":0,"109":0,"110":0,"111":0,"112":0,"113":0,"114":0,"115":0,"116":0,"117":0,"118":0,"119":0,"120":1,"121":1},"f":{"0":54,"1":7,"2":1,"3":7,"4":1,"5":7,"6":1,"7":7,"8":1,"9":3,"10":1,"11":1,"12":1,"13":1,"14":1,"15":1,"16":8,"17":3,"18":3,"19":3,"20":1,"21":1,"22":2,"23":1,"24":1,"25":1,"26":2,"27":1,"28":1,"29":0,"30":0,"31":0,"32":0,"33":0,"34":0,"35":0,"36":0},"b":{"0":[2],"1":[2,52],"2":[1,1],"3":[2,2],"4":[2,50],"5":[52,52,52],"6":[49,1],"7":[44,5],"8":[49,49],"9":[44,5],"10":[49,49],"11":[44,5],"12":[49,49],"13":[6,2],"14":[1,2],"15":[1,2],"16":[1,2],"17":[1],"18":[2,2,2,2],"19":[0,0],"20":[0,0],"21":[0,0],"22":[0,0],"23":[0,0],"24":[0,0],"25":[0,0],"26":[0,0],"27":[0,0],"28":[0,0],"29":[0,0],"30":[0,0],"31":[0,0],"32":[0,0],"33":[0,0],"34":[0,0],"35":[0],"36":[0,0],"37":[0,0],"38":[0,0],"39":[0,0],"40":[0,0],"41":[0,0]}}
,"D:\\Projects\\Personal\\@fwge\\packages\\common\\src\\matrix\\Matrix3.ts": {"path":"D:\\Projects\\Personal\\@fwge\\packages\\common\\src\\matrix\\Matrix3.ts","statementMap":{"0":{"start":{"line":2,"column":0},"end":{"line":2,"column":33}},"1":{"start":{"line":4,"column":0},"end":{"line":4,"column":35}},"2":{"start":{"line":5,"column":0},"end":{"line":5,"column":35}},"3":{"start":{"line":6,"column":0},"end":{"line":6,"column":35}},"4":{"start":{"line":164,"column":8},"end":{"line":198,"column":null}},"5":{"start":{"line":166,"column":12},"end":{"line":166,"column":null}},"6":{"start":{"line":168,"column":13},"end":{"line":198,"column":null}},"7":{"start":{"line":170,"column":12},"end":{"line":175,"column":null}},"8":{"start":{"line":177,"column":13},"end":{"line":198,"column":null}},"9":{"start":{"line":179,"column":12},"end":{"line":184,"column":null}},"10":{"start":{"line":186,"column":13},"end":{"line":198,"column":null}},"11":{"start":{"line":188,"column":12},"end":{"line":193,"column":null}},"12":{"start":{"line":197,"column":12},"end":{"line":197,"column":null}},"13":{"start":{"line":15,"column":8},"end":{"line":15,"column":null}},"14":{"start":{"line":20,"column":8},"end":{"line":20,"column":null}},"15":{"start":{"line":25,"column":8},"end":{"line":25,"column":null}},"16":{"start":{"line":30,"column":8},"end":{"line":30,"column":null}},"17":{"start":{"line":35,"column":8},"end":{"line":35,"column":null}},"18":{"start":{"line":40,"column":8},"end":{"line":40,"column":null}},"19":{"start":{"line":45,"column":8},"end":{"line":45,"column":null}},"20":{"start":{"line":50,"column":8},"end":{"line":50,"column":null}},"21":{"start":{"line":55,"column":8},"end":{"line":55,"column":null}},"22":{"start":{"line":60,"column":8},"end":{"line":60,"column":null}},"23":{"start":{"line":65,"column":8},"end":{"line":65,"column":null}},"24":{"start":{"line":70,"column":8},"end":{"line":70,"column":null}},"25":{"start":{"line":75,"column":8},"end":{"line":75,"column":null}},"26":{"start":{"line":80,"column":8},"end":{"line":80,"column":null}},"27":{"start":{"line":85,"column":8},"end":{"line":85,"column":null}},"28":{"start":{"line":90,"column":8},"end":{"line":90,"column":null}},"29":{"start":{"line":95,"column":8},"end":{"line":95,"column":null}},"30":{"start":{"line":100,"column":8},"end":{"line":100,"column":null}},"31":{"start":{"line":105,"column":8},"end":{"line":109,"column":null}},"32":{"start":{"line":114,"column":8},"end":{"line":114,"column":null}},"33":{"start":{"line":119,"column":8},"end":{"line":119,"column":null}},"34":{"start":{"line":124,"column":8},"end":{"line":124,"column":null}},"35":{"start":{"line":129,"column":8},"end":{"line":129,"column":null}},"36":{"start":{"line":134,"column":8},"end":{"line":134,"column":null}},"37":{"start":{"line":139,"column":8},"end":{"line":139,"column":null}},"38":{"start":{"line":144,"column":8},"end":{"line":144,"column":null}},"39":{"start":{"line":149,"column":8},"end":{"line":149,"column":null}},"40":{"start":{"line":207,"column":8},"end":{"line":230,"column":null}},"41":{"start":{"line":209,"column":12},"end":{"line":209,"column":null}},"42":{"start":{"line":210,"column":12},"end":{"line":210,"column":null}},"43":{"start":{"line":211,"column":12},"end":{"line":211,"column":null}},"44":{"start":{"line":212,"column":12},"end":{"line":212,"column":null}},"45":{"start":{"line":213,"column":12},"end":{"line":213,"column":null}},"46":{"start":{"line":214,"column":12},"end":{"line":214,"column":null}},"47":{"start":{"line":215,"column":12},"end":{"line":215,"column":null}},"48":{"start":{"line":216,"column":12},"end":{"line":216,"column":null}},"49":{"start":{"line":217,"column":12},"end":{"line":217,"column":null}},"50":{"start":{"line":221,"column":12},"end":{"line":221,"column":null}},"51":{"start":{"line":222,"column":12},"end":{"line":222,"column":null}},"52":{"start":{"line":223,"column":12},"end":{"line":223,"column":null}},"53":{"start":{"line":224,"column":12},"end":{"line":224,"column":null}},"54":{"start":{"line":225,"column":12},"end":{"line":225,"column":null}},"55":{"start":{"line":226,"column":12},"end":{"line":226,"column":null}},"56":{"start":{"line":227,"column":12},"end":{"line":227,"column":null}},"57":{"start":{"line":228,"column":12},"end":{"line":228,"column":null}},"58":{"start":{"line":229,"column":12},"end":{"line":229,"column":null}},"59":{"start":{"line":232,"column":8},"end":{"line":232,"column":null}},"60":{"start":{"line":240,"column":8},"end":{"line":263,"column":null}},"61":{"start":{"line":242,"column":12},"end":{"line":242,"column":null}},"62":{"start":{"line":243,"column":12},"end":{"line":243,"column":null}},"63":{"start":{"line":244,"column":12},"end":{"line":244,"column":null}},"64":{"start":{"line":245,"column":12},"end":{"line":245,"column":null}},"65":{"start":{"line":246,"column":12},"end":{"line":246,"column":null}},"66":{"start":{"line":247,"column":12},"end":{"line":247,"column":null}},"67":{"start":{"line":248,"column":12},"end":{"line":248,"column":null}},"68":{"start":{"line":249,"column":12},"end":{"line":249,"column":null}},"69":{"start":{"line":250,"column":12},"end":{"line":250,"column":null}},"70":{"start":{"line":254,"column":12},"end":{"line":254,"column":null}},"71":{"start":{"line":255,"column":12},"end":{"line":255,"column":null}},"72":{"start":{"line":256,"column":12},"end":{"line":256,"column":null}},"73":{"start":{"line":257,"column":12},"end":{"line":257,"column":null}},"74":{"start":{"line":258,"column":12},"end":{"line":258,"column":null}},"75":{"start":{"line":259,"column":12},"end":{"line":259,"column":null}},"76":{"start":{"line":260,"column":12},"end":{"line":260,"column":null}},"77":{"start":{"line":261,"column":12},"end":{"line":261,"column":null}},"78":{"start":{"line":262,"column":12},"end":{"line":262,"column":null}},"79":{"start":{"line":265,"column":8},"end":{"line":265,"column":null}},"80":{"start":{"line":273,"column":8},"end":{"line":296,"column":null}},"81":{"start":{"line":275,"column":12},"end":{"line":275,"column":null}},"82":{"start":{"line":276,"column":12},"end":{"line":276,"column":null}},"83":{"start":{"line":277,"column":12},"end":{"line":277,"column":null}},"84":{"start":{"line":278,"column":12},"end":{"line":278,"column":null}},"85":{"start":{"line":279,"column":12},"end":{"line":279,"column":null}},"86":{"start":{"line":280,"column":12},"end":{"line":280,"column":null}},"87":{"start":{"line":281,"column":12},"end":{"line":281,"column":null}},"88":{"start":{"line":282,"column":12},"end":{"line":282,"column":null}},"89":{"start":{"line":283,"column":12},"end":{"line":283,"column":null}},"90":{"start":{"line":287,"column":12},"end":{"line":287,"column":null}},"91":{"start":{"line":288,"column":12},"end":{"line":288,"column":null}},"92":{"start":{"line":289,"column":12},"end":{"line":289,"column":null}},"93":{"start":{"line":290,"column":12},"end":{"line":290,"column":null}},"94":{"start":{"line":291,"column":12},"end":{"line":291,"column":null}},"95":{"start":{"line":292,"column":12},"end":{"line":292,"column":null}},"96":{"start":{"line":293,"column":12},"end":{"line":293,"column":null}},"97":{"start":{"line":294,"column":12},"end":{"line":294,"column":null}},"98":{"start":{"line":295,"column":12},"end":{"line":295,"column":null}},"99":{"start":{"line":298,"column":8},"end":{"line":298,"column":null}},"100":{"start":{"line":306,"column":8},"end":{"line":337,"column":null}},"101":{"start":{"line":308,"column":12},"end":{"line":320,"column":null}},"102":{"start":{"line":324,"column":12},"end":{"line":336,"column":null}},"103":{"start":{"line":342,"column":8},"end":{"line":342,"column":null}},"104":{"start":{"line":343,"column":8},"end":{"line":343,"column":null}},"105":{"start":{"line":344,"column":8},"end":{"line":344,"column":null}},"106":{"start":{"line":345,"column":8},"end":{"line":345,"column":null}},"107":{"start":{"line":346,"column":8},"end":{"line":346,"column":null}},"108":{"start":{"line":347,"column":8},"end":{"line":347,"column":null}},"109":{"start":{"line":348,"column":8},"end":{"line":348,"column":null}},"110":{"start":{"line":349,"column":8},"end":{"line":349,"column":null}},"111":{"start":{"line":350,"column":8},"end":{"line":350,"column":null}},"112":{"start":{"line":352,"column":8},"end":{"line":352,"column":null}},"113":{"start":{"line":357,"column":8},"end":{"line":361,"column":null}},"114":{"start":{"line":366,"column":20},"end":{"line":366,"column":36}},"115":{"start":{"line":368,"column":8},"end":{"line":383,"column":null}},"116":{"start":{"line":370,"column":12},"end":{"line":382,"column":null}},"117":{"start":{"line":385,"column":8},"end":{"line":385,"column":null}},"118":{"start":{"line":390,"column":8},"end":{"line":390,"column":null}},"119":{"start":{"line":391,"column":8},"end":{"line":391,"column":null}},"120":{"start":{"line":392,"column":8},"end":{"line":392,"column":null}},"121":{"start":{"line":393,"column":8},"end":{"line":393,"column":null}},"122":{"start":{"line":394,"column":8},"end":{"line":394,"column":null}},"123":{"start":{"line":395,"column":8},"end":{"line":395,"column":null}},"124":{"start":{"line":396,"column":8},"end":{"line":396,"column":null}},"125":{"start":{"line":397,"column":8},"end":{"line":397,"column":null}},"126":{"start":{"line":398,"column":8},"end":{"line":398,"column":null}},"127":{"start":{"line":400,"column":8},"end":{"line":400,"column":null}},"128":{"start":{"line":405,"column":8},"end":{"line":405,"column":null}},"129":{"start":{"line":406,"column":8},"end":{"line":406,"column":null}},"130":{"start":{"line":407,"column":8},"end":{"line":407,"column":null}},"131":{"start":{"line":408,"column":8},"end":{"line":408,"column":null}},"132":{"start":{"line":409,"column":8},"end":{"line":409,"column":null}},"133":{"start":{"line":410,"column":8},"end":{"line":410,"column":null}},"134":{"start":{"line":411,"column":8},"end":{"line":411,"column":null}},"135":{"start":{"line":412,"column":8},"end":{"line":412,"column":null}},"136":{"start":{"line":413,"column":8},"end":{"line":413,"column":null}},"137":{"start":{"line":415,"column":8},"end":{"line":415,"column":null}},"138":{"start":{"line":420,"column":8},"end":{"line":420,"column":null}},"139":{"start":{"line":425,"column":8},"end":{"line":433,"column":null}},"140":{"start":{"line":440,"column":8},"end":{"line":440,"column":null}},"141":{"start":{"line":445,"column":8},"end":{"line":445,"column":null}},"142":{"start":{"line":480,"column":20},"end":{"line":480,"column":79}},"143":{"start":{"line":482,"column":8},"end":{"line":505,"column":null}},"144":{"start":{"line":484,"column":12},"end":{"line":484,"column":null}},"145":{"start":{"line":485,"column":12},"end":{"line":485,"column":null}},"146":{"start":{"line":486,"column":12},"end":{"line":486,"column":null}},"147":{"start":{"line":487,"column":12},"end":{"line":487,"column":null}},"148":{"start":{"line":488,"column":12},"end":{"line":488,"column":null}},"149":{"start":{"line":489,"column":12},"end":{"line":489,"column":null}},"150":{"start":{"line":490,"column":12},"end":{"line":490,"column":null}},"151":{"start":{"line":491,"column":12},"end":{"line":491,"column":null}},"152":{"start":{"line":492,"column":12},"end":{"line":492,"column":null}},"153":{"start":{"line":496,"column":12},"end":{"line":496,"column":null}},"154":{"start":{"line":497,"column":12},"end":{"line":497,"column":null}},"155":{"start":{"line":498,"column":12},"end":{"line":498,"column":null}},"156":{"start":{"line":499,"column":12},"end":{"line":499,"column":null}},"157":{"start":{"line":500,"column":12},"end":{"line":500,"column":null}},"158":{"start":{"line":501,"column":12},"end":{"line":501,"column":null}},"159":{"start":{"line":502,"column":12},"end":{"line":502,"column":null}},"160":{"start":{"line":503,"column":12},"end":{"line":503,"column":null}},"161":{"start":{"line":504,"column":12},"end":{"line":504,"column":null}},"162":{"start":{"line":507,"column":8},"end":{"line":507,"column":null}},"163":{"start":{"line":524,"column":20},"end":{"line":524,"column":79}},"164":{"start":{"line":526,"column":8},"end":{"line":549,"column":null}},"165":{"start":{"line":528,"column":12},"end":{"line":528,"column":null}},"166":{"start":{"line":529,"column":12},"end":{"line":529,"column":null}},"167":{"start":{"line":530,"column":12},"end":{"line":530,"column":null}},"168":{"start":{"line":531,"column":12},"end":{"line":531,"column":null}},"169":{"start":{"line":532,"column":12},"end":{"line":532,"column":null}},"170":{"start":{"line":533,"column":12},"end":{"line":533,"column":null}},"171":{"start":{"line":534,"column":12},"end":{"line":534,"column":null}},"172":{"start":{"line":535,"column":12},"end":{"line":535,"column":null}},"173":{"start":{"line":536,"column":12},"end":{"line":536,"column":null}},"174":{"start":{"line":540,"column":12},"end":{"line":540,"column":null}},"175":{"start":{"line":541,"column":12},"end":{"line":541,"column":null}},"176":{"start":{"line":542,"column":12},"end":{"line":542,"column":null}},"177":{"start":{"line":543,"column":12},"end":{"line":543,"column":null}},"178":{"start":{"line":544,"column":12},"end":{"line":544,"column":null}},"179":{"start":{"line":545,"column":12},"end":{"line":545,"column":null}},"180":{"start":{"line":546,"column":12},"end":{"line":546,"column":null}},"181":{"start":{"line":547,"column":12},"end":{"line":547,"column":null}},"182":{"start":{"line":548,"column":12},"end":{"line":548,"column":null}},"183":{"start":{"line":551,"column":8},"end":{"line":551,"column":null}},"184":{"start":{"line":568,"column":20},"end":{"line":568,"column":78}},"185":{"start":{"line":570,"column":8},"end":{"line":601,"column":null}},"186":{"start":{"line":572,"column":12},"end":{"line":584,"column":null}},"187":{"start":{"line":588,"column":12},"end":{"line":600,"column":null}},"188":{"start":{"line":608,"column":20},"end":{"line":608,"column":39}},"189":{"start":{"line":610,"column":8},"end":{"line":610,"column":null}},"190":{"start":{"line":611,"column":8},"end":{"line":611,"column":null}},"191":{"start":{"line":612,"column":8},"end":{"line":612,"column":null}},"192":{"start":{"line":613,"column":8},"end":{"line":613,"column":null}},"193":{"start":{"line":614,"column":8},"end":{"line":614,"column":null}},"194":{"start":{"line":615,"column":8},"end":{"line":615,"column":null}},"195":{"start":{"line":616,"column":8},"end":{"line":616,"column":null}},"196":{"start":{"line":617,"column":8},"end":{"line":617,"column":null}},"197":{"start":{"line":618,"column":8},"end":{"line":618,"column":null}},"198":{"start":{"line":620,"column":8},"end":{"line":620,"column":null}},"199":{"start":{"line":627,"column":20},"end":{"line":627,"column":39}},"200":{"start":{"line":629,"column":8},"end":{"line":633,"column":null}},"201":{"start":{"line":640,"column":20},"end":{"line":640,"column":39}},"202":{"start":{"line":641,"column":20},"end":{"line":641,"column":34}},"203":{"start":{"line":643,"column":8},"end":{"line":658,"column":null}},"204":{"start":{"line":645,"column":12},"end":{"line":657,"column":null}},"205":{"start":{"line":660,"column":8},"end":{"line":660,"column":null}},"206":{"start":{"line":673,"column":20},"end":{"line":673,"column":97}},"207":{"start":{"line":674,"column":20},"end":{"line":676,"column":16}},"208":{"start":{"line":678,"column":8},"end":{"line":682,"column":null}},"209":{"start":{"line":695,"column":20},"end":{"line":695,"column":79}},"210":{"start":{"line":696,"column":21},"end":{"line":698,"column":16}},"211":{"start":{"line":699,"column":25},"end":{"line":701,"column":16}},"212":{"start":{"line":703,"column":22},"end":{"line":703,"column":38}},"213":{"start":{"line":704,"column":20},"end":{"line":704,"column":35}},"214":{"start":{"line":705,"column":20},"end":{"line":705,"column":35}},"215":{"start":{"line":706,"column":24},"end":{"line":706,"column":31}},"216":{"start":{"line":708,"column":8},"end":{"line":720,"column":null}},"217":{"start":{"line":733,"column":20},"end":{"line":733,"column":97}},"218":{"start":{"line":734,"column":25},"end":{"line":736,"column":16}},"219":{"start":{"line":738,"column":18},"end":{"line":738,"column":37}},"220":{"start":{"line":739,"column":18},"end":{"line":739,"column":37}},"221":{"start":{"line":740,"column":18},"end":{"line":740,"column":37}},"222":{"start":{"line":742,"column":22},"end":{"line":742,"column":33}},"223":{"start":{"line":743,"column":22},"end":{"line":743,"column":33}},"224":{"start":{"line":744,"column":22},"end":{"line":744,"column":33}},"225":{"start":{"line":746,"column":22},"end":{"line":746,"column":33}},"226":{"start":{"line":747,"column":22},"end":{"line":747,"column":33}},"227":{"start":{"line":748,"column":22},"end":{"line":748,"column":33}},"228":{"start":{"line":750,"column":8},"end":{"line":762,"column":null}},"229":{"start":{"line":776,"column":20},"end":{"line":776,"column":97}},"230":{"start":{"line":777,"column":22},"end":{"line":779,"column":16}},"231":{"start":{"line":781,"column":8},"end":{"line":785,"column":null}},"232":{"start":{"line":10,"column":0},"end":{"line":10,"column":13}},"233":{"start":{"line":448,"column":27},"end":{"line":448,"column":null}}},"fnMap":{"0":{"name":"(anonymous_0)","decl":{"start":{"line":162,"column":4},"end":{"line":162,"column":16}},"loc":{"start":{"line":162,"column":192},"end":{"line":199,"column":5}}},"1":{"name":"(anonymous_1)","decl":{"start":{"line":13,"column":4},"end":{"line":13,"column":8}},"loc":{"start":{"line":13,"column":11},"end":{"line":16,"column":5}}},"2":{"name":"(anonymous_2)","decl":{"start":{"line":18,"column":4},"end":{"line":18,"column":8}},"loc":{"start":{"line":18,"column":23},"end":{"line":21,"column":5}}},"3":{"name":"(anonymous_3)","decl":{"start":{"line":23,"column":4},"end":{"line":23,"column":8}},"loc":{"start":{"line":23,"column":11},"end":{"line":26,"column":5}}},"4":{"name":"(anonymous_4)","decl":{"start":{"line":28,"column":4},"end":{"line":28,"column":8}},"loc":{"start":{"line":28,"column":23},"end":{"line":31,"column":5}}},"5":{"name":"(anonymous_5)","decl":{"start":{"line":33,"column":4},"end":{"line":33,"column":8}},"loc":{"start":{"line":33,"column":11},"end":{"line":36,"column":5}}},"6":{"name":"(anonymous_6)","decl":{"start":{"line":38,"column":4},"end":{"line":38,"column":8}},"loc":{"start":{"line":38,"column":23},"end":{"line":41,"column":5}}},"7":{"name":"(anonymous_7)","decl":{"start":{"line":43,"column":4},"end":{"line":43,"column":8}},"loc":{"start":{"line":43,"column":11},"end":{"line":46,"column":5}}},"8":{"name":"(anonymous_8)","decl":{"start":{"line":48,"column":4},"end":{"line":48,"column":8}},"loc":{"start":{"line":48,"column":23},"end":{"line":51,"column":5}}},"9":{"name":"(anonymous_9)","decl":{"start":{"line":53,"column":4},"end":{"line":53,"column":8}},"loc":{"start":{"line":53,"column":11},"end":{"line":56,"column":5}}},"10":{"name":"(anonymous_10)","decl":{"start":{"line":58,"column":4},"end":{"line":58,"column":8}},"loc":{"start":{"line":58,"column":23},"end":{"line":61,"column":5}}},"11":{"name":"(anonymous_11)","decl":{"start":{"line":63,"column":4},"end":{"line":63,"column":8}},"loc":{"start":{"line":63,"column":11},"end":{"line":66,"column":5}}},"12":{"name":"(anonymous_12)","decl":{"start":{"line":68,"column":4},"end":{"line":68,"column":8}},"loc":{"start":{"line":68,"column":23},"end":{"line":71,"column":5}}},"13":{"name":"(anonymous_13)","decl":{"start":{"line":73,"column":4},"end":{"line":73,"column":8}},"loc":{"start":{"line":73,"column":11},"end":{"line":76,"column":5}}},"14":{"name":"(anonymous_14)","decl":{"start":{"line":78,"column":4},"end":{"line":78,"column":8}},"loc":{"start":{"line":78,"column":23},"end":{"line":81,"column":5}}},"15":{"name":"(anonymous_15)","decl":{"start":{"line":83,"column":4},"end":{"line":83,"column":8}},"loc":{"start":{"line":83,"column":11},"end":{"line":86,"column":5}}},"16":{"name":"(anonymous_16)","decl":{"start":{"line":88,"column":4},"end":{"line":88,"column":8}},"loc":{"start":{"line":88,"column":23},"end":{"line":91,"column":5}}},"17":{"name":"(anonymous_17)","decl":{"start":{"line":93,"column":4},"end":{"line":93,"column":8}},"loc":{"start":{"line":93,"column":11},"end":{"line":96,"column":5}}},"18":{"name":"(anonymous_18)","decl":{"start":{"line":98,"column":4},"end":{"line":98,"column":8}},"loc":{"start":{"line":98,"column":23},"end":{"line":101,"column":5}}},"19":{"name":"(anonymous_19)","decl":{"start":{"line":103,"column":4},"end":{"line":103,"column":8}},"loc":{"start":{"line":103,"column":19},"end":{"line":110,"column":5}}},"20":{"name":"(anonymous_20)","decl":{"start":{"line":112,"column":4},"end":{"line":112,"column":8}},"loc":{"start":{"line":112,"column":15},"end":{"line":115,"column":5}}},"21":{"name":"(anonymous_21)","decl":{"start":{"line":117,"column":4},"end":{"line":117,"column":8}},"loc":{"start":{"line":117,"column":15},"end":{"line":120,"column":5}}},"22":{"name":"(anonymous_22)","decl":{"start":{"line":122,"column":4},"end":{"line":122,"column":8}},"loc":{"start":{"line":122,"column":15},"end":{"line":125,"column":5}}},"23":{"name":"(anonymous_23)","decl":{"start":{"line":127,"column":4},"end":{"line":127,"column":8}},"loc":{"start":{"line":127,"column":12},"end":{"line":130,"column":5}}},"24":{"name":"(anonymous_24)","decl":{"start":{"line":132,"column":4},"end":{"line":132,"column":8}},"loc":{"start":{"line":132,"column":12},"end":{"line":135,"column":5}}},"25":{"name":"(anonymous_25)","decl":{"start":{"line":137,"column":4},"end":{"line":137,"column":8}},"loc":{"start":{"line":137,"column":12},"end":{"line":140,"column":5}}},"26":{"name":"(anonymous_26)","decl":{"start":{"line":142,"column":4},"end":{"line":142,"column":8}},"loc":{"start":{"line":142,"column":16},"end":{"line":145,"column":5}}},"27":{"name":"(anonymous_27)","decl":{"start":{"line":147,"column":4},"end":{"line":147,"column":8}},"loc":{"start":{"line":147,"column":13},"end":{"line":150,"column":5}}},"28":{"name":"(anonymous_28)","decl":{"start":{"line":205,"column":4},"end":{"line":205,"column":7}},"loc":{"start":{"line":205,"column":166},"end":{"line":233,"column":5}}},"29":{"name":"(anonymous_29)","decl":{"start":{"line":238,"column":4},"end":{"line":238,"column":7}},"loc":{"start":{"line":238,"column":166},"end":{"line":266,"column":5}}},"30":{"name":"(anonymous_30)","decl":{"start":{"line":271,"column":4},"end":{"line":271,"column":12}},"loc":{"start":{"line":271,"column":171},"end":{"line":299,"column":5}}},"31":{"name":"(anonymous_31)","decl":{"start":{"line":304,"column":4},"end":{"line":304,"column":12}},"loc":{"start":{"line":304,"column":171},"end":{"line":338,"column":5}}},"32":{"name":"(anonymous_32)","decl":{"start":{"line":340,"column":4},"end":{"line":340,"column":9}},"loc":{"start":{"line":340,"column":24},"end":{"line":353,"column":5}}},"33":{"name":"(anonymous_33)","decl":{"start":{"line":355,"column":4},"end":{"line":355,"column":13}},"loc":{"start":{"line":355,"column":13},"end":{"line":362,"column":5}}},"34":{"name":"(anonymous_34)","decl":{"start":{"line":364,"column":4},"end":{"line":364,"column":11}},"loc":{"start":{"line":364,"column":11},"end":{"line":386,"column":5}}},"35":{"name":"(anonymous_35)","decl":{"start":{"line":388,"column":4},"end":{"line":388,"column":8}},"loc":{"start":{"line":388,"column":8},"end":{"line":401,"column":5}}},"36":{"name":"(anonymous_36)","decl":{"start":{"line":403,"column":4},"end":{"line":403,"column":12}},"loc":{"start":{"line":403,"column":12},"end":{"line":416,"column":5}}},"37":{"name":"(anonymous_37)","decl":{"start":{"line":418,"column":4},"end":{"line":418,"column":9}},"loc":{"start":{"line":418,"column":9},"end":{"line":421,"column":5}}},"38":{"name":"(anonymous_38)","decl":{"start":{"line":423,"column":4},"end":{"line":423,"column":10}},"loc":{"start":{"line":423,"column":25},"end":{"line":434,"column":5}}},"39":{"name":"(anonymous_39)","decl":{"start":{"line":438,"column":4},"end":{"line":438,"column":10}},"loc":{"start":{"line":438,"column":19},"end":{"line":441,"column":5}}},"40":{"name":"(anonymous_40)","decl":{"start":{"line":443,"column":4},"end":{"line":443,"column":10}},"loc":{"start":{"line":443,"column":23},"end":{"line":446,"column":5}}},"41":{"name":"(anonymous_41)","decl":{"start":{"line":476,"column":4},"end":{"line":476,"column":10}},"loc":{"start":{"line":478,"column":146},"end":{"line":508,"column":5}}},"42":{"name":"(anonymous_42)","decl":{"start":{"line":520,"column":4},"end":{"line":520,"column":10}},"loc":{"start":{"line":522,"column":146},"end":{"line":552,"column":5}}},"43":{"name":"(anonymous_43)","decl":{"start":{"line":564,"column":4},"end":{"line":564,"column":10}},"loc":{"start":{"line":566,"column":146},"end":{"line":602,"column":5}}},"44":{"name":"(anonymous_44)","decl":{"start":{"line":606,"column":4},"end":{"line":606,"column":10}},"loc":{"start":{"line":606,"column":54},"end":{"line":621,"column":5}}},"45":{"name":"(anonymous_45)","decl":{"start":{"line":625,"column":4},"end":{"line":625,"column":10}},"loc":{"start":{"line":625,"column":46},"end":{"line":634,"column":5}}},"46":{"name":"(anonymous_46)","decl":{"start":{"line":638,"column":4},"end":{"line":638,"column":10}},"loc":{"start":{"line":638,"column":44},"end":{"line":661,"column":5}}},"47":{"name":"(anonymous_47)","decl":{"start":{"line":671,"column":4},"end":{"line":671,"column":10}},"loc":{"start":{"line":671,"column":123},"end":{"line":683,"column":5}}},"48":{"name":"(anonymous_48)","decl":{"start":{"line":693,"column":4},"end":{"line":693,"column":10}},"loc":{"start":{"line":693,"column":145},"end":{"line":721,"column":5}}},"49":{"name":"(anonymous_49)","decl":{"start":{"line":731,"column":4},"end":{"line":731,"column":10}},"loc":{"start":{"line":731,"column":110},"end":{"line":763,"column":5}}},"50":{"name":"(anonymous_50)","decl":{"start":{"line":774,"column":4},"end":{"line":774,"column":10}},"loc":{"start":{"line":774,"column":107},"end":{"line":786,"column":5}}}},"branchMap":{"0":{"loc":{"start":{"line":162,"column":16},"end":{"line":162,"column":88}},"type":"default-arg","locations":[{"start":{"line":162,"column":87},"end":{"line":162,"column":88}}]},"1":{"loc":{"start":{"line":164,"column":8},"end":{"line":198,"column":null}},"type":"if","locations":[{"start":{"line":164,"column":8},"end":{"line":198,"column":null}},{"start":{"line":168,"column":13},"end":{"line":198,"column":null}}]},"2":{"loc":{"start":{"line":166,"column":22},"end":{"line":166,"column":29}},"type":"cond-expr","locations":[{"start":{"line":166,"column":22},"end":{"line":166,"column":24}},{"start":{"line":166,"column":28},"end":{"line":166,"column":29}}]},"3":{"loc":{"start":{"line":166,"column":22},"end":{"line":166,"column":28}},"type":"binary-expr","locations":[{"start":{"line":166,"column":22},"end":{"line":166,"column":28}},{"start":{"line":166,"column":22},"end":{"line":166,"column":28}}]},"4":{"loc":{"start":{"line":168,"column":13},"end":{"line":198,"column":null}},"type":"if","locations":[{"start":{"line":168,"column":13},"end":{"line":198,"column":null}},{"start":{"line":177,"column":13},"end":{"line":198,"column":null}}]},"5":{"loc":{"start":{"line":168,"column":17},"end":{"line":168,"column":63}},"type":"binary-expr","locations":[{"start":{"line":168,"column":17},"end":{"line":168,"column":38}},{"start":{"line":168,"column":42},"end":{"line":168,"column":63}}]},"6":{"loc":{"start":{"line":177,"column":13},"end":{"line":198,"column":null}},"type":"if","locations":[{"start":{"line":177,"column":13},"end":{"line":198,"column":null}},{"start":{"line":186,"column":13},"end":{"line":198,"column":null}}]},"7":{"loc":{"start":{"line":186,"column":13},"end":{"line":198,"column":null}},"type":"if","locations":[{"start":{"line":186,"column":13},"end":{"line":198,"column":null}},{"start":{"line":196,"column":8},"end":{"line":198,"column":null}}]},"8":{"loc":{"start":{"line":190,"column":25},"end":{"line":190,"column":33}},"type":"cond-expr","locations":[{"start":{"line":190,"column":25},"end":{"line":190,"column":27}},{"start":{"line":190,"column":32},"end":{"line":190,"column":33}}]},"9":{"loc":{"start":{"line":190,"column":25},"end":{"line":190,"column":32}},"type":"binary-expr","locations":[{"start":{"line":190,"column":25},"end":{"line":190,"column":32}},{"start":{"line":190,"column":25},"end":{"line":190,"column":32}}]},"10":{"loc":{"start":{"line":190,"column":35},"end":{"line":190,"column":43}},"type":"cond-expr","locations":[{"start":{"line":190,"column":35},"end":{"line":190,"column":37}},{"start":{"line":190,"column":42},"end":{"line":190,"column":43}}]},"11":{"loc":{"start":{"line":190,"column":35},"end":{"line":190,"column":42}},"type":"binary-expr","locations":[{"start":{"line":190,"column":35},"end":{"line":190,"column":42}},{"start":{"line":190,"column":35},"end":{"line":190,"column":42}}]},"12":{"loc":{"start":{"line":191,"column":16},"end":{"line":191,"column":23}},"type":"cond-expr","locations":[{"start":{"line":191,"column":16},"end":{"line":191,"column":18}},{"start":{"line":191,"column":22},"end":{"line":191,"column":23}}]},"13":{"loc":{"start":{"line":191,"column":16},"end":{"line":191,"column":22}},"type":"binary-expr","locations":[{"start":{"line":191,"column":16},"end":{"line":191,"column":22}},{"start":{"line":191,"column":16},"end":{"line":191,"column":22}}]},"14":{"loc":{"start":{"line":191,"column":25},"end":{"line":191,"column":33}},"type":"cond-expr","locations":[{"start":{"line":191,"column":25},"end":{"line":191,"column":27}},{"start":{"line":191,"column":31},"end":{"line":191,"column":33}}]},"15":{"loc":{"start":{"line":191,"column":25},"end":{"line":191,"column":31}},"type":"binary-expr","locations":[{"start":{"line":191,"column":25},"end":{"line":191,"column":31}},{"start":{"line":191,"column":25},"end":{"line":191,"column":31}}]},"16":{"loc":{"start":{"line":191,"column":35},"end":{"line":191,"column":43}},"type":"cond-expr","locations":[{"start":{"line":191,"column":35},"end":{"line":191,"column":37}},{"start":{"line":191,"column":42},"end":{"line":191,"column":43}}]},"17":{"loc":{"start":{"line":191,"column":35},"end":{"line":191,"column":42}},"type":"binary-expr","locations":[{"start":{"line":191,"column":35},"end":{"line":191,"column":42}},{"start":{"line":191,"column":35},"end":{"line":191,"column":42}}]},"18":{"loc":{"start":{"line":192,"column":16},"end":{"line":192,"column":23}},"type":"cond-expr","locations":[{"start":{"line":192,"column":16},"end":{"line":192,"column":18}},{"start":{"line":192,"column":22},"end":{"line":192,"column":23}}]},"19":{"loc":{"start":{"line":192,"column":16},"end":{"line":192,"column":22}},"type":"binary-expr","locations":[{"start":{"line":192,"column":16},"end":{"line":192,"column":22}},{"start":{"line":192,"column":16},"end":{"line":192,"column":22}}]},"20":{"loc":{"start":{"line":192,"column":25},"end":{"line":192,"column":33}},"type":"cond-expr","locations":[{"start":{"line":192,"column":25},"end":{"line":192,"column":27}},{"start":{"line":192,"column":32},"end":{"line":192,"column":33}}]},"21":{"loc":{"start":{"line":192,"column":25},"end":{"line":192,"column":32}},"type":"binary-expr","locations":[{"start":{"line":192,"column":25},"end":{"line":192,"column":32}},{"start":{"line":192,"column":25},"end":{"line":192,"column":32}}]},"22":{"loc":{"start":{"line":192,"column":35},"end":{"line":192,"column":43}},"type":"cond-expr","locations":[{"start":{"line":192,"column":35},"end":{"line":192,"column":37}},{"start":{"line":192,"column":41},"end":{"line":192,"column":43}}]},"23":{"loc":{"start":{"line":192,"column":35},"end":{"line":192,"column":41}},"type":"binary-expr","locations":[{"start":{"line":192,"column":35},"end":{"line":192,"column":41}},{"start":{"line":192,"column":35},"end":{"line":192,"column":41}}]},"24":{"loc":{"start":{"line":207,"column":8},"end":{"line":230,"column":null}},"type":"if","locations":[{"start":{"line":207,"column":8},"end":{"line":230,"column":null}},{"start":{"line":220,"column":8},"end":{"line":230,"column":null}}]},"25":{"loc":{"start":{"line":240,"column":8},"end":{"line":263,"column":null}},"type":"if","locations":[{"start":{"line":240,"column":8},"end":{"line":263,"column":null}},{"start":{"line":253,"column":8},"end":{"line":263,"column":null}}]},"26":{"loc":{"start":{"line":273,"column":8},"end":{"line":296,"column":null}},"type":"if","locations":[{"start":{"line":273,"column":8},"end":{"line":296,"column":null}},{"start":{"line":286,"column":8},"end":{"line":296,"column":null}}]},"27":{"loc":{"start":{"line":306,"column":8},"end":{"line":337,"column":null}},"type":"if","locations":[{"start":{"line":306,"column":8},"end":{"line":337,"column":null}},{"start":{"line":323,"column":8},"end":{"line":337,"column":null}}]},"28":{"loc":{"start":{"line":368,"column":8},"end":{"line":383,"column":null}},"type":"if","locations":[{"start":{"line":368,"column":8},"end":{"line":383,"column":null}}]},"29":{"loc":{"start":{"line":425,"column":15},"end":{"line":433,"column":32}},"type":"binary-expr","locations":[{"start":{"line":425,"column":15},"end":{"line":425,"column":35}},{"start":{"line":426,"column":12},"end":{"line":426,"column":32}},{"start":{"line":427,"column":12},"end":{"line":427,"column":32}},{"start":{"line":428,"column":12},"end":{"line":428,"column":32}},{"start":{"line":429,"column":12},"end":{"line":429,"column":32}},{"start":{"line":430,"column":12},"end":{"line":430,"column":32}},{"start":{"line":431,"column":12},"end":{"line":431,"column":32}},{"start":{"line":432,"column":12},"end":{"line":432,"column":32}},{"start":{"line":433,"column":12},"end":{"line":433,"column":32}}]},"30":{"loc":{"start":{"line":480,"column":20},"end":{"line":480,"column":79}},"type":"cond-expr","locations":[{"start":{"line":480,"column":51},"end":{"line":480,"column":64}},{"start":{"line":480,"column":66},"end":{"line":480,"column":79}}]},"31":{"loc":{"start":{"line":480,"column":20},"end":{"line":480,"column":48}},"type":"cond-expr","locations":[{"start":{"line":480,"column":20},"end":{"line":480,"column":23}},{"start":{"line":480,"column":27},"end":{"line":480,"column":48}}]},"32":{"loc":{"start":{"line":480,"column":20},"end":{"line":480,"column":27}},"type":"binary-expr","locations":[{"start":{"line":480,"column":20},"end":{"line":480,"column":27}},{"start":{"line":480,"column":20},"end":{"line":480,"column":27}}]},"33":{"loc":{"start":{"line":482,"column":8},"end":{"line":505,"column":null}},"type":"if","locations":[{"start":{"line":482,"column":8},"end":{"line":505,"column":null}},{"start":{"line":495,"column":8},"end":{"line":505,"column":null}}]},"34":{"loc":{"start":{"line":482,"column":12},"end":{"line":482,"column":60}},"type":"binary-expr","locations":[{"start":{"line":482,"column":12},"end":{"line":482,"column":34}},{"start":{"line":482,"column":38},"end":{"line":482,"column":60}}]},"35":{"loc":{"start":{"line":524,"column":20},"end":{"line":524,"column":79}},"type":"cond-expr","locations":[{"start":{"line":524,"column":51},"end":{"line":524,"column":64}},{"start":{"line":524,"column":66},"end":{"line":524,"column":79}}]},"36":{"loc":{"start":{"line":524,"column":20},"end":{"line":524,"column":48}},"type":"cond-expr","locations":[{"start":{"line":524,"column":20},"end":{"line":524,"column":23}},{"start":{"line":524,"column":27},"end":{"line":524,"column":48}}]},"37":{"loc":{"start":{"line":524,"column":20},"end":{"line":524,"column":27}},"type":"binary-expr","locations":[{"start":{"line":524,"column":20},"end":{"line":524,"column":27}},{"start":{"line":524,"column":20},"end":{"line":524,"column":27}}]},"38":{"loc":{"start":{"line":526,"column":8},"end":{"line":549,"column":null}},"type":"if","locations":[{"start":{"line":526,"column":8},"end":{"line":549,"column":null}},{"start":{"line":539,"column":8},"end":{"line":549,"column":null}}]},"39":{"loc":{"start":{"line":526,"column":12},"end":{"line":526,"column":60}},"type":"binary-expr","locations":[{"start":{"line":526,"column":12},"end":{"line":526,"column":34}},{"start":{"line":526,"column":38},"end":{"line":526,"column":60}}]},"40":{"loc":{"start":{"line":568,"column":20},"end":{"line":568,"column":78}},"type":"cond-expr","locations":[{"start":{"line":568,"column":50},"end":{"line":568,"column":63}},{"start":{"line":568,"column":65},"end":{"line":568,"column":78}}]},"41":{"loc":{"start":{"line":568,"column":20},"end":{"line":568,"column":47}},"type":"cond-expr","locations":[{"start":{"line":568,"column":20},"end":{"line":568,"column":22}},{"start":{"line":568,"column":26},"end":{"line":568,"column":47}}]},"42":{"loc":{"start":{"line":568,"column":20},"end":{"line":568,"column":26}},"type":"binary-expr","locations":[{"start":{"line":568,"column":20},"end":{"line":568,"column":26}},{"start":{"line":568,"column":20},"end":{"line":568,"column":26}}]},"43":{"loc":{"start":{"line":570,"column":8},"end":{"line":601,"column":null}},"type":"if","locations":[{"start":{"line":570,"column":8},"end":{"line":601,"column":null}},{"start":{"line":587,"column":8},"end":{"line":601,"column":null}}]},"44":{"loc":{"start":{"line":570,"column":12},"end":{"line":570,"column":60}},"type":"binary-expr","locations":[{"start":{"line":570,"column":12},"end":{"line":570,"column":34}},{"start":{"line":570,"column":38},"end":{"line":570,"column":60}}]},"45":{"loc":{"start":{"line":608,"column":20},"end":{"line":608,"column":39}},"type":"cond-expr","locations":[{"start":{"line":608,"column":20},"end":{"line":608,"column":22}},{"start":{"line":608,"column":26},"end":{"line":608,"column":39}}]},"46":{"loc":{"start":{"line":608,"column":20},"end":{"line":608,"column":26}},"type":"binary-expr","locations":[{"start":{"line":608,"column":20},"end":{"line":608,"column":26}},{"start":{"line":608,"column":20},"end":{"line":608,"column":26}}]},"47":{"loc":{"start":{"line":627,"column":20},"end":{"line":627,"column":39}},"type":"cond-expr","locations":[{"start":{"line":627,"column":20},"end":{"line":627,"column":22}},{"start":{"line":627,"column":26},"end":{"line":627,"column":39}}]},"48":{"loc":{"start":{"line":627,"column":20},"end":{"line":627,"column":26}},"type":"binary-expr","locations":[{"start":{"line":627,"column":20},"end":{"line":627,"column":26}},{"start":{"line":627,"column":20},"end":{"line":627,"column":26}}]},"49":{"loc":{"start":{"line":640,"column":20},"end":{"line":640,"column":39}},"type":"cond-expr","locations":[{"start":{"line":640,"column":20},"end":{"line":640,"column":22}},{"start":{"line":640,"column":26},"end":{"line":640,"column":39}}]},"50":{"loc":{"start":{"line":640,"column":20},"end":{"line":640,"column":26}},"type":"binary-expr","locations":[{"start":{"line":640,"column":20},"end":{"line":640,"column":26}},{"start":{"line":640,"column":20},"end":{"line":640,"column":26}}]},"51":{"loc":{"start":{"line":643,"column":8},"end":{"line":658,"column":null}},"type":"if","locations":[{"start":{"line":643,"column":8},"end":{"line":658,"column":null}}]},"52":{"loc":{"start":{"line":673,"column":20},"end":{"line":673,"column":97}},"type":"cond-expr","locations":[{"start":{"line":673,"column":39},"end":{"line":673,"column":41}},{"start":{"line":673,"column":44},"end":{"line":673,"column":97}}]},"53":{"loc":{"start":{"line":673,"column":44},"end":{"line":673,"column":97}},"type":"cond-expr","locations":[{"start":{"line":673,"column":68},"end":{"line":673,"column":81}},{"start":{"line":673,"column":84},"end":{"line":673,"column":97}}]},"54":{"loc":{"start":{"line":674,"column":20},"end":{"line":676,"column":16}},"type":"cond-expr","locations":[{"start":{"line":675,"column":14},"end":{"line":675,"column":58}},{"start":{"line":676,"column":14},"end":{"line":676,"column":16}}]},"55":{"loc":{"start":{"line":675,"column":19},"end":{"line":675,"column":37}},"type":"cond-expr","locations":[{"start":{"line":675,"column":31},"end":{"line":675,"column":35}},{"start":{"line":675,"column":35},"end":{"line":675,"column":37}}]},"56":{"loc":{"start":{"line":675,"column":19},"end":{"line":675,"column":35}},"type":"binary-expr","locations":[{"start":{"line":675,"column":19},"end":{"line":675,"column":35}},{"start":{"line":675,"column":31},"end":{"line":675,"column":35}}]},"57":{"loc":{"start":{"line":675,"column":39},"end":{"line":675,"column":57}},"type":"cond-expr","locations":[{"start":{"line":675,"column":51},"end":{"line":675,"column":55}},{"start":{"line":675,"column":55},"end":{"line":675,"column":57}}]},"58":{"loc":{"start":{"line":675,"column":39},"end":{"line":675,"column":55}},"type":"binary-expr","locations":[{"start":{"line":675,"column":39},"end":{"line":675,"column":55}},{"start":{"line":675,"column":51},"end":{"line":675,"column":55}}]},"59":{"loc":{"start":{"line":695,"column":20},"end":{"line":695,"column":79}},"type":"cond-expr","locations":[{"start":{"line":695,"column":50},"end":{"line":695,"column":63}},{"start":{"line":695,"column":66},"end":{"line":695,"column":79}}]},"60":{"loc":{"start":{"line":695,"column":20},"end":{"line":695,"column":47}},"type":"cond-expr","locations":[{"start":{"line":695,"column":20},"end":{"line":695,"column":22}},{"start":{"line":695,"column":26},"end":{"line":695,"column":47}}]},"61":{"loc":{"start":{"line":695,"column":20},"end":{"line":695,"column":26}},"type":"binary-expr","locations":[{"start":{"line":695,"column":20},"end":{"line":695,"column":26}},{"start":{"line":695,"column":20},"end":{"line":695,"column":26}}]},"62":{"loc":{"start":{"line":696,"column":21},"end":{"line":698,"column":16}},"type":"cond-expr","locations":[{"start":{"line":697,"column":15},"end":{"line":697,"column":67}},{"start":{"line":698,"column":14},"end":{"line":698,"column":16}}]},"63":{"loc":{"start":{"line":697,"column":15},"end":{"line":697,"column":67}},"type":"cond-expr","locations":[{"start":{"line":697,"column":20},"end":{"line":697,"column":52}},{"start":{"line":697,"column":55},"end":{"line":697,"column":67}}]},"64":{"loc":{"start":{"line":699,"column":25},"end":{"line":701,"column":16}},"type":"cond-expr","locations":[{"start":{"line":700,"column":14},"end":{"line":700,"column":22}},{"start":{"line":701,"column":14},"end":{"line":701,"column":16}}]},"65":{"loc":{"start":{"line":700,"column":14},"end":{"line":700,"column":22}},"type":"cond-expr","locations":[{"start":{"line":700,"column":14},"end":{"line":700,"column":16}},{"start":{"line":700,"column":20},"end":{"line":700,"column":22}}]},"66":{"loc":{"start":{"line":700,"column":14},"end":{"line":700,"column":20}},"type":"binary-expr","locations":[{"start":{"line":700,"column":14},"end":{"line":700,"column":20}},{"start":{"line":700,"column":14},"end":{"line":700,"column":20}}]},"67":{"loc":{"start":{"line":733,"column":20},"end":{"line":733,"column":97}},"type":"cond-expr","locations":[{"start":{"line":733,"column":39},"end":{"line":733,"column":41}},{"start":{"line":733,"column":44},"end":{"line":733,"column":97}}]},"68":{"loc":{"start":{"line":733,"column":44},"end":{"line":733,"column":97}},"type":"cond-expr","locations":[{"start":{"line":733,"column":68},"end":{"line":733,"column":81}},{"start":{"line":733,"column":84},"end":{"line":733,"column":97}}]},"69":{"loc":{"start":{"line":734,"column":25},"end":{"line":736,"column":16}},"type":"cond-expr","locations":[{"start":{"line":735,"column":14},"end":{"line":735,"column":58}},{"start":{"line":736,"column":14},"end":{"line":736,"column":16}}]},"70":{"loc":{"start":{"line":735,"column":19},"end":{"line":735,"column":37}},"type":"cond-expr","locations":[{"start":{"line":735,"column":31},"end":{"line":735,"column":35}},{"start":{"line":735,"column":35},"end":{"line":735,"column":37}}]},"71":{"loc":{"start":{"line":735,"column":19},"end":{"line":735,"column":35}},"type":"binary-expr","locations":[{"start":{"line":735,"column":19},"end":{"line":735,"column":35}},{"start":{"line":735,"column":31},"end":{"line":735,"column":35}}]},"72":{"loc":{"start":{"line":735,"column":39},"end":{"line":735,"column":57}},"type":"cond-expr","locations":[{"start":{"line":735,"column":51},"end":{"line":735,"column":55}},{"start":{"line":735,"column":55},"end":{"line":735,"column":57}}]},"73":{"loc":{"start":{"line":735,"column":39},"end":{"line":735,"column":55}},"type":"binary-expr","locations":[{"start":{"line":735,"column":39},"end":{"line":735,"column":55}},{"start":{"line":735,"column":51},"end":{"line":735,"column":55}}]},"74":{"loc":{"start":{"line":776,"column":20},"end":{"line":776,"column":97}},"type":"cond-expr","locations":[{"start":{"line":776,"column":39},"end":{"line":776,"column":41}},{"start":{"line":776,"column":44},"end":{"line":776,"column":97}}]},"75":{"loc":{"start":{"line":776,"column":44},"end":{"line":776,"column":97}},"type":"cond-expr","locations":[{"start":{"line":776,"column":68},"end":{"line":776,"column":81}},{"start":{"line":776,"column":84},"end":{"line":776,"column":97}}]},"76":{"loc":{"start":{"line":777,"column":22},"end":{"line":779,"column":16}},"type":"cond-expr","locations":[{"start":{"line":778,"column":14},"end":{"line":778,"column":58}},{"start":{"line":779,"column":14},"end":{"line":779,"column":16}}]},"77":{"loc":{"start":{"line":778,"column":19},"end":{"line":778,"column":37}},"type":"cond-expr","locations":[{"start":{"line":778,"column":31},"end":{"line":778,"column":35}},{"start":{"line":778,"column":35},"end":{"line":778,"column":37}}]},"78":{"loc":{"start":{"line":778,"column":19},"end":{"line":778,"column":35}},"type":"binary-expr","locations":[{"start":{"line":778,"column":19},"end":{"line":778,"column":35}},{"start":{"line":778,"column":31},"end":{"line":778,"column":35}}]},"79":{"loc":{"start":{"line":778,"column":39},"end":{"line":778,"column":57}},"type":"cond-expr","locations":[{"start":{"line":778,"column":51},"end":{"line":778,"column":55}},{"start":{"line":778,"column":55},"end":{"line":778,"column":57}}]},"80":{"loc":{"start":{"line":778,"column":39},"end":{"line":778,"column":55}},"type":"binary-expr","locations":[{"start":{"line":778,"column":39},"end":{"line":778,"column":55}},{"start":{"line":778,"column":51},"end":{"line":778,"column":55}}]}},"s":{"0":1,"1":1,"2":1,"3":1,"4":0,"5":0,"6":0,"7":0,"8":0,"9":0,"10":0,"11":0,"12":0,"13":0,"14":0,"15":0,"16":0,"17":0,"18":0,"19":0,"20":0,"21":0,"22":0,"23":0,"24":0,"25":0,"26":0,"27":0,"28":0,"29":0,"30":0,"31":0,"32":0,"33":0,"34":0,"35":0,"36":0,"37":0,"38":0,"39":0,"40":0,"41":0,"42":0,"43":0,"44":0,"45":0,"46":0,"47":0,"48":0,"49":0,"50":0,"51":0,"52":0,"53":0,"54":0,"55":0,"56":0,"57":0,"58":0,"59":0,"60":0,"61":0,"62":0,"63":0,"64":0,"65":0,"66":0,"67":0,"68":0,"69":0,"70":0,"71":0,"72":0,"73":0,"74":0,"75":0,"76":0,"77":0,"78":0,"79":0,"80":0,"81":0,"82":0,"83":0,"84":0,"85":0,"86":0,"87":0,"88":0,"89":0,"90":0,"91":0,"92":0,"93":0,"94":0,"95":0,"96":0,"97":0,"98":0,"99":0,"100":0,"101":0,"102":0,"103":0,"104":0,"105":0,"106":0,"107":0,"108":0,"109":0,"110":0,"111":0,"112":0,"113":0,"114":0,"115":0,"116":0,"117":0,"118":0,"119":0,"120":0,"121":0,"122":0,"123":0,"124":0,"125":0,"126":0,"127":0,"128":0,"129":0,"130":0,"131":0,"132":0,"133":0,"134":0,"135":0,"136":0,"137":0,"138":0,"139":0,"140":0,"141":0,"142":0,"143":0,"144":0,"145":0,"146":0,"147":0,"148":0,"149":0,"150":0,"151":0,"152":0,"153":0,"154":0,"155":0,"156":0,"157":0,"158":0,"159":0,"160":0,"161":0,"162":0,"163":0,"164":0,"165":0,"166":0,"167":0,"168":0,"169":0,"170":0,"171":0,"172":0,"173":0,"174":0,"175":0,"176":0,"177":0,"178":0,"179":0,"180":0,"181":0,"182":0,"183":0,"184":0,"185":0,"186":0,"187":0,"188":0,"189":0,"190":0,"191":0,"192":0,"193":0,"194":0,"195":0,"196":0,"197":0,"198":0,"199":0,"200":0,"201":0,"202":0,"203":0,"204":0,"205":0,"206":0,"207":0,"208":0,"209":0,"210":0,"211":0,"212":0,"213":0,"214":0,"215":0,"216":0,"217":0,"218":0,"219":0,"220":0,"221":0,"222":0,"223":0,"224":0,"225":0,"226":0,"227":0,"228":0,"229":0,"230":0,"231":0,"232":1,"233":1},"f":{"0":0,"1":0,"2":0,"3":0,"4":0,"5":0,"6":0,"7":0,"8":0,"9":0,"10":0,"11":0,"12":0,"13":0,"14":0,"15":0,"16":0,"17":0,"18":0,"19":0,"20":0,"21":0,"22":0,"23":0,"24":0,"25":0,"26":0,"27":0,"28":0,"29":0,"30":0,"31":0,"32":0,"33":0,"34":0,"35":0,"36":0,"37":0,"38":0,"39":0,"40":0,"41":0,"42":0,"43":0,"44":0,"45":0,"46":0,"47":0,"48":0,"49":0,"50":0},"b":{"0":[0],"1":[0,0],"2":[0,0],"3":[0,0],"4":[0,0],"5":[0,0],"6":[0,0],"7":[0,0],"8":[0,0],"9":[0,0],"10":[0,0],"11":[0,0],"12":[0,0],"13":[0,0],"14":[0,0],"15":[0,0],"16":[0,0],"17":[0,0],"18":[0,0],"19":[0,0],"20":[0,0],"21":[0,0],"22":[0,0],"23":[0,0],"24":[0,0],"25":[0,0],"26":[0,0],"27":[0,0],"28":[0],"29":[0,0,0,0,0,0,0,0,0],"30":[0,0],"31":[0,0],"32":[0,0],"33":[0,0],"34":[0,0],"35":[0,0],"36":[0,0],"37":[0,0],"38":[0,0],"39":[0,0],"40":[0,0],"41":[0,0],"42":[0,0],"43":[0,0],"44":[0,0],"45":[0,0],"46":[0,0],"47":[0,0],"48":[0,0],"49":[0,0],"50":[0,0],"51":[0],"52":[0,0],"53":[0,0],"54":[0,0],"55":[0,0],"56":[0,0],"57":[0,0],"58":[0,0],"59":[0,0],"60":[0,0],"61":[0,0],"62":[0,0],"63":[0,0],"64":[0,0],"65":[0,0],"66":[0,0],"67":[0,0],"68":[0,0],"69":[0,0],"70":[0,0],"71":[0,0],"72":[0,0],"73":[0,0],"74":[0,0],"75":[0,0],"76":[0,0],"77":[0,0],"78":[0,0],"79":[0,0],"80":[0,0]}}
,"D:\\Projects\\Personal\\@fwge\\packages\\common\\src\\matrix\\Matrix4.ts": {"path":"D:\\Projects\\Personal\\@fwge\\packages\\common\\src\\matrix\\Matrix4.ts","statementMap":{"0":{"start":{"line":2,"column":0},"end":{"line":2,"column":45}},"1":{"start":{"line":4,"column":0},"end":{"line":4,"column":81}},"2":{"start":{"line":5,"column":0},"end":{"line":5,"column":35}},"3":{"start":{"line":6,"column":0},"end":{"line":6,"column":35}},"4":{"start":{"line":277,"column":8},"end":{"line":314,"column":null}},"5":{"start":{"line":279,"column":12},"end":{"line":279,"column":null}},"6":{"start":{"line":281,"column":13},"end":{"line":314,"column":null}},"7":{"start":{"line":283,"column":12},"end":{"line":289,"column":null}},"8":{"start":{"line":291,"column":13},"end":{"line":314,"column":null}},"9":{"start":{"line":293,"column":12},"end":{"line":299,"column":null}},"10":{"start":{"line":301,"column":13},"end":{"line":314,"column":null}},"11":{"start":{"line":303,"column":12},"end":{"line":309,"column":null}},"12":{"start":{"line":313,"column":12},"end":{"line":313,"column":null}},"13":{"start":{"line":15,"column":8},"end":{"line":15,"column":null}},"14":{"start":{"line":20,"column":8},"end":{"line":20,"column":null}},"15":{"start":{"line":25,"column":8},"end":{"line":25,"column":null}},"16":{"start":{"line":30,"column":8},"end":{"line":30,"column":null}},"17":{"start":{"line":35,"column":8},"end":{"line":35,"column":null}},"18":{"start":{"line":40,"column":8},"end":{"line":40,"column":null}},"19":{"start":{"line":45,"column":8},"end":{"line":45,"column":null}},"20":{"start":{"line":50,"column":8},"end":{"line":50,"column":null}},"21":{"start":{"line":55,"column":8},"end":{"line":55,"column":null}},"22":{"start":{"line":60,"column":8},"end":{"line":60,"column":null}},"23":{"start":{"line":65,"column":8},"end":{"line":65,"column":null}},"24":{"start":{"line":70,"column":8},"end":{"line":70,"column":null}},"25":{"start":{"line":75,"column":8},"end":{"line":75,"column":null}},"26":{"start":{"line":80,"column":8},"end":{"line":80,"column":null}},"27":{"start":{"line":85,"column":8},"end":{"line":85,"column":null}},"28":{"start":{"line":90,"column":8},"end":{"line":90,"column":null}},"29":{"start":{"line":95,"column":8},"end":{"line":95,"column":null}},"30":{"start":{"line":100,"column":8},"end":{"line":100,"column":null}},"31":{"start":{"line":105,"column":8},"end":{"line":105,"column":null}},"32":{"start":{"line":110,"column":8},"end":{"line":110,"column":null}},"33":{"start":{"line":115,"column":8},"end":{"line":115,"column":null}},"34":{"start":{"line":120,"column":8},"end":{"line":120,"column":null}},"35":{"start":{"line":125,"column":8},"end":{"line":125,"column":null}},"36":{"start":{"line":130,"column":8},"end":{"line":130,"column":null}},"37":{"start":{"line":135,"column":8},"end":{"line":135,"column":null}},"38":{"start":{"line":140,"column":8},"end":{"line":140,"column":null}},"39":{"start":{"line":145,"column":8},"end":{"line":145,"column":null}},"40":{"start":{"line":150,"column":8},"end":{"line":150,"column":null}},"41":{"start":{"line":155,"column":8},"end":{"line":155,"column":null}},"42":{"start":{"line":160,"column":8},"end":{"line":160,"column":null}},"43":{"start":{"line":165,"column":8},"end":{"line":165,"column":null}},"44":{"start":{"line":170,"column":8},"end":{"line":170,"column":null}},"45":{"start":{"line":175,"column":8},"end":{"line":200,"column":null}},"46":{"start":{"line":205,"column":8},"end":{"line":205,"column":null}},"47"
[...]
:27},"end":{"line":114,"column":31}}]},"23":{"loc":{"start":{"line":136,"column":8},"end":{"line":149,"column":null}},"type":"if","locations":[{"start":{"line":136,"column":8},"end":{"line":149,"column":null}},{"start":{"line":144,"column":8},"end":{"line":149,"column":null}}]},"24":{"loc":{"start":{"line":139,"column":23},"end":{"line":139,"column":31}},"type":"cond-expr","locations":[{"start":{"line":139,"column":23},"end":{"line":139,"column":25}},{"start":{"line":139,"column":29},"end":{"line":139,"column":31}}]},"25":{"loc":{"start":{"line":139,"column":23},"end":{"line":139,"column":29}},"type":"binary-expr","locations":[{"start":{"line":139,"column":23},"end":{"line":139,"column":29}},{"start":{"line":139,"column":23},"end":{"line":139,"column":29}}]},"26":{"loc":{"start":{"line":140,"column":23},"end":{"line":140,"column":31}},"type":"cond-expr","locations":[{"start":{"line":140,"column":23},"end":{"line":140,"column":25}},{"start":{"line":140,"column":29},"end":{"line":140,"column":31}}]},"27":{"loc":{"start":{"line":140,"column":23},"end":{"line":140,"column":29}},"type":"binary-expr","locations":[{"start":{"line":140,"column":23},"end":{"line":140,"column":29}},{"start":{"line":140,"column":23},"end":{"line":140,"column":29}}]},"28":{"loc":{"start":{"line":141,"column":23},"end":{"line":141,"column":31}},"type":"cond-expr","locations":[{"start":{"line":141,"column":23},"end":{"line":141,"column":25}},{"start":{"line":141,"column":29},"end":{"line":141,"column":31}}]},"29":{"loc":{"start":{"line":141,"column":23},"end":{"line":141,"column":29}},"type":"binary-expr","locations":[{"start":{"line":141,"column":23},"end":{"line":141,"column":29}},{"start":{"line":141,"column":23},"end":{"line":141,"column":29}}]},"30":{"loc":{"start":{"line":160,"column":8},"end":{"line":173,"column":null}},"type":"if","locations":[{"start":{"line":160,"column":8},"end":{"line":173,"column":null}},{"start":{"line":168,"column":8},"end":{"line":173,"column":null}}]},"31":{"loc":{"start":{"line":163,"column":23},"end":{"line":163,"column":31}},"type":"cond-expr","locations":[{"start":{"line":163,"column":23},"end":{"line":163,"column":25}},{"start":{"line":163,"column":29},"end":{"line":163,"column":31}}]},"32":{"loc":{"start":{"line":163,"column":23},"end":{"line":163,"column":29}},"type":"binary-expr","locations":[{"start":{"line":163,"column":23},"end":{"line":163,"column":29}},{"start":{"line":163,"column":23},"end":{"line":163,"column":29}}]},"33":{"loc":{"start":{"line":164,"column":23},"end":{"line":164,"column":31}},"type":"cond-expr","locations":[{"start":{"line":164,"column":23},"end":{"line":164,"column":25}},{"start":{"line":164,"column":29},"end":{"line":164,"column":31}}]},"34":{"loc":{"start":{"line":164,"column":23},"end":{"line":164,"column":29}},"type":"binary-expr","locations":[{"start":{"line":164,"column":23},"end":{"line":164,"column":29}},{"start":{"line":164,"column":23},"end":{"line":164,"column":29}}]},"35":{"loc":{"start":{"line":165,"column":23},"end":{"line":165,"column":31}},"type":"cond-expr","locations":[{"start":{"line":165,"column":23},"end":{"line":165,"column":25}},{"start":{"line":165,"column":29},"end":{"line":165,"column":31}}]},"36":{"loc":{"start":{"line":165,"column":23},"end":{"line":165,"column":29}},"type":"binary-expr","locations":[{"start":{"line":165,"column":23},"end":{"line":165,"column":29}},{"start":{"line":165,"column":23},"end":{"line":165,"column":29}}]},"37":{"loc":{"start":{"line":185,"column":8},"end":{"line":198,"column":null}},"type":"if","locations":[{"start":{"line":185,"column":8},"end":{"line":198,"column":null}},{"start":{"line":193,"column":8},"end":{"line":198,"column":null}}]},"38":{"loc":{"start":{"line":188,"column":23},"end":{"line":188,"column":31}},"type":"cond-expr","locations":[{"start":{"line":188,"column":23},"end":{"line":188,"column":25}},{"start":{"line":188,"column":29},"end":{"line":188,"column":31}}]},"39":{"loc":{"start":{"line":188,"column":23},"end":{"line":188,"column":29}},"type":"binary-expr","locations":[{"start":{"line":188,"column":23},"end":{"line":188,"column":29}},{"start":{"line":188,"column":23},"end":{"line":188,"column":29}}]},"40":{"loc":{"start":{"line":189,"column":23},"end":{"line":189,"column":31}},"type":"cond-expr","locations":[{"start":{"line":189,"column":23},"end":{"line":189,"column":25}},{"start":{"line":189,"column":29},"end":{"line":189,"column":31}}]},"41":{"loc":{"start":{"line":189,"column":23},"end":{"line":189,"column":29}},"type":"binary-expr","locations":[{"start":{"line":189,"column":23},"end":{"line":189,"column":29}},{"start":{"line":189,"column":23},"end":{"line":189,"column":29}}]},"42":{"loc":{"start":{"line":190,"column":23},"end":{"line":190,"column":31}},"type":"cond-expr","locations":[{"start":{"line":190,"column":23},"end":{"line":190,"column":25}},{"start":{"line":190,"column":29},"end":{"line":190,"column":31}}]},"43":{"loc":{"start":{"line":190,"column":23},"end":{"line":190,"column":29}},"type":"binary-expr","locations":[{"start":{"line":190,"column":23},"end":{"line":190,"column":29}},{"start":{"line":190,"column":23},"end":{"line":190,"column":29}}]},"44":{"loc":{"start":{"line":209,"column":8},"end":{"line":222,"column":null}},"type":"if","locations":[{"start":{"line":209,"column":8},"end":{"line":222,"column":null}},{"start":{"line":217,"column":8},"end":{"line":222,"column":null}}]},"45":{"loc":{"start":{"line":212,"column":23},"end":{"line":212,"column":31}},"type":"cond-expr","locations":[{"start":{"line":212,"column":23},"end":{"line":212,"column":25}},{"start":{"line":212,"column":29},"end":{"line":212,"column":31}}]},"46":{"loc":{"start":{"line":212,"column":23},"end":{"line":212,"column":29}},"type":"binary-expr","locations":[{"start":{"line":212,"column":23},"end":{"line":212,"column":29}},{"start":{"line":212,"column":23},"end":{"line":212,"column":29}}]},"47":{"loc":{"start":{"line":213,"column":23},"end":{"line":213,"column":31}},"type":"cond-expr","locations":[{"start":{"line":213,"column":23},"end":{"line":213,"column":25}},{"start":{"line":213,"column":29},"end":{"line":213,"column":31}}]},"48":{"loc":{"start":{"line":213,"column":23},"end":{"line":213,"column":29}},"type":"binary-expr","locations":[{"start":{"line":213,"column":23},"end":{"line":213,"column":29}},{"start":{"line":213,"column":23},"end":{"line":213,"column":29}}]},"49":{"loc":{"start":{"line":214,"column":23},"end":{"line":214,"column":31}},"type":"cond-expr","locations":[{"start":{"line":214,"column":23},"end":{"line":214,"column":25}},{"start":{"line":214,"column":29},"end":{"line":214,"column":31}}]},"50":{"loc":{"start":{"line":214,"column":23},"end":{"line":214,"column":29}},"type":"binary-expr","locations":[{"start":{"line":214,"column":23},"end":{"line":214,"column":29}},{"start":{"line":214,"column":23},"end":{"line":214,"column":29}}]},"51":{"loc":{"start":{"line":243,"column":8},"end":{"line":250,"column":null}},"type":"if","locations":[{"start":{"line":243,"column":8},"end":{"line":250,"column":null}},{"start":{"line":248,"column":8},"end":{"line":250,"column":null}}]},"52":{"loc":{"start":{"line":245,"column":45},"end":{"line":245,"column":53}},"type":"cond-expr","locations":[{"start":{"line":245,"column":45},"end":{"line":245,"column":47}},{"start":{"line":245,"column":51},"end":{"line":245,"column":53}}]},"53":{"loc":{"start":{"line":245,"column":45},"end":{"line":245,"column":51}},"type":"binary-expr","locations":[{"start":{"line":245,"column":45},"end":{"line":245,"column":51}},{"start":{"line":245,"column":45},"end":{"line":245,"column":51}}]},"54":{"loc":{"start":{"line":245,"column":68},"end":{"line":245,"column":76}},"type":"cond-expr","locations":[{"start":{"line":245,"column":68},"end":{"line":245,"column":70}},{"start":{"line":245,"column":74},"end":{"line":245,"column":76}}]},"55":{"loc":{"start":{"line":245,"column":68},"end":{"line":245,"column":74}},"type":"binary-expr","locations":[{"start":{"line":245,"column":68},"end":{"line":245,"column":74}},{"start":{"line":245,"column":68},"end":{"line":245,"column":74}}]},"56":{"loc":{"start":{"line":245,"column":91},"end":{"line":245,"column":99}},"type":"cond-expr","locations":[{"start":{"line":245,"column":91},"end":{"line":245,"column":93}},{"start":{"line":245,"column":97},"end":{"line":245,"column":99}}]},"57":{"loc":{"start":{"line":245,"column":91},"end":{"line":245,"column":97}},"type":"binary-expr","locations":[{"start":{"line":245,"column":91},"end":{"line":245,"column":97}},{"start":{"line":245,"column":91},"end":{"line":245,"column":97}}]},"58":{"loc":{"start":{"line":261,"column":8},"end":{"line":268,"column":null}},"type":"if","locations":[{"start":{"line":261,"column":8},"end":{"line":268,"column":null}}]},"59":{"loc":{"start":{"line":261,"column":12},"end":{"line":261,"column":40}},"type":"binary-expr","locations":[{"start":{"line":261,"column":12},"end":{"line":261,"column":24}},{"start":{"line":261,"column":28},"end":{"line":261,"column":40}}]},"60":{"loc":{"start":{"line":280,"column":15},"end":{"line":283,"column":32}},"type":"binary-expr","locations":[{"start":{"line":280,"column":15},"end":{"line":280,"column":35}},{"start":{"line":281,"column":12},"end":{"line":281,"column":32}},{"start":{"line":282,"column":12},"end":{"line":282,"column":32}},{"start":{"line":283,"column":12},"end":{"line":283,"column":32}}]},"61":{"loc":{"start":{"line":331,"column":20},"end":{"line":331,"column":39}},"type":"cond-expr","locations":[{"start":{"line":331,"column":20},"end":{"line":331,"column":22}},{"start":{"line":331,"column":26},"end":{"line":331,"column":39}}]},"62":{"loc":{"start":{"line":331,"column":20},"end":{"line":331,"column":26}},"type":"binary-expr","locations":[{"start":{"line":331,"column":20},"end":{"line":331,"column":26}},{"start":{"line":331,"column":20},"end":{"line":331,"column":26}}]},"63":{"loc":{"start":{"line":349,"column":29},"end":{"line":349,"column":88}},"type":"cond-expr","locations":[{"start":{"line":349,"column":59},"end":{"line":349,"column":72}},{"start":{"line":349,"column":75},"end":{"line":349,"column":88}}]},"64":{"loc":{"start":{"line":349,"column":29},"end":{"line":349,"column":56}},"type":"cond-expr","locations":[{"start":{"line":349,"column":29},"end":{"line":349,"column":31}},{"start":{"line":349,"column":35},"end":{"line":349,"column":56}}]},"65":{"loc":{"start":{"line":349,"column":29},"end":{"line":349,"column":35}},"type":"binary-expr","locations":[{"start":{"line":349,"column":29},"end":{"line":349,"column":35}},{"start":{"line":349,"column":29},"end":{"line":349,"column":35}}]},"66":{"loc":{"start":{"line":351,"column":8},"end":{"line":364,"column":null}},"type":"if","locations":[{"start":{"line":351,"column":8},"end":{"line":364,"column":null}},{"start":{"line":359,"column":8},"end":{"line":364,"column":null}}]},"67":{"loc":{"start":{"line":351,"column":12},"end":{"line":351,"column":60}},"type":"binary-expr","locations":[{"start":{"line":351,"column":12},"end":{"line":351,"column":34}},{"start":{"line":351,"column":38},"end":{"line":351,"column":60}}]},"68":{"loc":{"start":{"line":377,"column":29},"end":{"line":377,"column":88}},"type":"cond-expr","locations":[{"start":{"line":377,"column":59},"end":{"line":377,"column":72}},{"start":{"line":377,"column":75},"end":{"line":377,"column":88}}]},"69":{"loc":{"start":{"line":377,"column":29},"end":{"line":377,"column":56}},"type":"cond-expr","locations":[{"start":{"line":377,"column":29},"end":{"line":377,"column":31}},{"start":{"line":377,"column":35},"end":{"line":377,"column":56}}]},"70":{"loc":{"start":{"line":377,"column":29},"end":{"line":377,"column":35}},"type":"binary-expr","locations":[{"start":{"line":377,"column":29},"end":{"line":377,"column":35}},{"start":{"line":377,"column":29},"end":{"line":377,"column":35}}]},"71":{"loc":{"start":{"line":379,"column":8},"end":{"line":392,"column":null}},"type":"if","locations":[{"start":{"line":379,"column":8},"end":{"line":392,"column":null}},{"start":{"line":387,"column":8},"end":{"line":392,"column":null}}]},"72":{"loc":{"start":{"line":379,"column":12},"end":{"line":379,"column":60}},"type":"binary-expr","locations":[{"start":{"line":379,"column":12},"end":{"line":379,"column":34}},{"start":{"line":379,"column":38},"end":{"line":379,"column":60}}]},"73":{"loc":{"start":{"line":405,"column":29},"end":{"line":405,"column":88}},"type":"cond-expr","locations":[{"start":{"line":405,"column":59},"end":{"line":405,"column":72}},{"start":{"line":405,"column":75},"end":{"line":405,"column":88}}]},"74":{"loc":{"start":{"line":405,"column":29},"end":{"line":405,"column":56}},"type":"cond-expr","locations":[{"start":{"line":405,"column":29},"end":{"line":405,"column":31}},{"start":{"line":405,"column":35},"end":{"line":405,"column":56}}]},"75":{"loc":{"start":{"line":405,"column":29},"end":{"line":405,"column":35}},"type":"binary-expr","locations":[{"start":{"line":405,"column":29},"end":{"line":405,"column":35}},{"start":{"line":405,"column":29},"end":{"line":405,"column":35}}]},"76":{"loc":{"start":{"line":407,"column":8},"end":{"line":420,"column":null}},"type":"if","locations":[{"start":{"line":407,"column":8},"end":{"line":420,"column":null}},{"start":{"line":415,"column":8},"end":{"line":420,"column":null}}]},"77":{"loc":{"start":{"line":407,"column":12},"end":{"line":407,"column":60}},"type":"binary-expr","locations":[{"start":{"line":407,"column":12},"end":{"line":407,"column":34}},{"start":{"line":407,"column":38},"end":{"line":407,"column":60}}]},"78":{"loc":{"start":{"line":433,"column":29},"end":{"line":433,"column":88}},"type":"cond-expr","locations":[{"start":{"line":433,"column":59},"end":{"line":433,"column":72}},{"start":{"line":433,"column":75},"end":{"line":433,"column":88}}]},"79":{"loc":{"start":{"line":433,"column":29},"end":{"line":433,"column":56}},"type":"cond-expr","locations":[{"start":{"line":433,"column":29},"end":{"line":433,"column":31}},{"start":{"line":433,"column":35},"end":{"line":433,"column":56}}]},"80":{"loc":{"start":{"line":433,"column":29},"end":{"line":433,"column":35}},"type":"binary-expr","locations":[{"start":{"line":433,"column":29},"end":{"line":433,"column":35}},{"start":{"line":433,"column":29},"end":{"line":433,"column":35}}]},"81":{"loc":{"start":{"line":435,"column":8},"end":{"line":448,"column":null}},"type":"if","locations":[{"start":{"line":435,"column":8},"end":{"line":448,"column":null}},{"start":{"line":443,"column":8},"end":{"line":448,"column":null}}]},"82":{"loc":{"start":{"line":435,"column":12},"end":{"line":435,"column":60}},"type":"binary-expr","locations":[{"start":{"line":435,"column":12},"end":{"line":435,"column":34}},{"start":{"line":435,"column":38},"end":{"line":435,"column":60}}]},"83":{"loc":{"start":{"line":457,"column":29},"end":{"line":457,"column":48}},"type":"cond-expr","locations":[{"start":{"line":457,"column":29},"end":{"line":457,"column":31}},{"start":{"line":457,"column":35},"end":{"line":457,"column":48}}]},"84":{"loc":{"start":{"line":457,"column":29},"end":{"line":457,"column":35}},"type":"binary-expr","locations":[{"start":{"line":457,"column":29},"end":{"line":457,"column":35}},{"start":{"line":457,"column":29},"end":{"line":457,"column":35}}]},"85":{"loc":{"start":{"line":472,"column":8},"end":{"line":489,"column":null}},"type":"if","locations":[{"start":{"line":472,"column":8},"end":{"line":489,"column":null}},{"start":{"line":482,"column":8},"end":{"line":489,"column":null}}]},"86":{"loc":{"start":{"line":472,"column":12},"end":{"line":472,"column":60}},"type":"binary-expr","locations":[{"start":{"line":472,"column":12},"end":{"line":472,"column":34}},{"start":{"line":472,"column":38},"end":{"line":472,"column":60}}]},"87":{"loc":{"start":{"line":506,"column":8},"end":{"line":521,"column":null}},"type":"if","locations":[{"start":{"line":506,"column":8},"end":{"line":521,"column":null}},{"start":{"line":514,"column":8},"end":{"line":521,"column":null}}]},"88":{"loc":{"start":{"line":530,"column":29},"end":{"line":530,"column":48}},"type":"cond-expr","locations":[{"start":{"line":530,"column":29},"end":{"line":530,"column":31}},{"start":{"line":530,"column":35},"end":{"line":530,"column":48}}]},"89":{"loc":{"start":{"line":530,"column":29},"end":{"line":530,"column":35}},"type":"binary-expr","locations":[{"start":{"line":530,"column":29},"end":{"line":530,"column":35}},{"start":{"line":530,"column":29},"end":{"line":530,"column":35}}]},"90":{"loc":{"start":{"line":534,"column":8},"end":{"line":541,"column":null}},"type":"if","locations":[{"start":{"line":534,"column":8},"end":{"line":541,"column":null}}]},"91":{"loc":{"start":{"line":534,"column":12},"end":{"line":534,"column":40}},"type":"binary-expr","locations":[{"start":{"line":534,"column":12},"end":{"line":534,"column":24}},{"start":{"line":534,"column":28},"end":{"line":534,"column":40}}]}},"s":{"0":1,"1":0,"2":0,"3":0,"4":0,"5":0,"6":0,"7":0,"8":0,"9":0,"10":0,"11":0,"12":0,"13":0,"14":0,"15":0,"16":0,"17":0,"18":0,"19":0,"20":0,"21":0,"22":0,"23":0,"24":0,"25":0,"26":0,"27":0,"28":0,"29":0,"30":0,"31":0,"32":0,"33":0,"34":0,"35":0,"36":0,"37":0,"38":0,"39":0,"40":0,"41":0,"42":0,"43":0,"44":0,"45":0,"46":0,"47":0,"48":0,"49":0,"50":0,"51":0,"52":0,"53":0,"54":0,"55":0,"56":0,"57":0,"58":0,"59":0,"60":0,"61":0,"62":0,"63":0,"64":0,"65":0,"66":0,"67":0,"68":0,"69":0,"70":0,"71":0,"72":0,"73":0,"74":0,"75":0,"76":0,"77":0,"78":0,"79":0,"80":0,"81":0,"82":0,"83":0,"84":0,"85":0,"86":0,"87":0,"88":0,"89":0,"90":0,"91":0,"92":0,"93":0,"94":0,"95":0,"96":0,"97":0,"98":0,"99":0,"100":0,"101":0,"102":0,"103":0,"104":0,"105":0,"106":0,"107":0,"108":0,"109":0,"110":0,"111":0,"112":0,"113":0,"114":0,"115":0,"116":0,"117":0,"118":0,"119":0,"120":0,"121":0,"122":0,"123":0,"124":0,"125":0,"126":0,"127":0,"128":0,"129":0,"130":0,"131":0,"132":0,"133":0,"134":0,"135":0,"136":0,"137":0,"138":0,"139":0,"140":0,"141":0,"142":0,"143":0,"144":0,"145":0,"146":0,"147":0,"148":0,"149":0,"150":0,"151":0,"152":0,"153":0,"154":0,"155":0,"156":0,"157":0,"158":0,"159":0,"160":0,"161":0,"162":0,"163":0,"164":0,"165":0,"166":0,"167":0,"168":0,"169":0,"170":0,"171":0,"172":0,"173":0,"174":0,"175":0,"176":0,"177":0,"178":1,"179":1},"f":{"0":0,"1":0,"2":0,"3":0,"4":0,"5":0,"6":0,"7":0,"8":0,"9":0,"10":0,"11":0,"12":0,"13":0,"14":0,"15":0,"16":0,"17":0,"18":0,"19":0,"20":0,"21":0,"22":0,"23":0,"24":0,"25":0,"26":0,"27":0,"28":0,"29":0,"30":0,"31":0,"32":0,"33":0,"34":0,"35":0,"36":0,"37":0,"38":0},"b":{"0":[0],"1":[0,0],"2":[0,0],"3":[0,0],"4":[0,0],"5":[0,0],"6":[0,0],"7":[0,0],"8":[0,0],"9":[0,0],"10":[0,0],"11":[0,0],"12":[0,0],"13":[0,0],"14":[0,0],"15":[0,0],"16":[0,0],"17":[0,0],"18":[0,0],"19":[0,0],"20":[0,0],"21":[0,0],"22":[0,0],"23":[0,0],"24":[0,0],"25":[0,0],"26":[0,0],"27":[0,0],"28":[0,0],"29":[0,0],"30":[0,0],"31":[0,0],"32":[0,0],"33":[0,0],"34":[0,0],"35":[0,0],"36":[0,0],"37":[0,0],"38":[0,0],"39":[0,0],"40":[0,0],"41":[0,0],"42":[0,0],"43":[0,0],"44":[0,0],"45":[0,0],"46":[0,0],"47":[0,0],"48":[0,0],"49":[0,0],"50":[0,0],"51":[0,0],"52":[0,0],"53":[0,0],"54":[0,0],"55":[0,0],"56":[0,0],"57":[0,0],"58":[0],"59":[0,0],"60":[0,0,0,0],"61":[0,0],"62":[0,0],"63":[0,0],"64":[0,0],"65":[0,0],"66":[0,0],"67":[0,0],"68":[0,0],"69":[0,0],"70":[0,0],"71":[0,0],"72":[0,0],"73":[0,0],"74":[0,0],"75":[0,0],"76":[0,0],"77":[0,0],"78":[0,0],"79":[0,0],"80":[0,0],"81":[0,0],"82":[0,0],"83":[0,0],"84":[0,0],"85":[0,0],"86":[0,0],"87":[0,0],"88":[0,0],"89":[0,0],"90":[0],"91":[0,0]}}
,"D:\\Projects\\Personal\\@fwge\\packages\\common\\src\\vector\\index.ts": {"path":"D:\\Projects\\Personal\\@fwge\\packages\\common\\src\\vector\\index.ts","statementMap":{"0":{"start":{"line":1,"column":0},"end":{"line":1,"column":24}},"1":{"start":{"line":2,"column":0},"end":{"line":2,"column":25}},"2":{"start":{"line":3,"column":0},"end":{"line":3,"column":25}},"3":{"start":{"line":4,"column":0},"end":{"line":4,"column":25}}},"fnMap":{},"branchMap":{},"s":{"0":1,"1":1,"2":1,"3":1},"f":{},"b":{}}
}
