TN:
SF:src\constants.ts
FNF:0
FNH:0
DA:1,1
DA:2,1
LF:2
LH:2
BRF:0
BRH:0
end_of_record
TN:
SF:src\matrix\Matrix2.ts
FN:98,(anonymous_0)
FN:13,(anonymous_1)
FN:18,(anonymous_2)
FN:23,(anonymous_3)
FN:28,(anonymous_4)
FN:33,(anonymous_5)
FN:38,(anonymous_6)
FN:43,(anonymous_7)
FN:48,(anonymous_8)
FN:53,(anonymous_9)
FN:58,(anonymous_10)
FN:63,(anonymous_11)
FN:68,(anonymous_12)
FN:73,(anonymous_13)
FN:78,(anonymous_14)
FN:83,(anonymous_15)
FN:130,(anonymous_16)
FN:153,(anonymous_17)
FN:176,(anonymous_18)
FN:199,(anonymous_19)
FN:221,(anonymous_20)
FN:231,(anonymous_21)
FN:239,(anonymous_22)
FN:254,(anonymous_23)
FN:265,(anonymous_24)
FN:275,(anonymous_25)
FN:280,(anonymous_26)
FN:290,(anonymous_27)
FN:295,(anonymous_28)
FN:310,(anonymous_29)
FN:338,(anonymous_30)
FN:364,(anonymous_31)
FN:378,(anonymous_32)
FN:390,(anonymous_33)
FN:408,(anonymous_34)
FN:420,(anonymous_35)
FN:436,(anonymous_36)
FNF:37
FNH:29
FNDA:54,(anonymous_0)
FNDA:7,(anonymous_1)
FNDA:1,(anonymous_2)
FNDA:7,(anonymous_3)
FNDA:1,(anonymous_4)
FNDA:7,(anonymous_5)
FNDA:1,(anonymous_6)
FNDA:7,(anonymous_7)
FNDA:1,(anonymous_8)
FNDA:3,(anonymous_9)
FNDA:1,(anonymous_10)
FNDA:1,(anonymous_11)
FNDA:1,(anonymous_12)
FNDA:1,(anonymous_13)
FNDA:1,(anonymous_14)
FNDA:1,(anonymous_15)
FNDA:8,(anonymous_16)
FNDA:3,(anonymous_17)
FNDA:3,(anonymous_18)
FNDA:3,(anonymous_19)
FNDA:1,(anonymous_20)
FNDA:1,(anonymous_21)
FNDA:2,(anonymous_22)
FNDA:1,(anonymous_23)
FNDA:1,(anonymous_24)
FNDA:1,(anonymous_25)
FNDA:2,(anonymous_26)
FNDA:1,(anonymous_27)
FNDA:1,(anonymous_28)
FNDA:0,(anonymous_29)
FNDA:0,(anonymous_30)
FNDA:0,(anonymous_31)
FNDA:0,(anonymous_32)
FNDA:0,(anonymous_33)
FNDA:0,(anonymous_34)
FNDA:0,(anonymous_35)
FNDA:0,(anonymous_36)
DA:2,1
DA:4,1
DA:5,1
DA:6,1
DA:10,1
DA:15,7
DA:20,1
DA:25,7
DA:30,1
DA:35,7
DA:40,1
DA:45,7
DA:50,1
DA:55,3
DA:60,1
DA:65,1
DA:70,1
DA:75,1
DA:80,1
DA:85,1
DA:100,54
DA:102,2
DA:104,52
DA:106,2
DA:112,50
DA:114,49
DA:122,1
DA:132,8
DA:134,6
DA:135,6
DA:136,6
DA:137,6
DA:141,2
DA:142,2
DA:143,2
DA:144,2
DA:147,8
DA:155,3
DA:157,1
DA:158,1
DA:159,1
DA:160,1
DA:164,2
DA:165,2
DA:166,2
DA:167,2
DA:170,3
DA:178,3
DA:180,1
DA:181,1
DA:182,1
DA:183,1
DA:187,2
DA:188,2
DA:189,2
DA:190,2
DA:193,3
DA:201,3
DA:203,1
DA:212,2
DA:223,1
DA:224,1
DA:225,1
DA:226,1
DA:228,1
DA:233,1
DA:241,2
DA:243,2
DA:245,1
DA:251,2
DA:256,1
DA:257,1
DA:258,1
DA:259,1
DA:261,1
DA:267,1
DA:268,1
DA:269,1
DA:270,1
DA:272,1
DA:277,1
DA:282,2
DA:292,1
DA:297,1
DA:300,1
DA:312,0
DA:314,0
DA:316,0
DA:317,0
DA:318,0
DA:319,0
DA:323,0
DA:324,0
DA:325,0
DA:326,0
DA:329,0
DA:340,0
DA:342,0
DA:344,0
DA:353,0
DA:366,0
DA:368,0
DA:369,0
DA:370,0
DA:371,0
DA:373,0
DA:380,0
DA:382,0
DA:392,0
DA:393,0
DA:395,0
DA:397,0
DA:403,0
DA:410,0
DA:412,0
DA:422,0
DA:424,0
DA:425,0
DA:426,0
DA:428,0
DA:438,0
DA:440,0
LF:122
LH:85
BRDA:98,0,0,2
BRDA:100,1,0,2
BRDA:100,1,1,52
BRDA:102,2,0,1
BRDA:102,2,1,1
BRDA:102,3,0,2
BRDA:102,3,1,2
BRDA:104,4,0,2
BRDA:104,4,1,50
BRDA:104,5,0,52
BRDA:104,5,1,52
BRDA:104,5,2,52
BRDA:112,6,0,49
BRDA:112,6,1,1
BRDA:116,7,0,44
BRDA:116,7,1,5
BRDA:116,8,0,49
BRDA:116,8,1,49
BRDA:117,9,0,44
BRDA:117,9,1,5
BRDA:117,10,0,49
BRDA:117,10,1,49
BRDA:117,11,0,44
BRDA:117,11,1,5
BRDA:117,12,0,49
BRDA:117,12,1,49
BRDA:132,13,0,6
BRDA:132,13,1,2
BRDA:155,14,0,1
BRDA:155,14,1,2
BRDA:178,15,0,1
BRDA:178,15,1,2
BRDA:201,16,0,1
BRDA:201,16,1,2
BRDA:243,17,0,1
BRDA:282,18,0,2
BRDA:282,18,1,2
BRDA:282,18,2,2
BRDA:282,18,3,2
BRDA:312,19,0,0
BRDA:312,19,1,0
BRDA:312,20,0,0
BRDA:312,20,1,0
BRDA:312,21,0,0
BRDA:312,21,1,0
BRDA:314,22,0,0
BRDA:314,22,1,0
BRDA:314,23,0,0
BRDA:314,23,1,0
BRDA:340,24,0,0
BRDA:340,24,1,0
BRDA:340,25,0,0
BRDA:340,25,1,0
BRDA:340,26,0,0
BRDA:340,26,1,0
BRDA:342,27,0,0
BRDA:342,27,1,0
BRDA:342,28,0,0
BRDA:342,28,1,0
BRDA:366,29,0,0
BRDA:366,29,1,0
BRDA:366,30,0,0
BRDA:366,30,1,0
BRDA:380,31,0,0
BRDA:380,31,1,0
BRDA:380,32,0,0
BRDA:380,32,1,0
BRDA:392,33,0,0
BRDA:392,33,1,0
BRDA:392,34,0,0
BRDA:392,34,1,0
BRDA:395,35,0,0
BRDA:410,36,0,0
BRDA:410,36,1,0
BRDA:410,37,0,0
BRDA:410,37,1,0
BRDA:422,38,0,0
BRDA:422,38,1,0
BRDA:422,39,0,0
BRDA:422,39,1,0
BRDA:438,40,0,0
BRDA:438,40,1,0
BRDA:438,41,0,0
BRDA:438,41,1,0
BRF:84
BRH:39
end_of_record
TN:
SF:src\matrix\Matrix3.ts
FN:162,(anonymous_0)
FN:13,(anonymous_1)
FN:18,(anonymous_2)
FN:23,(anonymous_3)
FN:28,(anonymous_4)
FN:33,(anonymous_5)
FN:38,(anonymous_6)
FN:43,(anonymous_7)
FN:48,(anonymous_8)
FN:53,(anonymous_9)
FN:58,(anonymous_10)
FN:63,(anonymous_11)
FN:68,(anonymous_12)
FN:73,(anonymous_13)
FN:78,(anonymous_14)
FN:83,(anonymous_15)
FN:88,(anonymous_16)
FN:93,(anonymous_17)
FN:98,(anonymous_18)
FN:103,(anonymous_19)
FN:112,(anonymous_20)
FN:117,(anonymous_21)
FN:122,(anonymous_22)
FN:127,(anonymous_23)
FN:132,(anonymous_24)
FN:137,(anonymous_25)
FN:142,(anonymous_26)
FN:147,(anonymous_27)
FN:205,(anonymous_28)
FN:238,(anonymous_29)
FN:271,(anonymous_30)
FN:304,(anonymous_31)
FN:340,(anonymous_32)
FN:355,(anonymous_33)
FN:364,(anonymous_34)
FN:388,(anonymous_35)
FN:403,(anonymous_36)
FN:418,(anonymous_37)
FN:423,(anonymous_38)
FN:438,(anonymous_39)
FN:443,(anonymous_40)
FN:476,(anonymous_41)
FN:520,(anonymous_42)
FN:564,(anonymous_43)
FN:606,(anonymous_44)
FN:625,(anonymous_45)
FN:638,(anonymous_46)
FN:671,(anonymous_47)
FN:693,(anonymous_48)
FN:731,(anonymous_49)
FN:774,(anonymous_50)
FNF:51
FNH:0
FNDA:0,(anonymous_0)
FNDA:0,(anonymous_1)
FNDA:0,(anonymous_2)
FNDA:0,(anonymous_3)
FNDA:0,(anonymous_4)
FNDA:0,(anonymous_5)
FNDA:0,(anonymous_6)
FNDA:0,(anonymous_7)
FNDA:0,(anonymous_8)
FNDA:0,(anonymous_9)
FNDA:0,(anonymous_10)
FNDA:0,(anonymous_11)
FNDA:0,(anonymous_12)
FNDA:0,(anonymous_13)
FNDA:0,(anonymous_14)
FNDA:0,(anonymous_15)
FNDA:0,(anonymous_16)
FNDA:0,(anonymous_17)
FNDA:0,(anonymous_18)
FNDA:0,(anonymous_19)
FNDA:0,(anonymous_20)
FNDA:0,(anonymous_21)
FNDA:0,(anonymous_22)
FNDA:0,(anonymous_23)
FNDA:0,(anonymous_24)
FNDA:0,(anonymous_25)
FNDA:0,(anonymous_26)
FNDA:0,(anonymous_27)
FNDA:0,(anonymous_28)
FNDA:0,(anonymous_29)
FNDA:0,(anonymous_30)
FNDA:0,(anonymous_31)
FNDA:0,(anonymous_32)
FNDA:0,(anonymous_33)
FNDA:0,(anonymous_34)
FNDA:0,(anonymous_35)
FNDA:0,(anonymous_36)
FNDA:0,(anonymous_37)
FNDA:0,(anonymous_38)
FNDA:0,(anonymous_39)
FNDA:0,(anonymous_40)
FNDA:0,(anonymous_41)
FNDA:0,(anonymous_42)
FNDA:0,(anonymous_43)
FNDA:0,(anonymous_44)
FNDA:0,(anonymous_45)
FNDA:0,(anonymous_46)
FNDA:0,(anonymous_47)
FNDA:0,(anonymous_48)
FNDA:0,(anonymous_49)
FNDA:0,(anonymous_50)
DA:2,1
DA:4,1
DA:5,1
DA:6,1
DA:10,1
DA:15,0
DA:20,0
DA:25,0
DA:30,0
DA:35,0
DA:40,0
DA:45,0
DA:50,0
DA:55,0
DA:60,0
DA:65,0
DA:70,0
DA:75,0
DA:80,0
DA:85,0
DA:90,0
DA:95,0
DA:100,0
DA:105,0
DA:114,0
DA:119,0
DA:124,0
DA:129,0
DA:134,0
DA:139,0
DA:144,0
DA:149,0
DA:164,0
DA:166,0
DA:168,0
DA:170,0
DA:177,0
DA:179,0
DA:186,0
DA:188,0
DA:197,0
DA:207,0
DA:209,0
DA:210,0
DA:211,0
DA:212,0
DA:213,0
DA:214,0
DA:215,0
DA:216,0
DA:217,0
DA:221,0
DA:222,0
DA:223,0
DA:224,0
DA:225,0
DA:226,0
DA:227,0
DA:228,0
DA:229,0
DA:232,0
DA:240,0
DA:242,0
DA:243,0
DA:244,0
DA:245,0
DA:246,0
DA:247,0
DA:248,0
DA:249,0
DA:250,0
DA:254,0
DA:255,0
DA:256,0
DA:257,0
DA:258,0
DA:259,0
DA:260,0
DA:261,0
DA:262,0
DA:265,0
DA:273,0
DA:275,0
DA:276,0
DA:277,0
DA:278,0
DA:279,0
DA:280,0
DA:281,0
DA:282,0
DA:283,0
DA:287,0
DA:288,0
DA:289,0
DA:290,0
DA:291,0
DA:292,0
DA:293,0
DA:294,0
DA:295,0
DA:298,0
DA:306,0
DA:308,0
DA:324,0
DA:342,0
DA:343,0
DA:344,0
DA:345,0
DA:346,0
DA:347,0
DA:348,0
DA:349,0
DA:350,0
DA:352,0
DA:357,0
DA:366,0
DA:368,0
DA:370,0
DA:385,0
DA:390,0
DA:391,0
DA:392,0
DA:393,0
DA:394,0
DA:395,0
DA:396,0
DA:397,0
DA:398,0
DA:400,0
DA:405,0
DA:406,0
DA:407,0
DA:408,0
DA:409,0
DA:410,0
DA:411,0
DA:412,0
DA:413,0
DA:415,0
DA:420,0
DA:425,0
DA:440,0
DA:445,0
DA:448,1
DA:480,0
DA:482,0
DA:484,0
DA:485,0
DA:486,0
DA:487,0
DA:488,0
DA:489,0
DA:490,0
DA:491,0
DA:492,0
DA:496,0
DA:497,0
DA:498,0
DA:499,0
DA:500,0
DA:501,0
DA:502,0
DA:503,0
DA:504,0
DA:507,0
DA:524,0
DA:526,0
DA:528,0
DA:529,0
DA:530,0
DA:531,0
DA:532,0
DA:533,0
DA:534,0
DA:535,0
DA:536,0
DA:540,0
DA:541,0
DA:542,0
DA:543,0
DA:544,0
DA:545,0
DA:546,0
DA:547,0
DA:548,0
DA:551,0
DA:568,0
DA:570,0
DA:572,0
DA:588,0
DA:608,0
DA:610,0
DA:611,0
DA:612,0
DA:613,0
DA:614,0
DA:615,0
DA:616,0
DA:617,0
DA:618,0
DA:620,0
DA:627,0
DA:629,0
DA:640,0
DA:641,0
DA:643,0
DA:645,0
DA:660,0
DA:673,0
DA:674,0
DA:678,0
DA:695,0
DA:696,0
DA:699,0
DA:703,0
DA:704,0
DA:705,0
DA:706,0
DA:708,0
DA:733,0
DA:734,0
DA:738,0
DA:739,0
DA:740,0
DA:742,0
DA:743,0
DA:744,0
DA:746,0
DA:747,0
DA:748,0
DA:750,0
DA:776,0
DA:777,0
DA:781,0
LF:234
LH:6
BRDA:162,0,0,0
BRDA:164,1,0,0
BRDA:164,1,1,0
BRDA:166,2,0,0
BRDA:166,2,1,0
BRDA:166,3,0,0
BRDA:166,3,1,0
BRDA:168,4,0,0
BRDA:168,4,1,0
BRDA:168,5,0,0
BRDA:168,5,1,0
BRDA:177,6,0,0
BRDA:177,6,1,0
BRDA:186,7,0,0
BRDA:186,7,1,0
BRDA:190,8,0,0
BRDA:190,8,1,0
BRDA:190,9,0,0
BRDA:190,9,1,0
BRDA:190,10,0,0
BRDA:190,10,1,0
BRDA:190,11,0,0
BRDA:190,11,1,0
BRDA:191,12,0,0
BRDA:191,12,1,0
BRDA:191,13,0,0
BRDA:191,13,1,0
BRDA:191,14,0,0
BRDA:191,14,1,0
BRDA:191,15,0,0
BRDA:191,15,1,0
BRDA:191,16,0,0
BRDA:191,16,1,0
BRDA:191,17,0,0
BRDA:191,17,1,0
BRDA:192,18,0,0
BRDA:192,18,1,0
BRDA:192,19,0,0
BRDA:192,19,1,0
BRDA:192,20,0,0
BRDA:192,20,1,0
BRDA:192,21,0,0
BRDA:192,21,1,0
BRDA:192,22,0,0
BRDA:192,22,1,0
BRDA:192,23,0,0
BRDA:192,23,1,0
BRDA:207,24,0,0
BRDA:207,24,1,0
BRDA:240,25,0,0
BRDA:240,25,1,0
BRDA:273,26,0,0
BRDA:273,26,1,0
BRDA:306,27,0,0
BRDA:306,27,1,0
BRDA:368,28,0,0
BRDA:425,29,0,0
BRDA:425,29,1,0
BRDA:425,29,2,0
BRDA:425,29,3,0
BRDA:425,29,4,0
BRDA:425,29,5,0
BRDA:425,29,6,0
BRDA:425,29,7,0
BRDA:425,29,8,0
BRDA:480,30,0,0
BRDA:480,30,1,0
BRDA:480,31,0,0
BRDA:480,31,1,0
BRDA:480,32,0,0
BRDA:480,32,1,0
BRDA:482,33,0,0
BRDA:482,33,1,0
BRDA:482,34,0,0
BRDA:482,34,1,0
BRDA:524,35,0,0
BRDA:524,35,1,0
BRDA:524,36,0,0
BRDA:524,36,1,0
BRDA:524,37,0,0
BRDA:524,37,1,0
BRDA:526,38,0,0
BRDA:526,38,1,0
BRDA:526,39,0,0
BRDA:526,39,1,0
BRDA:568,40,0,0
BRDA:568,40,1,0
BRDA:568,41,0,0
BRDA:568,41,1,0
BRDA:568,42,0,0
BRDA:568,42,1,0
BRDA:570,43,0,0
BRDA:570,43,1,0
BRDA:570,44,0,0
BRDA:570,44,1,0
BRDA:608,45,0,0
BRDA:608,45,1,0
BRDA:608,46,0,0
BRDA:608,46,1,0
BRDA:627,47,0,0
BRDA:627,47,1,0
BRDA:627,48,0,0
BRDA:627,48,1,0
BRDA:640,49,0,0
BRDA:640,49,1,0
BRDA:640,50,0,0
BRDA:640,50,1,0
BRDA:643,51,0,0
BRDA:673,52,0,0
BRDA:673,52,1,0
BRDA:673,53,0,0
BRDA:673,53,1,0
BRDA:674,54,0,0
BRDA:674,54,1,0
BRDA:675,55,0,0
BRDA:675,55,1,0
BRDA:675,56,0,0
BRDA:675,56,1,0
BRDA:675,57,0,0
BRDA:675,57,1,0
BRDA:675,58,0,0
BRDA:675,58,1,0
BRDA:695,59,0,0
BRDA:695,59,1,0
BRDA:695,60,0,0
BRDA:695,60,1,0
BRDA:695,61,0,0
BRDA:695,61,1,0
BRDA:696,62,0,0
BRDA:696,62,1,0
BRDA:697,63,0,0
BRDA:697,63,1,0
BRDA:699,64,0,0
BRDA:699,64,1,0
BRDA:700,65,0,0
BRDA:700,65,1,0
BRDA:700,66,0,0
BRDA:700,66,1,0
BRDA:733,67,0,0
BRDA:733,67,1,0
BRDA:733,68,0,0
BRDA:733,68,1,0
BRDA:734,69,0,0
BRDA:734,69,1,0
BRDA:735,70,0,0
BRDA:735,70,1,0
BRDA:735,71,0,0
BRDA:735,71,1,0
BRDA:735,72,0,0
BRDA:735,72,1,0
BRDA:735,73,0,0
BRDA:735,73,1,0
BRDA:776,74,0,0
BRDA:776,74,1,0
BRDA:776,75,0,0
BRDA:776,75,1,0
BRDA:777,76,0,0
BRDA:777,76,1,0
BRDA:778,77,0,0
BRDA:778,77,1,0
BRDA:778,78,0,0
BRDA:778,78,1,0
BRDA:778,79,0,0
BRDA:778,79,1,0
BRDA:778,80,0,0
BRDA:778,80,1,0
BRF:166
BRH:0
end_of_record
TN:
SF:src\matrix\Matrix4.ts
FN:275,(anonymous_0)
FN:13,(anonymous_1)
FN:18,(anonymous_2)
FN:23,(anonymous_3)
FN:28,(anonymous_4)
FN:33,(anonymous_5)
FN:38,(anonymous_6)
FN:43,(anonymous_7)
FN:48,(anonymous_8)
FN:53,(anonymous_9)
FN:58,(anonymous_10)
FN:63,(anonymous_11)
FN:68,(anonymous_12)
FN:73,(anonymous_13)
FN:78,(anonymous_14)
FN:83,(anonymous_15)
FN:88,(anonymous_16)
FN:93,(anonymous_17)
FN:98,(anonymous_18)
FN:103,(anonymous_19)
FN:108,(anonymous_20)
FN:113,(anonymous_21)
FN:118,(anonymous_22)
FN:123,(anonymous_23)
FN:128,(anonymous_24)
FN:133,(anonymous_25)
FN:138,(anonymous_26)
FN:143,(anonymous_27)
FN:148,(anonymous_28)
FN:153,(anonymous_29)
FN:158,(anonymous_30)
FN:163,(anonymous_31)
FN:168,(anonymous_32)
FN:173,(anonymous_33)
FN:203,(anonymous_34)
FN:208,(anonymous_35)
FN:213,(anonymous_36)
FN:218,(anonymous_37)
FN:223,(anonymous_38)
FN:228,(anonymous_39)
FN:233,(anonymous_40)
FN:238,(anonymous_41)
FN:243,(anonymous_42)
FN:248,(anonymous_43)
FN:256,(anonymous_44)
FN:321,(anonymous_45)
FN:368,(anonymous_46)
FN:415,(anonymous_47)
FN:462,(anonymous_48)
FN:508,(anonymous_49)
FN:530,(anonymous_50)
FN:540,(anonymous_51)
FN:699,(anonymous_52)
FN:721,(anonymous_53)
FN:743,(anonymous_54)
FN:748,(anonymous_55)
FN:770,(anonymous_56)
FN:780,(anonymous_57)
FN:822,(anonymous_58)
FN:908,(anonymous_59)
FN:994,(anonymous_60)
FN:1057,(anonymous_61)
FN:1083,(anonymous_62)
FN:1097,(anonymous_63)
FN:1265,(anonymous_64)
FN:1288,(anonymous_65)
FN:1331,(anonymous_66)
FN:1354,(anonymous_67)
FN:1401,(anonymous_68)
FN:1420,(anonymous_69)
FN:1437,(anonymous_70)
FN:1514,(anonymous_71)
FN:1544,(anonymous_72)
FN:1568,(anonymous_73)
FN:1610,(anonymous_74)
FNF:75
FNH:0
FNDA:0,(anonymous_0)
FNDA:0,(anonymous_1)
FNDA:0,(anonymous_2)
FNDA:0,(anonymous_3)
FNDA:0,(anonymous_4)
FNDA:0,(anonymous_5)
FNDA:0,(anonymous_6)
FNDA:0,(anonymous_7)
FNDA:0,(anonymous_8)
FNDA:0,(anonymous_9)
FNDA:0,(anonymous_10)
FNDA:0,(anonymous_11)
FNDA:0,(anonymous_12)
FNDA:0,(anonymous_13)
FNDA:0,(anonymous_14)
FNDA:0,(anonymous_15)
FNDA:0,(anonymous_16)
FNDA:0,(anonymous_17)
FNDA:0,(anonymous_18)
FNDA:0,(anonymous_19)
FNDA:0,(anonymous_20)
FNDA:0,(anonymous_21)
FNDA:0,(anonymous_22)
FNDA:0,(anonymous_23)
FNDA:0,(anonymous_24)
FNDA:0,(anonymous_25)
FNDA:0,(anonymous_26)
FNDA:0,(anonymous_27)
FNDA:0,(anonymous_28)
FNDA:0,(anonymous_29)
FNDA:0,(anonymous_30)
FNDA:0,(anonymous_31)
FNDA:0,(anonymous_32)
FNDA:0,(anonymous_33)
FNDA:0,(anonymous_34)
FNDA:0,(anonymous_35)
FNDA:0,(anonymous_36)
FNDA:0,(anonymous_37)
FNDA:0,(anonymous_38)
FNDA:0,(anonymous_39)
FNDA:0,(anonymous_40)
FNDA:0,(anonymous_41)
FNDA:0,(anonymous_42)
FNDA:0,(anonymous_43)
FNDA:0,(anonymous_44)
FNDA:0,(anonymous_45)
FNDA:0,(anonymous_46)
FNDA:0,(anonymous_47)
FNDA:0,(anonymous_48)
FNDA:0,(anonymous_49)
FNDA:0,(anonymous_50)
FNDA:0,(anonymous_51)
FNDA:0,(anonymous_52)
FNDA:0,(anonymous_53)
FNDA:0,(anonymous_54)
FNDA:0,(anonymous_55)
FNDA:0,(anonymous_56)
FNDA:0,(anonymous_57)
FNDA:0,(anonymous_58)
FNDA:0,(anonymous_59)
FNDA:0,(anonymous_60)
FNDA:0,(anonymous_61)
FNDA:0,(anonymous_62)
FNDA:0,(anonymous_63)
FNDA:0,(anonymous_64)
FNDA:0,(anonymous_65)
FNDA:0,(anonymous_66)
FNDA:0,(anonymous_67)
FNDA:0,(anonymous_68)
FNDA:0,(anonymous_69)
FNDA:0,(anonymous_70)
FNDA:0,(anonymous_71)
FNDA:0,(anonymous_72)
FNDA:0,(anonymous_73)
FNDA:0,(anonymous_74)
DA:2,1
DA:4,1
DA:5,1
DA:6,1
DA:10,1
DA:15,0
DA:20,0
DA:25,0
DA:30,0
DA:35,0
DA:40,0
DA:45,0
DA:50,0
DA:55,0
DA:60,0
DA:65,0
DA:70,0
DA:75,0
DA:80,0
DA:85,0
DA:90,0
DA:95,0
DA:100,0
DA:105,0
DA:110,0
DA:115,0
DA:120,0
DA:125,0
DA:130,0
DA:135,0
DA:140,0
DA:145,0
DA:150,0
DA:155,0
DA:160,0
DA:165,0
DA:170,0
DA:175,0
DA:205,0
DA:210,0
DA:215,0
DA:220,0
DA:225,0
DA:230,0
DA:235,0
DA:240,0
DA:245,0
DA:250,0
DA:258,0
DA:277,0
DA:279,0
DA:281,0
DA:283,0
DA:291,0
DA:293,0
DA:301,0
DA:303,0
DA:313,0
DA:323,0
DA:325,0
DA:326,0
DA:327,0
DA:328,0
DA:329,0
DA:330,0
DA:331,0
DA:332,0
DA:333,0
DA:334,0
DA:335,0
DA:336,0
DA:337,0
DA:338,0
DA:339,0
DA:340,0
DA:344,0
DA:345,0
DA:346,0
DA:347,0
DA:348,0
DA:349,0
DA:350,0
DA:351,0
DA:352,0
DA:353,0
DA:354,0
DA:355,0
DA:356,0
DA:357,0
DA:358,0
DA:359,0
DA:362,0
DA:370,0
DA:372,0
DA:373,0
DA:374,0
DA:375,0
DA:376,0
DA:377,0
DA:378,0
DA:379,0
DA:380,0
DA:381,0
DA:382,0
DA:383,0
DA:384,0
DA:385,0
DA:386,0
DA:387,0
DA:391,0
DA:392,0
DA:393,0
DA:394,0
DA:395,0
DA:396,0
DA:397,0
DA:398,0
DA:399,0
DA:400,0
DA:401,0
DA:402,0
DA:403,0
DA:404,0
DA:405,0
DA:406,0
DA:409,0
DA:417,0
DA:419,0
DA:420,0
DA:421,0
DA:422,0
DA:423,0
DA:424,0
DA:425,0
DA:426,0
DA:427,0
DA:428,0
DA:429,0
DA:430,0
DA:431,0
DA:432,0
DA:433,0
DA:434,0
DA:438,0
DA:439,0
DA:440,0
DA:441,0
DA:442,0
DA:443,0
DA:444,0
DA:445,0
DA:446,0
DA:447,0
DA:448,0
DA:449,0
DA:450,0
DA:451,0
DA:452,0
DA:453,0
DA:456,0
DA:464,0
DA:466,0
DA:487,0
DA:510,0
DA:511,0
DA:512,0
DA:513,0
DA:514,0
DA:515,0
DA:516,0
DA:517,0
DA:518,0
DA:519,0
DA:520,0
DA:521,0
DA:522,0
DA:523,0
DA:524,0
DA:525,0
DA:527,0
DA:532,0
DA:542,0
DA:544,0
DA:546,0
DA:696,0
DA:701,0
DA:702,0
DA:703,0
DA:704,0
DA:705,0
DA:706,0
DA:707,0
DA:708,0
DA:709,0
DA:710,0
DA:711,0
DA:712,0
DA:713,0
DA:714,0
DA:715,0
DA:716,0
DA:718,0
DA:723,0
DA:724,0
DA:725,0
DA:726,0
DA:727,0
DA:728,0
DA:729,0
DA:730,0
DA:731,0
DA:732,0
DA:733,0
DA:734,0
DA:735,0
DA:736,0
DA:737,0
DA:738,0
DA:740,0
DA:745,0
DA:750,0
DA:772,0
DA:782,0
DA:790,1
DA:836,0
DA:838,0
DA:840,0
DA:841,0
DA:842,0
DA:843,0
DA:844,0
DA:845,0
DA:846,0
DA:847,0
DA:848,0
DA:849,0
DA:850,0
DA:851,0
DA:852,0
DA:853,0
DA:854,0
DA:855,0
DA:859,0
DA:860,0
DA:861,0
DA:862,0
DA:863,0
DA:864,0
DA:865,0
DA:866,0
DA:867,0
DA:868,0
DA:869,0
DA:870,0
DA:871,0
DA:872,0
DA:873,0
DA:874,0
DA:877,0
DA:922,0
DA:924,0
DA:926,0
DA:927,0
DA:928,0
DA:929,0
DA:930,0
DA:931,0
DA:932,0
DA:933,0
DA:934,0
DA:935,0
DA:936,0
DA:937,0
DA:938,0
DA:939,0
DA:940,0
DA:941,0
DA:945,0
DA:946,0
DA:947,0
DA:948,0
DA:949,0
DA:950,0
DA:951,0
DA:952,0
DA:953,0
DA:954,0
DA:955,0
DA:956,0
DA:957,0
DA:958,0
DA:959,0
DA:960,0
DA:963,0
DA:1008,0
DA:1010,0
DA:1012,0
DA:1033,0
DA:1059,0
DA:1061,0
DA:1062,0
DA:1063,0
DA:1064,0
DA:1065,0
DA:1066,0
DA:1067,0
DA:1068,0
DA:1069,0
DA:1070,0
DA:1071,0
DA:1072,0
DA:1073,0
DA:1074,0
DA:1075,0
DA:1076,0
DA:1078,0
DA:1085,0
DA:1087,0
DA:1099,0
DA:1100,0
DA:1102,0
DA:1104,0
DA:1254,0
DA:1267,0
DA:1268,0
DA:1272,0
DA:1290,0
DA:1291,0
DA:1294,0
DA:1298,0
DA:1299,0
DA:1300,0
DA:1301,0
DA:1303,0
DA:1333,0
DA:1334,0
DA:1338,0
DA:1356,0
DA:1357,0
DA:1361,0
DA:1362,0
DA:1363,0
DA:1365,0
DA:1366,0
DA:1367,0
DA:1369,0
DA:1370,0
DA:1371,0
DA:1373,0
DA:1403,0
DA:1404,0
DA:1408,0
DA:1422,0
DA:1424,0
DA:1425,0
DA:1426,0
DA:1428,0
DA:1439,0
DA:1449,0
DA:1451,0
DA:1452,0
DA:1454,0
DA:1455,0
DA:1456,0
DA:1457,0
DA:1458,0
DA:1459,0
DA:1463,0
DA:1464,0
DA:1466,0
DA:1467,0
DA:1468,0
DA:1469,0
DA:1470,0
DA:1471,0
DA:1474,0
DA:1475,0
DA:1477,0
DA:1478,0
DA:1479,0
DA:1480,0
DA:1481,0
DA:1482,0
DA:1483,0
DA:1485,0
DA:1516,0
DA:1521,0
DA:1523,0
DA:1524,0
DA:1525,0
DA:1529,0
DA:1530,0
DA:1531,0
DA:1534,0
DA:1546,0
DA:1547,0
DA:1548,0
DA:1549,0
DA:1550,0
DA:1551,0
DA:1553,0
DA:1570,0
DA:1572,0
DA:1574,0
DA:1575,0
DA:1576,0
DA:1578,0
DA:1579,0
DA:1580,0
DA:1582,0
DA:1583,0
DA:1584,0
DA:1588,0
DA:1589,0
DA:1590,0
DA:1592,0
DA:1593,0
DA:1594,0
DA:1596,0
DA:1597,0
DA:1598,0
DA:1601,0
DA:1612,0
DA:1613,0
DA:1614,0
DA:1615,0
DA:1617,0
DA:1619,0
DA:1620,0
DA:1621,0
DA:1625,0
DA:1626,0
DA:1627,0
DA:1630,0
DA:1631,0
DA:1632,0
DA:1634,0
LF:437
LH:6
BRDA:275,0,0,0
BRDA:277,1,0,0
BRDA:277,1,1,0
BRDA:279,2,0,0
BRDA:279,2,1,0
BRDA:279,3,0,0
BRDA:279,3,1,0
BRDA:281,4,0,0
BRDA:281,4,1,0
BRDA:291,5,0,0
BRDA:291,5,1,0
BRDA:301,6,0,0
BRDA:301,6,1,0
BRDA:305,7,0,0
BRDA:305,7,1,0
BRDA:305,8,0,0
BRDA:305,8,1,0
BRDA:305,9,0,0
BRDA:305,9,1,0
BRDA:305,10,0,0
BRDA:305,10,1,0
BRDA:305,11,0,0
BRDA:305,11,1,0
BRDA:305,12,0,0
BRDA:305,12,1,0
BRDA:306,13,0,0
BRDA:306,13,1,0
BRDA:306,14,0,0
BRDA:306,14,1,0
BRDA:306,15,0,0
BRDA:306,15,1,0
BRDA:306,16,0,0
BRDA:306,16,1,0
BRDA:306,17,0,0
BRDA:306,17,1,0
BRDA:306,18,0,0
BRDA:306,18,1,0
BRDA:306,19,0,0
BRDA:306,19,1,0
BRDA:306,20,0,0
BRDA:306,20,1,0
BRDA:307,21,0,0
BRDA:307,21,1,0
BRDA:307,22,0,0
BRDA:307,22,1,0
BRDA:307,23,0,0
BRDA:307,23,1,0
BRDA:307,24,0,0
BRDA:307,24,1,0
BRDA:307,25,0,0
BRDA:307,25,1,0
BRDA:307,26,0,0
BRDA:307,26,1,0
BRDA:307,27,0,0
BRDA:307,27,1,0
BRDA:307,28,0,0
BRDA:307,28,1,0
BRDA:308,29,0,0
BRDA:308,29,1,0
BRDA:308,30,0,0
BRDA:308,30,1,0
BRDA:308,31,0,0
BRDA:308,31,1,0
BRDA:308,32,0,0
BRDA:308,32,1,0
BRDA:308,33,0,0
BRDA:308,33,1,0
BRDA:308,34,0,0
BRDA:308,34,1,0
BRDA:308,35,0,0
BRDA:308,35,1,0
BRDA:308,36,0,0
BRDA:308,36,1,0
BRDA:323,37,0,0
BRDA:323,37,1,0
BRDA:370,38,0,0
BRDA:370,38,1,0
BRDA:417,39,0,0
BRDA:417,39,1,0
BRDA:464,40,0,0
BRDA:464,40,1,0
BRDA:544,41,0,0
BRDA:750,42,0,0
BRDA:750,42,1,0
BRDA:750,42,2,0
BRDA:750,42,3,0
BRDA:750,42,4,0
BRDA:750,42,5,0
BRDA:750,42,6,0
BRDA:750,42,7,0
BRDA:750,42,8,0
BRDA:750,42,9,0
BRDA:750,42,10,0
BRDA:750,42,11,0
BRDA:750,42,12,0
BRDA:750,42,13,0
BRDA:750,42,14,0
BRDA:750,42,15,0
BRDA:836,43,0,0
BRDA:836,43,1,0
BRDA:836,44,0,0
BRDA:836,44,1,0
BRDA:836,45,0,0
BRDA:836,45,1,0
BRDA:838,46,0,0
BRDA:838,46,1,0
BRDA:838,47,0,0
BRDA:838,47,1,0
BRDA:922,48,0,0
BRDA:922,48,1,0
BRDA:922,49,0,0
BRDA:922,49,1,0
BRDA:922,50,0,0
BRDA:922,50,1,0
BRDA:924,51,0,0
BRDA:924,51,1,0
BRDA:924,52,0,0
BRDA:924,52,1,0
BRDA:1008,53,0,0
BRDA:1008,53,1,0
BRDA:1008,54,0,0
BRDA:1008,54,1,0
BRDA:1008,55,0,0
BRDA:1008,55,1,0
BRDA:1010,56,0,0
BRDA:1010,56,1,0
BRDA:1010,57,0,0
BRDA:1010,57,1,0
BRDA:1059,58,0,0
BRDA:1059,58,1,0
BRDA:1059,59,0,0
BRDA:1059,59,1,0
BRDA:1085,60,0,0
BRDA:1085,60,1,0
BRDA:1085,61,0,0
BRDA:1085,61,1,0
BRDA:1099,62,0,0
BRDA:1099,62,1,0
BRDA:1099,63,0,0
BRDA:1099,63,1,0
BRDA:1102,64,0,0
BRDA:1267,65,0,0
BRDA:1267,65,1,0
BRDA:1267,66,0,0
BRDA:1267,66,1,0
BRDA:1267,67,0,0
BRDA:1267,67,1,0
BRDA:1268,68,0,0
BRDA:1268,68,1,0
BRDA:1269,69,0,0
BRDA:1269,69,1,0
BRDA:1269,70,0,0
BRDA:1269,70,1,0
BRDA:1269,71,0,0
BRDA:1269,71,1,0
BRDA:1269,72,0,0
BRDA:1269,72,1,0
BRDA:1269,73,0,0
BRDA:1269,73,1,0
BRDA:1269,74,0,0
BRDA:1269,74,1,0
BRDA:1290,75,0,0
BRDA:1290,75,1,0
BRDA:1290,76,0,0
BRDA:1290,76,1,0
BRDA:1290,77,0,0
BRDA:1290,77,1,0
BRDA:1291,78,0,0
BRDA:1291,78,1,0
BRDA:1292,79,0,0
BRDA:1292,79,1,0
BRDA:1294,80,0,0
BRDA:1294,80,1,0
BRDA:1295,81,0,0
BRDA:1295,81,1,0
BRDA:1295,82,0,0
BRDA:1295,82,1,0
BRDA:1333,83,0,0
BRDA:1333,83,1,0
BRDA:1333,84,0,0
BRDA:1333,84,1,0
BRDA:1333,85,0,0
BRDA:1333,85,1,0
BRDA:1334,86,0,0
BRDA:1334,86,1,0
BRDA:1335,87,0,0
BRDA:1335,87,1,0
BRDA:1335,88,0,0
BRDA:1335,88,1,0
BRDA:1335,89,0,0
BRDA:1335,89,1,0
BRDA:1335,90,0,0
BRDA:1335,90,1,0
BRDA:1356,91,0,0
BRDA:1356,91,1,0
BRDA:1356,92,0,0
BRDA:1356,92,1,0
BRDA:1356,93,0,0
BRDA:1356,93,1,0
BRDA:1357,94,0,0
BRDA:1357,94,1,0
BRDA:1358,95,0,0
BRDA:1358,95,1,0
BRDA:1358,96,0,0
BRDA:1358,96,1,0
BRDA:1358,97,0,0
BRDA:1358,97,1,0
BRDA:1358,98,0,0
BRDA:1358,98,1,0
BRDA:1403,99,0,0
BRDA:1403,99,1,0
BRDA:1403,100,0,0
BRDA:1403,100,1,0
BRDA:1403,101,0,0
BRDA:1403,101,1,0
BRDA:1404,102,0,0
BRDA:1404,102,1,0
BRDA:1405,103,0,0
BRDA:1405,103,1,0
BRDA:1405,104,0,0
BRDA:1405,104,1,0
BRDA:1405,105,0,0
BRDA:1405,105,1,0
BRDA:1405,106,0,0
BRDA:1405,106,1,0
BRDA:1422,107,0,0
BRDA:1422,107,1,0
BRDA:1422,108,0,0
BRDA:1422,108,1,0
BRDA:1422,109,0,0
BRDA:1422,109,1,0
BRDA:1439,110,0,0
BRDA:1439,110,1,0
BRDA:1439,111,0,0
BRDA:1439,111,1,0
BRDA:1449,112,0,0
BRDA:1449,112,1,0
BRDA:1449,113,0,0
BRDA:1449,113,1,0
BRDA:1449,113,2,0
BRDA:1451,114,0,0
BRDA:1451,114,1,0
BRDA:1451,115,0,0
BRDA:1451,115,1,0
BRDA:1452,116,0,0
BRDA:1452,116,1,0
BRDA:1452,117,0,0
BRDA:1452,117,1,0
BRDA:1463,118,0,0
BRDA:1463,118,1,0
BRDA:1463,119,0,0
BRDA:1463,119,1,0
BRDA:1464,120,0,0
BRDA:1464,120,1,0
BRDA:1464,121,0,0
BRDA:1464,121,1,0
BRDA:1516,122,0,0
BRDA:1516,122,1,0
BRDA:1516,123,0,0
BRDA:1516,123,1,0
BRDA:1521,124,0,0
BRDA:1521,124,1,0
BRDA:1546,125,0,0
BRDA:1546,125,1,0
BRDA:1546,126,0,0
BRDA:1546,126,1,0
BRDA:1570,127,0,0
BRDA:1570,127,1,0
BRDA:1570,128,0,0
BRDA:1570,128,1,0
BRDA:1572,129,0,0
BRDA:1572,129,1,0
BRDA:1572,130,0,0
BRDA:1572,130,1,0
BRDA:1572,130,2,0
BRDA:1612,131,0,0
BRDA:1612,131,1,0
BRDA:1612,132,0,0
BRDA:1612,132,1,0
BRDA:1617,133,0,0
BRDA:1617,133,1,0
BRDA:1617,134,0,0
BRDA:1617,134,1,0
BRDA:1617,134,2,0
BRF:284
BRH:0
end_of_record
TN:
SF:src\matrix\index.ts
FNF:0
FNH:0
DA:1,1
DA:2,1
DA:3,1
LF:3
LH:3
BRF:0
BRH:0
end_of_record
TN:
SF:src\utils\ArrayUtils.ts
FN:15,(anonymous_0)
FN:23,(anonymous_1)
FN:29,(anonymous_2)
FN:36,(anonymous_3)
FN:44,(anonymous_4)
FNF:5
FNH:0
FNDA:0,(anonymous_0)
FNDA:0,(anonymous_1)
FNDA:0,(anonymous_2)
FNDA:0,(anonymous_3)
FNDA:0,(anonymous_4)
DA:13,1
DA:17,0
DA:21,1
DA:25,0
DA:29,1
DA:31,0
DA:32,0
DA:33,0
DA:36,1
DA:38,0
DA:40,0
DA:44,1
DA:46,0
DA:48,0
DA:50,0
DA:52,0
DA:58,0
DA:61,0
LF:18
LH:5
BRDA:46,0,0,0
BRDA:46,0,1,0
BRDA:50,1,0,0
BRF:3
BRH:0
end_of_record
TN:
SF:src\utils\Decorators.ts
FN:20,(anonymous_0)
FN:20,(anonymous_1)
FN:25,(anonymous_2)
FN:35,IsSerializable
FN:48,(anonymous_4)
FNF:5
FNH:0
FNDA:0,(anonymous_0)
FNDA:0,(anonymous_1)
FNDA:0,(anonymous_2)
FNDA:0,IsSerializable
FNDA:0,(anonymous_4)
DA:20,1
DA:22,0
DA:23,0
DA:25,0
DA:27,0
DA:28,0
DA:35,1
DA:37,0
DA:39,0
DA:41,0
DA:43,0
DA:46,0
DA:48,0
DA:50,0
LF:14
LH:2
BRDA:23,0,0,0
BRDA:23,0,1,0
BRDA:23,1,0,0
BRDA:23,1,1,0
BRDA:37,2,0,0
BRDA:37,2,1,0
BRDA:41,3,0,0
BRF:7
BRH:0
end_of_record
TN:
SF:src\utils\Delay.ts
FN:9,CalcuateDelay
FNF:1
FNH:0
FNDA:0,CalcuateDelay
DA:9,1
DA:11,0
LF:2
LH:1
BRDA:11,0,0,0
BRDA:11,0,1,0
BRDA:11,1,0,0
BRDA:11,1,1,0
BRDA:12,2,0,0
BRDA:12,2,1,0
BRDA:12,3,0,0
BRDA:12,3,1,0
BRDA:13,4,0,0
BRDA:13,4,1,0
BRDA:13,5,0,0
BRDA:13,5,1,0
BRDA:14,6,0,0
BRDA:14,6,1,0
BRDA:14,7,0,0
BRDA:14,7,1,0
BRF:16
BRH:0
end_of_record
TN:
SF:src\utils\Equation.ts
FN:3,(anonymous_0)
FN:13,(anonymous_1)
FN:24,Var
FN:26,(anonymous_3)
FN:29,Unary
FN:34,(anonymous_5)
FN:37,(anonymous_6)
FN:40,(anonymous_7)
FN:43,(anonymous_8)
FN:46,(anonymous_9)
FN:49,(anonymous_10)
FN:56,Binary
FN:61,(anonymous_12)
FN:64,(anonymous_13)
FN:67,(anonymous_14)
FN:70,(anonymous_15)
FN:73,(anonymous_16)
FN:76,(anonymous_17)
FNF:18
FNH:2
FNDA:1,(anonymous_0)
FNDA:1,(anonymous_1)
FNDA:0,Var
FNDA:0,(anonymous_3)
FNDA:0,Unary
FNDA:0,(anonymous_5)
FNDA:0,(anonymous_6)
FNDA:0,(anonymous_7)
FNDA:0,(anonymous_8)
FNDA:0,(anonymous_9)
FNDA:0,(anonymous_10)
FNDA:0,Binary
FNDA:0,(anonymous_12)
FNDA:0,(anonymous_13)
FNDA:0,(anonymous_14)
FNDA:0,(anonymous_15)
FNDA:0,(anonymous_16)
FNDA:0,(anonymous_17)
DA:3,1
DA:5,1
DA:6,1
DA:7,1
DA:8,1
DA:9,1
DA:10,1
DA:13,1
DA:15,1
DA:16,1
DA:17,1
DA:18,1
DA:19,1
DA:20,1
DA:21,1
DA:24,1
DA:26,0
DA:29,1
DA:31,0
DA:34,0
DA:37,0
DA:40,0
DA:43,0
DA:46,0
DA:49,0
DA:52,0
DA:56,1
DA:58,0
DA:61,0
DA:64,0
DA:67,0
DA:70,0
DA:73,0
DA:76,0
DA:79,0
LF:35
LH:18
BRDA:3,0,0,1
BRDA:3,0,1,1
BRDA:13,1,0,1
BRDA:13,1,1,1
BRDA:31,2,0,0
BRDA:31,2,1,0
BRDA:31,2,2,0
BRDA:31,2,3,0
BRDA:31,2,4,0
BRDA:31,2,5,0
BRDA:31,2,6,0
BRDA:34,3,0,0
BRDA:34,3,1,0
BRDA:37,4,0,0
BRDA:37,4,1,0
BRDA:40,5,0,0
BRDA:40,5,1,0
BRDA:43,6,0,0
BRDA:43,6,1,0
BRDA:46,7,0,0
BRDA:46,7,1,0
BRDA:49,8,0,0
BRDA:49,8,1,0
BRDA:58,9,0,0
BRDA:58,9,1,0
BRDA:58,9,2,0
BRDA:58,9,3,0
BRDA:58,9,4,0
BRDA:58,9,5,0
BRDA:58,9,6,0
BRDA:61,10,0,0
BRDA:61,10,1,0
BRDA:61,11,0,0
BRDA:61,11,1,0
BRDA:64,12,0,0
BRDA:64,12,1,0
BRDA:64,13,0,0
BRDA:64,13,1,0
BRDA:67,14,0,0
BRDA:67,14,1,0
BRDA:67,15,0,0
BRDA:67,15,1,0
BRDA:70,16,0,0
BRDA:70,16,1,0
BRDA:70,17,0,0
BRDA:70,17,1,0
BRDA:73,18,0,0
BRDA:73,18,1,0
BRDA:73,19,0,0
BRDA:73,19,1,0
BRDA:76,20,0,0
BRDA:76,20,1,0
BRDA:76,21,0,0
BRDA:76,21,1,0
BRF:54
BRH:4
end_of_record
TN:
SF:src\utils\GL.ts
FN:14,createContext
FN:84,glClearErrors
FN:89,glCheckError
FN:118,assert
FNF:4
FNH:0
FNDA:0,createContext
FNDA:0,glClearErrors
FNDA:0,glCheckError
FNDA:0,assert
DA:1,1
DA:14,1
DA:16,0
DA:18,0
DA:20,0
DA:23,0
DA:25,0
DA:27,0
DA:81,0
DA:84,1
DA:86,0
DA:89,1
DA:91,0
DA:93,0
DA:96,0
DA:97,0
DA:99,0
DA:100,0
DA:102,0
DA:103,0
DA:105,0
DA:106,0
DA:108,0
DA:109,0
DA:111,0
DA:112,0
DA:115,0
DA:119,0
LF:28
LH:4
BRDA:14,0,0,0
BRDA:18,1,0,0
BRDA:27,2,0,0
BRDA:27,2,1,0
BRDA:93,3,0,0
BRDA:93,3,1,0
BRDA:93,3,2,0
BRDA:93,3,3,0
BRDA:93,3,4,0
BRDA:93,3,5,0
BRF:10
BRH:0
end_of_record
TN:
SF:src\utils\GLWrapper.ts
FN:2369,(anonymous_0)
FN:569,(anonymous_1)
FN:573,(anonymous_2)
FN:577,(anonymous_3)
FN:584,(anonymous_4)
FN:591,(anonymous_5)
FN:598,(anonymous_6)
FN:605,(anonymous_7)
FN:612,(anonymous_8)
FN:619,(anonymous_9)
FN:626,(anonymous_10)
FN:633,(anonymous_11)
FN:640,(anonymous_12)
FN:647,(anonymous_13)
FN:654,(anonymous_14)
FN:661,(anonymous_15)
FN:668,(anonymous_16)
FN:676,(anonymous_17)
FN:684,(anonymous_18)
FN:691,(anonymous_19)
FN:698,(anonymous_20)
FN:705,(anonymous_21)
FN:712,(anonymous_22)
FN:719,(anonymous_23)
FN:726,(anonymous_24)
FN:733,(anonymous_25)
FN:741,(anonymous_26)
FN:749,(anonymous_27)
FN:757,(anonymous_28)
FN:765,(anonymous_29)
FN:773,(anonymous_30)
FN:781,(anonymous_31)
FN:788,(anonymous_32)
FN:795,(anonymous_33)
FN:802,(anonymous_34)
FN:809,(anonymous_35)
FN:816,(anonymous_36)
FN:823,(anonymous_37)
FN:830,(anonymous_38)
FN:837,(anonymous_39)
FN:844,(anonymous_40)
FN:851,(anonymous_41)
FN:858,(anonymous_42)
FN:865,(anonymous_43)
FN:872,(anonymous_44)
FN:879,(anonymous_45)
FN:886,(anonymous_46)
FN:893,(anonymous_47)
FN:900,(anonymous_48)
FN:907,(anonymous_49)
FN:914,(anonymous_50)
FN:921,(anonymous_51)
FN:928,(anonymous_52)
FN:935,(anonymous_53)
FN:942,(anonymous_54)
FN:950,(anonymous_55)
FN:958,(anonymous_56)
FN:966,(anonymous_57)
FN:974,(anonymous_58)
FN:982,(anonymous_59)
FN:990,(anonymous_60)
FN:998,(anonymous_61)
FN:1006,(anonymous_62)
FN:1014,(anonymous_63)
FN:1022,(anonymous_64)
FN:1030,(anonymous_65)
FN:1038,(anonymous_66)
FN:1046,(anonymous_67)
FN:1054,(anonymous_68)
FN:1062,(anonymous_69)
FN:1070,(anonymous_70)
FN:1078,(anonymous_71)
FN:1086,(anonymous_72)
FN:1094,(anonymous_73)
FN:1102,(anonymous_74)
FN:1110,(anonymous_75)
FN:1118,(anonymous_76)
FN:1126,(anonymous_77)
FN:1133,(anonymous_78)
FN:1141,(anonymous_79)
FN:1149,(anonymous_80)
FN:1157,(anonymous_81)
FN:1165,(anonymous_82)
FN:1173,(anonymous_83)
FN:1181,(anonymous_84)
FN:1189,(anonymous_85)
FN:1197,(anonymous_86)
FN:1204,(anonymous_87)
FN:1211,(anonymous_88)
FN:1218,(anonymous_89)
FN:1225,(anonymous_90)
FN:1232,(anonymous_91)
FN:1239,(anonymous_92)
FN:1246,(anonymous_93)
FN:1253,(anonymous_94)
FN:1260,(anonymous_95)
FN:1267,(anonymous_96)
FN:1274,(anonymous_97)
FN:1281,(anonymous_98)
FN:1288,(anonymous_99)
FN:1295,(anonymous_100)
FN:1302,(anonymous_101)
FN:1309,(anonymous_102)
FN:1316,(anonymous_103)
FN:1323,(anonymous_104)
FN:1330,(anonymous_105)
FN:1337,(anonymous_106)
FN:1344,(anonymous_107)
FN:1351,(anonymous_108)
FN:1358,(anonymous_109)
FN:1365,(anonymous_110)
FN:1372,(anonymous_111)
FN:1379,(anonymous_112)
FN:1386,(anonymous_113)
FN:1393,(anonymous_114)
FN:1400,(anonymous_115)
FN:1407,(anonymous_116)
FN:1414,(anonymous_117)
FN:1421,(anonymous_118)
FN:1428,(anonymous_119)
FN:1435,(anonymous_120)
FN:1442,(anonymous_121)
FN:1451,(anonymous_122)
FN:1458,(anonymous_123)
FN:1465,(anonymous_124)
FN:1472,(anonymous_125)
FN:1479,(anonymous_126)
FN:1486,(anonymous_127)
FN:1493,(anonymous_128)
FN:1500,(anonymous_129)
FN:1507,(anonymous_130)
FN:1514,(anonymous_131)
FN:1521,(anonymous_132)
FN:1528,(anonymous_133)
FN:1535,(anonymous_134)
FN:1545,(anonymous_135)
FN:1566,(anonymous_136)
FN:1585,(anonymous_137)
FN:1593,(anonymous_138)
FN:1601,(anonymous_139)
FN:1609,(anonymous_140)
FN:1617,(anonymous_141)
FN:1625,(anonymous_142)
FN:1633,(anonymous_143)
FN:1640,(anonymous_144)
FN:1647,(anonymous_145)
FN:1654,(anonymous_146)
FN:1661,(anonymous_147)
FN:1668,(anonymous_148)
FN:1675,(anonymous_149)
FN:1682,(anonymous_150)
FN:1689,(anonymous_151)
FN:1696,(anonymous_152)
FN:1703,(anonymous_153)
FN:1710,(anonymous_154)
FN:1718,(anonymous_155)
FN:1725,(anonymous_156)
FN:1733,(anonymous_157)
FN:1741,(anonymous_158)
FN:1749,(anonymous_159)
FN:1756,(anonymous_160)
FN:1764,(anonymous_161)
FN:1772,(anonymous_162)
FN:1780,(anonymous_163)
FN:1788,(anonymous_164)
FN:1796,(anonymous_165)
FN:1804,(anonymous_166)
FN:1812,(anonymous_167)
FN:1820,(anonymous_168)
FN:1828,(anonymous_169)
FN:1836,(anonymous_170)
FN:1843,(anonymous_171)
FN:1850,(anonymous_172)
FN:1858,(anonymous_173)
FN:1866,(anonymous_174)
FN:1874,(anonymous_175)
FN:1882,(anonymous_176)
FN:1890,(anonymous_177)
FN:1897,(anonymous_178)
FN:1904,(anonymous_179)
FN:1911,(anonymous_180)
FN:1918,(anonymous_181)
FN:1925,(anonymous_182)
FN:1950,(anonymous_183)
FN:1957,(anonymous_184)
FN:1972,(anonymous_185)
FN:1979,(anonymous_186)
FN:1986,(anonymous_187)
FN:1993,(anonymous_188)
FN:2000,(anonymous_189)
FN:2007,(anonymous_190)
FN:2014,(anonymous_191)
FN:2021,(anonymous_192)
FN:2028,(anonymous_193)
FN:2035,(anonymous_194)
FN:2042,(anonymous_195)
FN:2049,(anonymous_196)
FN:2056,(anonymous_197)
FN:2063,(anonymous_198)
FN:2070,(anonymous_199)
FN:2077,(anonymous_200)
FN:2084,(anonymous_201)
FN:2091,(anonymous_202)
FN:2098,(anonymous_203)
FN:2105,(anonymous_204)
FN:2112,(anonymous_205)
FN:2119,(anonymous_206)
FN:2126,(anonymous_207)
FN:2139,(anonymous_208)
FN:2172,(anonymous_209)
FN:2202,(anonymous_210)
FN:2253,(anonymous_211)
FN:2291,(anonymous_212)
FN:2298,(anonymous_213)
FN:2305,(anonymous_214)
FN:2312,(anonymous_215)
FN:2319,(anonymous_216)
FN:2326,(anonymous_217)
FN:2333,(anonymous_218)
FN:2340,(anonymous_219)
FN:2347,(anonymous_220)
FN:2354,(anonymous_221)
FN:2361,(anonymous_222)
FN:2506,glClearErrors
FN:2511,glCheckError
FN:2520,(anonymous_225)
FN:2552,instanceOfA
FN:2554,(anonymous_227)
FN:2557,(anonymous_228)
FNF:229
FNH:0
FNDA:0,(anonymous_0)
FNDA:0,(anonymous_1)
FNDA:0,(anonymous_2)
FNDA:0,(anonymous_3)
FNDA:0,(anonymous_4)
FNDA:0,(anonymous_5)
FNDA:0,(anonymous_6)
FNDA:0,(anonymous_7)
FNDA:0,(anonymous_8)
FNDA:0,(anonymous_9)
FNDA:0,(anonymous_10)
FNDA:0,(anonymous_11)
FNDA:0,(anonymous_12)
FNDA:0,(anonymous_13)
FNDA:0,(anonymous_14)
FNDA:0,(anonymous_15)
FNDA:0,(anonymous_16)
FNDA:0,(anonymous_17)
FNDA:0,(anonymous_18)
FNDA:0,(anonymous_19)
FNDA:0,(anonymous_20)
FNDA:0,(anonymous_21)
FNDA:0,(anonymous_22)
FNDA:0,(anonymous_23)
FNDA:0,(anonymous_24)
FNDA:0,(anonymous_25)
FNDA:0,(anonymous_26)
FNDA:0,(anonymous_27)
FNDA:0,(anonymous_28)
FNDA:0,(anonymous_29)
FNDA:0,(anonymous_30)
FNDA:0,(anonymous_31)
FNDA:0,(anonymous_32)
FNDA:0,(anonymous_33)
FNDA:0,(anonymous_34)
FNDA:0,(anonymous_35)
FNDA:0,(anonymous_36)
FNDA:0,(anonymous_37)
FNDA:0,(anonymous_38)
FNDA:0,(anonymous_39)
FNDA:0,(anonymous_40)
FNDA:0,(anonymous_41)
FNDA:0,(anonymous_42)
FNDA:0,(anonymous_43)
FNDA:0,(anonymous_44)
FNDA:0,(anonymous_45)
FNDA:0,(anonymous_46)
FNDA:0,(anonymous_47)
FNDA:0,(anonymous_48)
FNDA:0,(anonymous_49)
FNDA:0,(anonymous_50)
FNDA:0,(anonymous_51)
FNDA:0,(anonymous_52)
FNDA:0,(anonymous_53)
FNDA:0,(anonymous_54)
FNDA:0,(anonymous_55)
FNDA:0,(anonymous_56)
FNDA:0,(anonymous_57)
FNDA:0,(anonymous_58)
FNDA:0,(anonymous_59)
FNDA:0,(anonymous_60)
FNDA:0,(anonymous_61)
FNDA:0,(anonymous_62)
FNDA:0,(anonymous_63)
FNDA:0,(anonymous_64)
FNDA:0,(anonymous_65)
FNDA:0,(anonymous_66)
FNDA:0,(anonymous_67)
FNDA:0,(anonymous_68)
FNDA:0,(anonymous_69)
FNDA:0,(anonymous_70)
FNDA:0,(anonymous_71)
FNDA:0,(anonymous_72)
FNDA:0,(anonymous_73)
FNDA:0,(anonymous_74)
FNDA:0,(anonymous_75)
FNDA:0,(anonymous_76)
FNDA:0,(anonymous_77)
FNDA:0,(anonymous_78)
FNDA:0,(anonymous_79)
FNDA:0,(anonymous_80)
FNDA:0,(anonymous_81)
FNDA:0,(anonymous_82)
FNDA:0,(anonymous_83)
FNDA:0,(anonymous_84)
FNDA:0,(anonymous_85)
FNDA:0,(anonymous_86)
FNDA:0,(anonymous_87)
FNDA:0,(anonymous_88)
FNDA:0,(anonymous_89)
FNDA:0,(anonymous_90)
FNDA:0,(anonymous_91)
FNDA:0,(anonymous_92)
FNDA:0,(anonymous_93)
FNDA:0,(anonymous_94)
FNDA:0,(anonymous_95)
FNDA:0,(anonymous_96)
FNDA:0,(anonymous_97)
FNDA:0,(anonymous_98)
FNDA:0,(anonymous_99)
FNDA:0,(anonymous_100)
FNDA:0,(anonymous_101)
FNDA:0,(anonymous_102)
FNDA:0,(anonymous_103)
FNDA:0,(anonymous_104)
FNDA:0,(anonymous_105)
FNDA:0,(anonymous_106)
FNDA:0,(anonymous_107)
FNDA:0,(anonymous_108)
FNDA:0,(anonymous_109)
FNDA:0,(anonymous_110)
FNDA:0,(anonymous_111)
FNDA:0,(anonymous_112)
FNDA:0,(anonymous_113)
FNDA:0,(anonymous_114)
FNDA:0,(anonymous_115)
FNDA:0,(anonymous_116)
FNDA:0,(anonymous_117)
FNDA:0,(anonymous_118)
FNDA:0,(anonymous_119)
FNDA:0,(anonymous_120)
FNDA:0,(anonymous_121)
FNDA:0,(anonymous_122)
FNDA:0,(anonymous_123)
FNDA:0,(anonymous_124)
FNDA:0,(anonymous_125)
FNDA:0,(anonymous_126)
FNDA:0,(anonymous_127)
FNDA:0,(anonymous_128)
FNDA:0,(anonymous_129)
FNDA:0,(anonymous_130)
FNDA:0,(anonymous_131)
FNDA:0,(anonymous_132)
FNDA:0,(anonymous_133)
FNDA:0,(anonymous_134)
FNDA:0,(anonymous_135)
FNDA:0,(anonymous_136)
FNDA:0,(anonymous_137)
FNDA:0,(anonymous_138)
FNDA:0,(anonymous_139)
FNDA:0,(anonymous_140)
FNDA:0,(anonymous_141)
FNDA:0,(anonymous_142)
FNDA:0,(anonymous_143)
FNDA:0,(anonymous_144)
FNDA:0,(anonymous_145)
FNDA:0,(anonymous_146)
FNDA:0,(anonymous_147)
FNDA:0,(anonymous_148)
FNDA:0,(anonymous_149)
FNDA:0,(anonymous_150)
FNDA:0,(anonymous_151)
FNDA:0,(anonymous_152)
FNDA:0,(anonymous_153)
FNDA:0,(anonymous_154)
FNDA:0,(anonymous_155)
FNDA:0,(anonymous_156)
FNDA:0,(anonymous_157)
FNDA:0,(anonymous_158)
FNDA:0,(anonymous_159)
FNDA:0,(anonymous_160)
FNDA:0,(anonymous_161)
FNDA:0,(anonymous_162)
FNDA:0,(anonymous_163)
FNDA:0,(anonymous_164)
FNDA:0,(anonymous_165)
FNDA:0,(anonymous_166)
FNDA:0,(anonymous_167)
FNDA:0,(anonymous_168)
FNDA:0,(anonymous_169)
FNDA:0,(anonymous_170)
FNDA:0,(anonymous_171)
FNDA:0,(anonymous_172)
FNDA:0,(anonymous_173)
FNDA:0,(anonymous_174)
FNDA:0,(anonymous_175)
FNDA:0,(anonymous_176)
FNDA:0,(anonymous_177)
FNDA:0,(anonymous_178)
FNDA:0,(anonymous_179)
FNDA:0,(anonymous_180)
FNDA:0,(anonymous_181)
FNDA:0,(anonymous_182)
FNDA:0,(anonymous_183)
FNDA:0,(anonymous_184)
FNDA:0,(anonymous_185)
FNDA:0,(anonymous_186)
FNDA:0,(anonymous_187)
FNDA:0,(anonymous_188)
FNDA:0,(anonymous_189)
FNDA:0,(anonymous_190)
FNDA:0,(anonymous_191)
FNDA:0,(anonymous_192)
FNDA:0,(anonymous_193)
FNDA:0,(anonymous_194)
FNDA:0,(anonymous_195)
FNDA:0,(anonymous_196)
FNDA:0,(anonymous_197)
FNDA:0,(anonymous_198)
FNDA:0,(anonymous_199)
FNDA:0,(anonymous_200)
FNDA:0,(anonymous_201)
FNDA:0,(anonymous_202)
FNDA:0,(anonymous_203)
FNDA:0,(anonymous_204)
FNDA:0,(anonymous_205)
FNDA:0,(anonymous_206)
FNDA:0,(anonymous_207)
FNDA:0,(anonymous_208)
FNDA:0,(anonymous_209)
FNDA:0,(anonymous_210)
FNDA:0,(anonymous_211)
FNDA:0,(anonymous_212)
FNDA:0,(anonymous_213)
FNDA:0,(anonymous_214)
FNDA:0,(anonymous_215)
FNDA:0,(anonymous_216)
FNDA:0,(anonymous_217)
FNDA:0,(anonymous_218)
FNDA:0,(anonymous_219)
FNDA:0,(anonymous_220)
FNDA:0,(anonymous_221)
FNDA:0,(anonymous_222)
FNDA:0,glClearErrors
FNDA:0,glCheckError
FNDA:0,(anonymous_225)
FNDA:0,instanceOfA
FNDA:0,(anonymous_227)
FNDA:0,(anonymous_228)
DA:4,1
DA:7,0
DA:8,0
DA:9,0
DA:10,0
DA:11,0
DA:12,0
DA:13,0
DA:14,0
DA:15,0
DA:16,0
DA:17,0
DA:18,0
DA:19,0
DA:20,0
DA:21,0
DA:22,0
DA:23,0
DA:24,0
DA:25,0
DA:26,0
DA:27,0
DA:28,0
DA:29,0
DA:30,0
DA:31,0
DA:32,0
DA:33,0
DA:34,0
DA:35,0
DA:36,0
DA:37,0
DA:38,0
DA:39,0
DA:40,0
DA:41,0
DA:42,0
DA:43,0
DA:44,0
DA:45,0
DA:46,0
DA:47,0
DA:48,0
DA:49,0
DA:50,0
DA:51,0
DA:52,0
DA:53,0
DA:54,0
DA:55,0
DA:56,0
DA:57,0
DA:58,0
DA:59,0
DA:60,0
DA:61,0
DA:62,0
DA:63,0
DA:64,0
DA:65,0
DA:66,0
DA:67,0
DA:68,0
DA:69,0
DA:70,0
DA:71,0
DA:72,0
DA:73,0
DA:74,0
DA:75,0
DA:76,0
DA:77,0
DA:78,0
DA:79,0
DA:80,0
DA:81,0
DA:82,0
DA:83,0
DA:84,0
DA:85,0
DA:86,0
DA:87,0
DA:88,0
DA:89,0
DA:90,0
DA:91,0
DA:92,0
DA:93,0
DA:94,0
DA:95,0
DA:96,0
DA:97,0
DA:98,0
DA:99,0
DA:100,0
DA:101,0
DA:102,0
DA:103,0
DA:104,0
DA:105,0
DA:106,0
DA:107,0
DA:108,0
DA:109,0
DA:110,0
DA:111,0
DA:112,0
DA:113,0
DA:114,0
DA:115,0
DA:116,0
DA:117,0
DA:118,0
DA:119,0
DA:120,0
DA:121,0
DA:122,0
DA:123,0
DA:124,0
DA:125,0
DA:126,0
DA:127,0
DA:128,0
DA:129,0
DA:130,0
DA:131,0
DA:132,0
DA:133,0
DA:134,0
DA:135,0
DA:136,0
DA:137,0
DA:138,0
DA:139,0
DA:140,0
DA:141,0
DA:142,0
DA:143,0
DA:144,0
DA:145,0
DA:146,0
DA:147,0
DA:148,0
DA:149,0
DA:150,0
DA:151,0
DA:152,0
DA:153,0
DA:154,0
DA:155,0
DA:156,0
DA:157,0
DA:158,0
DA:159,0
DA:160,0
DA:161,0
DA:162,0
DA:163,0
DA:164,0
DA:165,0
DA:166,0
DA:167,0
DA:168,0
DA:169,0
DA:170,0
DA:171,0
DA:172,0
DA:173,0
DA:174,0
DA:175,0
DA:176,0
DA:177,0
DA:178,0
DA:179,0
DA:180,0
DA:181,0
DA:182,0
DA:183,0
DA:184,0
DA:185,0
DA:186,0
DA:187,0
DA:188,0
DA:189,0
DA:190,0
DA:191,0
DA:192,0
DA:193,0
DA:194,0
DA:195,0
DA:196,0
DA:197,0
DA:198,0
DA:199,0
DA:200,0
DA:201,0
DA:202,0
DA:203,0
DA:204,0
DA:205,0
DA:206,0
DA:207,0
DA:208,0
DA:209,0
DA:210,0
DA:211,0
DA:212,0
DA:213,0
DA:214,0
DA:215,0
DA:216,0
DA:217,0
DA:218,0
DA:219,0
DA:220,0
DA:221,0
DA:222,0
DA:223,0
DA:224,0
DA:225,0
DA:226,0
DA:227,0
DA:228,0
DA:229,0
DA:230,0
DA:231,0
DA:232,0
DA:233,0
DA:234,0
DA:235,0
DA:236,0
DA:237,0
DA:238,0
DA:239,0
DA:240,0
DA:241,0
DA:242,0
DA:243,0
DA:244,0
DA:245,0
DA:246,0
DA:247,0
DA:248,0
DA:249,0
DA:250,0
DA:251,0
DA:252,0
DA:253,0
DA:254,0
DA:255,0
DA:256,0
DA:257,0
DA:258,0
DA:259,0
DA:260,0
DA:261,0
DA:262,0
DA:263,0
DA:264,0
DA:265,0
DA:266,0
DA:267,0
DA:268,0
DA:269,0
DA:270,0
DA:271,0
DA:272,0
DA:273,0
DA:274,0
DA:275,0
DA:276,0
DA:277,0
DA:278,0
DA:279,0
DA:280,0
DA:281,0
DA:282,0
DA:283,0
DA:284,0
DA:285,0
DA:286,0
DA:287,0
DA:288,0
DA:289,0
DA:290,0
DA:291,0
DA:292,0
DA:293,0
DA:294,0
DA:295,0
DA:296,0
DA:297,0
DA:298,0
DA:299,0
DA:300,0
DA:301,0
DA:302,0
DA:303,0
DA:304,0
DA:305,0
DA:306,0
DA:307,0
DA:308,0
DA:309,0
DA:310,0
DA:311,0
DA:312,0
DA:313,0
DA:314,0
DA:315,0
DA:316,0
DA:317,0
DA:318,0
DA:319,0
DA:320,0
DA:321,0
DA:322,0
DA:323,0
DA:324,0
DA:325,0
DA:326,0
DA:327,0
DA:328,0
DA:329,0
DA:330,0
DA:331,0
DA:332,0
DA:333,0
DA:334,0
DA:335,0
DA:336,0
DA:337,0
DA:338,0
DA:339,0
DA:340,0
DA:341,0
DA:342,0
DA:343,0
DA:344,0
DA:345,0
DA:346,0
DA:347,0
DA:348,0
DA:349,0
DA:350,0
DA:351,0
DA:352,0
DA:353,0
DA:354,0
DA:355,0
DA:356,0
DA:357,0
DA:358,0
DA:359,0
DA:360,0
DA:361,0
DA:362,0
DA:363,0
DA:364,0
DA:365,0
DA:366,0
DA:367,0
DA:368,0
DA:369,0
DA:370,0
DA:371,0
DA:372,0
DA:373,0
DA:374,0
DA:375,0
DA:376,0
DA:377,0
DA:378,0
DA:379,0
DA:380,0
DA:381,0
DA:382,0
DA:383,0
DA:384,0
DA:385,0
DA:386,0
DA:387,0
DA:388,0
DA:389,0
DA:390,0
DA:391,0
DA:392,0
DA:393,0
DA:394,0
DA:395,0
DA:396,0
DA:397,0
DA:398,0
DA:399,0
DA:400,0
DA:401,0
DA:402,0
DA:403,0
DA:404,0
DA:405,0
DA:406,0
DA:407,0
DA:408,0
DA:409,0
DA:410,0
DA:411,0
DA:412,0
DA:413,0
DA:414,0
DA:415,0
DA:416,0
DA:417,0
DA:418,0
DA:419,0
DA:420,0
DA:421,0
DA:422,0
DA:423,0
DA:424,0
DA:425,0
DA:426,0
DA:427,0
DA:428,0
DA:429,0
DA:430,0
DA:431,0
DA:432,0
DA:433,0
DA:434,0
DA:435,0
DA:436,0
DA:437,0
DA:438,0
DA:439,0
DA:440,0
DA:441,0
DA:442,0
DA:443,0
DA:444,0
DA:445,0
DA:446,0
DA:447,0
DA:448,0
DA:449,0
DA:450,0
DA:451,0
DA:452,0
DA:453,0
DA:454,0
DA:455,0
DA:456,0
DA:457,0
DA:458,0
DA:459,0
DA:460,0
DA:461,0
DA:462,0
DA:463,0
DA:464,0
DA:465,0
DA:466,0
DA:467,0
DA:468,0
DA:469,0
DA:470,0
DA:471,0
DA:472,0
DA:473,0
DA:474,0
DA:475,0
DA:476,0
DA:477,0
DA:478,0
DA:479,0
DA:480,0
DA:481,0
DA:482,0
DA:483,0
DA:484,0
DA:485,0
DA:486,0
DA:487,0
DA:488,0
DA:489,0
DA:490,0
DA:491,0
DA:492,0
DA:493,0
DA:494,0
DA:495,0
DA:496,0
DA:497,0
DA:498,0
DA:499,0
DA:500,0
DA:501,0
DA:502,0
DA:503,0
DA:504,0
DA:505,0
DA:506,0
DA:507,0
DA:508,0
DA:509,0
DA:510,0
DA:511,0
DA:512,0
DA:513,0
DA:514,0
DA:515,0
DA:516,0
DA:517,0
DA:518,0
DA:519,0
DA:520,0
DA:521,0
DA:522,0
DA:523,0
DA:524,0
DA:525,0
DA:526,0
DA:527,0
DA:528,0
DA:529,0
DA:530,0
DA:531,0
DA:532,0
DA:533,0
DA:534,0
DA:535,0
DA:536,0
DA:537,0
DA:538,0
DA:539,0
DA:540,0
DA:541,0
DA:542,0
DA:543,0
DA:544,0
DA:545,0
DA:546,0
DA:547,0
DA:548,0
DA:549,0
DA:550,0
DA:551,0
DA:552,0
DA:553,0
DA:554,0
DA:555,0
DA:556,0
DA:557,0
DA:558,0
DA:559,0
DA:560,0
DA:561,0
DA:562,0
DA:563,0
DA:564,0
DA:565,0
DA:571,0
DA:575,0
DA:579,0
DA:586,0
DA:587,0
DA:588,0
DA:593,0
DA:594,0
DA:595,0
DA:600,0
DA:601,0
DA:602,0
DA:607,0
DA:608,0
DA:609,0
DA:614,0
DA:615,0
DA:616,0
DA:621,0
DA:622,0
DA:623,0
DA:628,0
DA:629,0
DA:630,0
DA:635,0
DA:636,0
DA:637,0
DA:642,0
DA:643,0
DA:644,0
DA:649,0
DA:650,0
DA:651,0
DA:656,0
DA:657,0
DA:658,0
DA:663,0
DA:664,0
DA:665,0
DA:670,0
DA:671,0
DA:672,0
DA:673,0
DA:678,0
DA:679,0
DA:680,0
DA:681,0
DA:686,0
DA:687,0
DA:688,0
DA:693,0
DA:694,0
DA:695,0
DA:700,0
DA:701,0
DA:702,0
DA:707,0
DA:708,0
DA:709,0
DA:714,0
DA:715,0
DA:716,0
DA:721,0
DA:722,0
DA:723,0
DA:728,0
DA:729,0
DA:730,0
DA:735,0
DA:736,0
DA:737,0
DA:738,0
DA:743,0
DA:744,0
DA:745,0
DA:746,0
DA:751,0
DA:752,0
DA:753,0
DA:754,0
DA:759,0
DA:760,0
DA:761,0
DA:762,0
DA:767,0
DA:768,0
DA:769,0
DA:770,0
DA:775,0
DA:776,0
DA:777,0
DA:778,0
DA:783,0
DA:784,0
DA:785,0
DA:790,0
DA:791,0
DA:792,0
DA:797,0
DA:798,0
DA:799,0
DA:804,0
DA:805,0
DA:806,0
DA:811,0
DA:812,0
DA:813,0
DA:818,0
DA:819,0
DA:820,0
DA:825,0
DA:826,0
DA:827,0
DA:832,0
DA:833,0
DA:834,0
DA:839,0
DA:840,0
DA:841,0
DA:846,0
DA:847,0
DA:848,0
DA:853,0
DA:854,0
DA:855,0
DA:860,0
DA:861,0
DA:862,0
DA:867,0
DA:868,0
DA:869,0
DA:874,0
DA:875,0
DA:876,0
DA:881,0
DA:882,0
DA:883,0
DA:888,0
DA:889,0
DA:890,0
DA:895,0
DA:896,0
DA:897,0
DA:902,0
DA:903,0
DA:904,0
DA:909,0
DA:910,0
DA:911,0
DA:916,0
DA:917,0
DA:918,0
DA:923,0
DA:924,0
DA:925,0
DA:930,0
DA:931,0
DA:932,0
DA:937,0
DA:938,0
DA:939,0
DA:944,0
DA:945,0
DA:946,0
DA:947,0
DA:952,0
DA:953,0
DA:954,0
DA:955,0
DA:960,0
DA:961,0
DA:962,0
DA:963,0
DA:968,0
DA:969,0
DA:970,0
DA:971,0
DA:976,0
DA:977,0
DA:978,0
DA:979,0
DA:984,0
DA:985,0
DA:986,0
DA:987,0
DA:992,0
DA:993,0
DA:994,0
DA:995,0
DA:1000,0
DA:1001,0
DA:1002,0
DA:1003,0
DA:1008,0
DA:1009,0
DA:1010,0
DA:1011,0
DA:1016,0
DA:1017,0
DA:1018,0
DA:1019,0
DA:1024,0
DA:1025,0
DA:1026,0
DA:1027,0
DA:1032,0
DA:1033,0
DA:1034,0
DA:1035,0
DA:1040,0
DA:1041,0
DA:1042,0
DA:1043,0
DA:1048,0
DA:1049,0
DA:1050,0
DA:1051,0
DA:1056,0
DA:1057,0
DA:1058,0
DA:1059,0
DA:1064,0
DA:1065,0
DA:1066,0
DA:1067,0
DA:1072,0
DA:1073,0
DA:1074,0
DA:1075,0
DA:1080,0
DA:1081,0
DA:1082,0
DA:1083,0
DA:1088,0
DA:1089,0
DA:1090,0
DA:1091,0
DA:1096,0
DA:1097,0
DA:1098,0
DA:1099,0
DA:1104,0
DA:1105,0
DA:1106,0
DA:1107,0
DA:1112,0
DA:1113,0
DA:1114,0
DA:1115,0
DA:1120,0
DA:1121,0
DA:1122,0
DA:1123,0
DA:1128,0
DA:1129,0
DA:1130,0
DA:1135,0
DA:1136,0
DA:1137,0
DA:1138,0
DA:1143,0
DA:1144,0
DA:1145,0
DA:1146,0
DA:1151,0
DA:1152,0
DA:1153,0
DA:1154,0
DA:1159,0
DA:1160,0
DA:1161,0
DA:1162,0
DA:1167,0
DA:1168,0
DA:1169,0
DA:1170,0
DA:1175,0
DA:1176,0
DA:1177,0
DA:1178,0
DA:1183,0
DA:1184,0
DA:1185,0
DA:1186,0
DA:1191,0
DA:1192,0
DA:1193,0
DA:1194,0
DA:1199,0
DA:1200,0
DA:1201,0
DA:1206,0
DA:1207,0
DA:1208,0
DA:1213,0
DA:1214,0
DA:1215,0
DA:1220,0
DA:1221,0
DA:1222,0
DA:1227,0
DA:1228,0
DA:1229,0
DA:1234,0
DA:1235,0
DA:1236,0
DA:1241,0
DA:1242,0
DA:1243,0
DA:1248,0
DA:1249,0
DA:1250,0
DA:1255,0
DA:1256,0
DA:1257,0
DA:1262,0
DA:1263,0
DA:1264,0
DA:1269,0
DA:1270,0
DA:1271,0
DA:1276,0
DA:1277,0
DA:1278,0
DA:1283,0
DA:1284,0
DA:1285,0
DA:1290,0
DA:1291,0
DA:1292,0
DA:1297,0
DA:1298,0
DA:1299,0
DA:1304,0
DA:1305,0
DA:1306,0
DA:1311,0
DA:1312,0
DA:1313,0
DA:1318,0
DA:1319,0
DA:1320,0
DA:1325,0
DA:1326,0
DA:1327,0
DA:1332,0
DA:1333,0
DA:1334,0
DA:1339,0
DA:1340,0
DA:1341,0
DA:1346,0
DA:1347,0
DA:1348,0
DA:1353,0
DA:1354,0
DA:1355,0
DA:1360,0
DA:1361,0
DA:1362,0
DA:1367,0
DA:1368,0
DA:1369,0
DA:1374,0
DA:1375,0
DA:1376,0
DA:1381,0
DA:1382,0
DA:1383,0
DA:1388,0
DA:1389,0
DA:1390,0
DA:1395,0
DA:1396,0
DA:1397,0
DA:1402,0
DA:1403,0
DA:1404,0
DA:1409,0
DA:1410,0
DA:1411,0
DA:1416,0
DA:1417,0
DA:1418,0
DA:1423,0
DA:1424,0
DA:1425,0
DA:1430,0
DA:1431,0
DA:1432,0
DA:1437,0
DA:1438,0
DA:1439,0
DA:1444,0
DA:1445,0
DA:1446,0
DA:1453,0
DA:1454,0
DA:1455,0
DA:1460,0
DA:1461,0
DA:1462,0
DA:1467,0
DA:1468,0
DA:1469,0
DA:1474,0
DA:1475,0
DA:1476,0
DA:1481,0
DA:1482,0
DA:1483,0
DA:1488,0
DA:1489,0
DA:1490,0
DA:1495,0
DA:1496,0
DA:1497,0
DA:1502,0
DA:1503,0
DA:1504,0
DA:1509,0
DA:1510,0
DA:1511,0
DA:1516,0
DA:1517,0
DA:1518,0
DA:1523,0
DA:1524,0
DA:1525,0
DA:1530,0
DA:1531,0
DA:1532,0
DA:1537,0
DA:1538,0
DA:1539,0
DA:1540,0
DA:1547,0
DA:1548,0
DA:1550,0
DA:1551,0
DA:1552,0
DA:1553,0
DA:1557,0
DA:1558,0
DA:1559,0
DA:1568,0
DA:1569,0
DA:1571,0
DA:1572,0
DA:1573,0
DA:1574,0
DA:1578,0
DA:1579,0
DA:1580,0
DA:1587,0
DA:1588,0
DA:1589,0
DA:1590,0
DA:1595,0
DA:1596,0
DA:1597,0
DA:1598,0
DA:1603,0
DA:1604,0
DA:1605,0
DA:1606,0
DA:1611,0
DA:1612,0
DA:1613,0
DA:1614,0
DA:1619,0
DA:1620,0
DA:1621,0
DA:1622,0
DA:1627,0
DA:1628,0
DA:1629,0
DA:1630,0
DA:1635,0
DA:1636,0
DA:1637,0
DA:1642,0
DA:1643,0
DA:1644,0
DA:1649,0
DA:1650,0
DA:1651,0
DA:1656,0
DA:1657,0
DA:1658,0
DA:1663,0
DA:1664,0
DA:1665,0
DA:1670,0
DA:1671,0
DA:1672,0
DA:1677,0
DA:1678,0
DA:1679,0
DA:1684,0
DA:1685,0
DA:1686,0
DA:1691,0
DA:1692,0
DA:1693,0
DA:1698,0
DA:1699,0
DA:1700,0
DA:1705,0
DA:1706,0
DA:1707,0
DA:1712,0
DA:1713,0
DA:1714,0
DA:1715,0
DA:1720,0
DA:1721,0
DA:1722,0
DA:1727,0
DA:1728,0
DA:1729,0
DA:1730,0
DA:1735,0
DA:1736,0
DA:1737,0
DA:1738,0
DA:1743,0
DA:1744,0
DA:1745,0
DA:1746,0
DA:1751,0
DA:1752,0
DA:1753,0
DA:1758,0
DA:1759,0
DA:1760,0
DA:1761,0
DA:1766,0
DA:1767,0
DA:1768,0
DA:1769,0
DA:1774,0
DA:1775,0
DA:1776,0
DA:1777,0
DA:1782,0
DA:1783,0
DA:1784,0
DA:1785,0
DA:1790,0
DA:1791,0
DA:1792,0
DA:1793,0
DA:1798,0
DA:1799,0
DA:1800,0
DA:1801,0
DA:1806,0
DA:1807,0
DA:1808,0
DA:1809,0
DA:1814,0
DA:1815,0
DA:1816,0
DA:1817,0
DA:1822,0
DA:1823,0
DA:1824,0
DA:1825,0
DA:1830,0
DA:1831,0
DA:1832,0
DA:1833,0
DA:1838,0
DA:1839,0
DA:1840,0
DA:1845,0
DA:1846,0
DA:1847,0
DA:1852,0
DA:1853,0
DA:1854,0
DA:1855,0
DA:1860,0
DA:1861,0
DA:1862,0
DA:1863,0
DA:1868,0
DA:1869,0
DA:1870,0
DA:1871,0
DA:1876,0
DA:1877,0
DA:1878,0
DA:1879,0
DA:1884,0
DA:1885,0
DA:1886,0
DA:1887,0
DA:1892,0
DA:1893,0
DA:1894,0
DA:1899,0
DA:1900,0
DA:1901,0
DA:1906,0
DA:1907,0
DA:1908,0
DA:1913,0
DA:1914,0
DA:1915,0
DA:1920,0
DA:1921,0
DA:1922,0
DA:1927,0
DA:1928,0
DA:1929,0
DA:1952,0
DA:1953,0
DA:1954,0
DA:1959,0
DA:1960,0
DA:1961,0
DA:1974,0
DA:1975,0
DA:1976,0
DA:1981,0
DA:1982,0
DA:1983,0
DA:1988,0
DA:1989,0
DA:1990,0
DA:1995,0
DA:1996,0
DA:1997,0
DA:2002,0
DA:2003,0
DA:2004,0
DA:2009,0
DA:2010,0
DA:2011,0
DA:2016,0
DA:2017,0
DA:2018,0
DA:2023,0
DA:2024,0
DA:2025,0
DA:2030,0
DA:2031,0
DA:2032,0
DA:2037,0
DA:2038,0
DA:2039,0
DA:2044,0
DA:2045,0
DA:2046,0
DA:2051,0
DA:2052,0
DA:2053,0
DA:2058,0
DA:2059,0
DA:2060,0
DA:2065,0
DA:2066,0
DA:2067,0
DA:2072,0
DA:2073,0
DA:2074,0
DA:2079,0
DA:2080,0
DA:2081,0
DA:2086,0
DA:2087,0
DA:2088,0
DA:2093,0
DA:2094,0
DA:2095,0
DA:2100,0
DA:2101,0
DA:2102,0
DA:2107,0
DA:2108,0
DA:2109,0
DA:2114,0
DA:2115,0
DA:2116,0
DA:2121,0
DA:2122,0
DA:2123,0
DA:2128,0
DA:2129,0
DA:2130,0
DA:2141,0
DA:2142,0
DA:2144,0
DA:2145,0
DA:2146,0
DA:2148,0
DA:2150,0
DA:2151,0
DA:2152,0
DA:2156,0
DA:2157,0
DA:2159,0
DA:2163,0
DA:2165,0
DA:2174,0
DA:2175,0
DA:2177,0
DA:2178,0
DA:2182,0
DA:2183,0
DA:2205,0
DA:2206,0
DA:2208,0
DA:2209,0
DA:2210,0
DA:2212,0
DA:2214,0
DA:2215,0
DA:2216,0
DA:2218,0
DA:2220,0
DA:2221,0
DA:2222,0
DA:2226,0
DA:2227,0
DA:2229,0
DA:2233,0
DA:2235,0
DA:2240,0
DA:2241,0
DA:2242,0
DA:2243,0
DA:2244,0
DA:2255,0
DA:2256,0
DA:2258,0
DA:2259,0
DA:2260,0
DA:2262,0
DA:2264,0
DA:2265,0
DA:2266,0
DA:2268,0
DA:2270,0
DA:2271,0
DA:2272,0
DA:2276,0
DA:2277,0
DA:2278,0
DA:2283,0
DA:2284,0
DA:2285,0
DA:2286,0
DA:2287,0
DA:2293,0
DA:2294,0
DA:2295,0
DA:2300,0
DA:2301,0
DA:2302,0
DA:2307,0
DA:2308,0
DA:2309,0
DA:2314,0
DA:2315,0
DA:2316,0
DA:2321,0
DA:2322,0
DA:2323,0
DA:2328,0
DA:2329,0
DA:2330,0
DA:2335,0
DA:2336,0
DA:2337,0
DA:2342,0
DA:2343,0
DA:2344,0
DA:2349,0
DA:2350,0
DA:2351,0
DA:2356,0
DA:2357,0
DA:2358,0
DA:2363,0
DA:2364,0
DA:2365,0
DA:2369,0
DA:2506,1
DA:2511,1
DA:2513,0
DA:2514,0
DA:2516,0
DA:2519,0
DA:2520,0
DA:2521,0
DA:2522,0
DA:2524,0
DA:2526,0
DA:2530,0
DA:2532,0
DA:2535,0
DA:2538,0
DA:2540,0
DA:2542,0
DA:2544,0
DA:2546,0
DA:2548,0
DA:2554,0
DA:2557,1
LF:1372
LH:4
BRDA:1548,0,0,0
BRDA:1548,0,1,0
BRDA:1569,1,0,0
BRDA:1569,1,1,0
BRDA:2142,2,0,0
BRDA:2142,2,1,0
BRDA:2148,3,0,0
BRDA:2148,3,1,0
BRDA:2148,4,0,0
BRDA:2148,4,1,0
BRDA:2157,5,0,0
BRDA:2157,5,1,0
BRDA:2175,6,0,0
BRDA:2175,6,1,0
BRDA:2206,7,0,0
BRDA:2206,7,1,0
BRDA:2212,8,0,0
BRDA:2212,8,1,0
BRDA:2218,9,0,0
BRDA:2218,9,1,0
BRDA:2218,10,0,0
BRDA:2218,10,1,0
BRDA:2227,11,0,0
BRDA:2227,11,1,0
BRDA:2256,12,0,0
BRDA:2256,12,1,0
BRDA:2262,13,0,0
BRDA:2262,13,1,0
BRDA:2268,14,0,0
BRDA:2268,14,1,0
BRDA:2268,15,0,0
BRDA:2268,15,1,0
BRDA:2514,16,0,0
BRDA:2524,17,0,0
BRDA:2524,17,1,0
BRDA:2524,18,0,0
BRDA:2524,18,1,0
BRDA:2524,18,2,0
BRDA:2524,18,3,0
BRDA:2535,19,0,0
BRDA:2535,19,1,0
BRDA:2535,19,2,0
BRDA:2535,19,3,0
BRDA:2535,19,4,0
BRDA:2535,19,5,0
BRDA:2554,20,0,0
BRDA:2554,20,1,0
BRF:47
BRH:0
end_of_record
TN:
SF:src\utils\ImageUtils.ts
FN:11,(anonymous_0)
FNF:1
FNH:0
FNDA:0,(anonymous_0)
DA:11,1
DA:13,0
DA:14,0
DA:15,0
DA:17,0
DA:18,0
DA:19,0
LF:7
LH:1
BRDA:11,0,0,0
BRDA:11,1,0,0
BRDA:11,2,0,0
BRDA:11,3,0,0
BRF:4
BRH:0
end_of_record
TN:
SF:src\utils\LinkedList.ts
FN:3,(anonymous_0)
FN:11,(anonymous_1)
FN:28,(anonymous_2)
FN:23,(anonymous_3)
FN:38,(anonymous_4)
FN:68,(anonymous_5)
FN:80,(anonymous_6)
FN:85,(anonymous_7)
FN:100,(anonymous_8)
FN:110,(anonymous_9)
FN:130,(anonymous_10)
FN:138,(anonymous_11)
FN:162,(anonymous_12)
FN:167,(anonymous_13)
FN:172,(anonymous_14)
FN:182,(anonymous_15)
FNF:16
FNH:0
FNDA:0,(anonymous_0)
FNDA:0,(anonymous_1)
FNDA:0,(anonymous_2)
FNDA:0,(anonymous_3)
FNDA:0,(anonymous_4)
FNDA:0,(anonymous_5)
FNDA:0,(anonymous_6)
FNDA:0,(anonymous_7)
FNDA:0,(anonymous_8)
FNDA:0,(anonymous_9)
FNDA:0,(anonymous_10)
FNDA:0,(anonymous_11)
FNDA:0,(anonymous_12)
FNDA:0,(anonymous_13)
FNDA:0,(anonymous_14)
FNDA:0,(anonymous_15)
DA:1,1
DA:4,0
DA:5,0
DA:9,1
DA:12,0
DA:13,0
DA:14,0
DA:18,1
DA:20,0
DA:21,0
DA:25,0
DA:30,0
DA:32,0
DA:40,0
DA:42,0
DA:45,0
DA:47,0
DA:49,0
DA:50,0
DA:54,0
DA:56,0
DA:58,0
DA:61,0
DA:62,0
DA:65,0
DA:70,0
DA:72,0
DA:74,0
DA:77,0
DA:82,0
DA:87,0
DA:89,0
DA:92,0
DA:93,0
DA:95,0
DA:97,0
DA:102,0
DA:103,0
DA:105,0
DA:107,0
DA:112,0
DA:114,0
DA:115,0
DA:117,0
DA:118,0
DA:121,0
DA:125,1
DA:132,0
DA:134,0
DA:140,0
DA:142,0
DA:144,0
DA:146,0
DA:150,0
DA:151,0
DA:153,0
DA:155,0
DA:156,0
DA:159,0
DA:164,0
DA:169,0
DA:174,0
DA:175,0
DA:177,0
DA:179,0
DA:184,0
DA:185,0
DA:187,0
DA:189,0
DA:190,0
DA:193,0
LF:71
LH:4
BRDA:38,0,0,0
BRDA:40,1,0,0
BRDA:40,2,0,0
BRDA:40,2,1,0
BRDA:47,3,0,0
BRDA:47,3,1,0
BRDA:70,4,0,0
BRDA:70,4,1,0
BRDA:70,5,0,0
BRDA:70,5,1,0
BRDA:72,6,0,0
BRDA:87,7,0,0
BRDA:87,8,0,0
BRDA:87,8,1,0
BRDA:95,9,0,0
BRDA:95,9,1,0
BRDA:95,10,0,0
BRDA:95,10,1,0
BRDA:97,11,0,0
BRDA:97,11,1,0
BRDA:97,12,0,0
BRDA:97,12,1,0
BRDA:100,13,0,0
BRDA:142,14,0,0
BRDA:142,14,1,0
BRDA:172,15,0,0
BRF:26
BRH:0
end_of_record
TN:
SF:src\utils\Math.ts
FN:4,radian
FN:9,cot
FN:14,clamp
FN:19,randBetween
FN:24,clean
FN:29,isPowerOf2
FN:34,lerp
FN:39,lerp2
FN:44,lerpsqrt
FN:49,smoothstep
FN:56,inverseLerp
FN:61,remap
FN:66,quadraticBezier
FN:80,cubicBezier
FN:93,factorial
FN:110,combination
FN:120,permutation
FNF:17
FNH:0
FNDA:0,radian
FNDA:0,cot
FNDA:0,clamp
FNDA:0,randBetween
FNDA:0,clean
FNDA:0,isPowerOf2
FNDA:0,lerp
FNDA:0,lerp2
FNDA:0,lerpsqrt
FNDA:0,smoothstep
FNDA:0,inverseLerp
FNDA:0,remap
FNDA:0,quadraticBezier
FNDA:0,cubicBezier
FNDA:0,factorial
FNDA:0,combination
FNDA:0,permutation
DA:1,1
DA:2,1
DA:4,1
DA:6,0
DA:9,1
DA:11,0
DA:14,1
DA:16,0
DA:19,1
DA:21,0
DA:24,1
DA:26,0
DA:29,1
DA:31,0
DA:34,1
DA:36,0
DA:39,1
DA:41,0
DA:44,1
DA:46,0
DA:49,1
DA:51,0
DA:52,0
DA:53,0
DA:56,1
DA:58,0
DA:61,1
DA:63,0
DA:66,1
DA:68,0
DA:69,0
DA:70,0
DA:80,1
DA:82,0
DA:83,0
DA:85,0
DA:86,0
DA:87,0
DA:88,0
DA:90,0
DA:93,1
DA:95,0
DA:97,0
DA:100,0
DA:102,0
DA:104,0
DA:107,0
DA:110,1
DA:112,0
DA:114,0
DA:117,0
DA:120,1
DA:122,0
DA:124,0
DA:127,0
LF:55
LH:19
BRDA:95,0,0,0
BRDA:112,1,0,0
BRDA:122,2,0,0
BRF:3
BRH:0
end_of_record
TN:
SF:src\utils\Model.ts
FN:5,CalcuateModelView
FN:12,Translate
FN:19,Rotation
FN:74,Rotate
FN:147,RotateX
FN:160,RotateY
FN:173,RotateZ
FN:186,Scale
FN:193,Shear
FNF:9
FNH:0
FNDA:0,CalcuateModelView
FNDA:0,Translate
FNDA:0,Rotation
FNDA:0,Rotate
FNDA:0,RotateX
FNDA:0,RotateY
FNDA:0,RotateZ
FNDA:0,Scale
FNDA:0,Shear
DA:1,1
DA:3,1
DA:5,1
DA:7,0
DA:8,0
DA:9,0
DA:12,1
DA:14,0
DA:15,0
DA:16,0
DA:19,1
DA:21,0
DA:23,0
DA:24,0
DA:25,0
DA:27,0
DA:28,0
DA:29,0
DA:31,0
DA:32,0
DA:33,0
DA:35,0
DA:36,0
DA:37,0
DA:38,0
DA:39,0
DA:40,0
DA:41,0
DA:42,0
DA:43,0
DA:45,0
DA:46,0
DA:47,0
DA:48,0
DA:49,0
DA:50,0
DA:51,0
DA:52,0
DA:53,0
DA:54,0
DA:55,0
DA:56,0
DA:58,0
DA:59,0
DA:60,0
DA:61,0
DA:62,0
DA:63,0
DA:64,0
DA:65,0
DA:66,0
DA:67,0
DA:68,0
DA:69,0
DA:71,0
DA:74,1
DA:76,0
DA:77,0
DA:78,0
DA:80,0
DA:81,0
DA:82,0
DA:84,0
DA:85,0
DA:86,0
DA:88,0
DA:89,0
DA:90,0
DA:91,0
DA:92,0
DA:93,0
DA:94,0
DA:95,0
DA:96,0
DA:98,0
DA:99,0
DA:100,0
DA:101,0
DA:102,0
DA:103,0
DA:104,0
DA:105,0
DA:106,0
DA:107,0
DA:108,0
DA:109,0
DA:111,0
DA:112,0
DA:113,0
DA:114,0
DA:115,0
DA:116,0
DA:117,0
DA:118,0
DA:119,0
DA:120,0
DA:121,0
DA:122,0
DA:147,1
DA:149,0
DA:151,0
DA:160,1
DA:162,0
DA:164,0
DA:173,1
DA:175,0
DA:177,0
DA:186,1
DA:188,0
DA:189,0
DA:190,0
DA:193,1
DA:195,0
DA:196,0
DA:197,0
DA:199,0
LF:116
LH:11
BRF:0
BRH:0
end_of_record
TN:
SF:src\utils\index.ts
FNF:0
FNH:0
DA:1,1
DA:2,1
DA:3,1
DA:4,1
DA:5,1
DA:6,1
DA:7,1
DA:8,1
DA:9,1
DA:10,1
DA:11,1
LF:11
LH:11
BRF:0
BRH:0
end_of_record
TN:
SF:src\utils\interfaces\index.ts
FNF:0
FNH:0
DA:1,1
DA:2,1
DA:3,1
LF:3
LH:3
BRF:0
BRH:0
end_of_record
TN:
SF:src\vector\Scalar.ts
FN:25,(anonymous_0)
FN:9,(anonymous_1)
FN:14,(anonymous_2)
FN:45,(anonymous_3)
FN:59,(anonymous_4)
FN:69,(anonymous_5)
FN:86,(anonymous_6)
FN:103,(anonymous_7)
FN:120,(anonymous_8)
FN:134,(anonymous_9)
FN:141,(anonymous_10)
FN:146,(anonymous_11)
FN:158,(anonymous_12)
FN:174,(anonymous_13)
FN:196,(anonymous_14)
FN:218,(anonymous_15)
FN:240,(anonymous_16)
FN:258,(anonymous_17)
FNF:18
FNH:0
FNDA:0,(anonymous_0)
FNDA:0,(anonymous_1)
FNDA:0,(anonymous_2)
FNDA:0,(anonymous_3)
FNDA:0,(anonymous_4)
FNDA:0,(anonymous_5)
FNDA:0,(anonymous_6)
FNDA:0,(anonymous_7)
FNDA:0,(anonymous_8)
FNDA:0,(anonymous_9)
FNDA:0,(anonymous_10)
FNDA:0,(anonymous_11)
FNDA:0,(anonymous_12)
FNDA:0,(anonymous_13)
FNDA:0,(anonymous_14)
FNDA:0,(anonymous_15)
FNDA:0,(anonymous_16)
FNDA:0,(anonymous_17)
DA:6,1
DA:11,0
DA:16,0
DA:27,0
DA:29,0
DA:31,0
DA:33,0
DA:37,0
DA:47,0
DA:49,0
DA:53,0
DA:56,0
DA:61,0
DA:63,0
DA:71,0
DA:73,0
DA:77,0
DA:80,0
DA:88,0
DA:90,0
DA:94,0
DA:97,0
DA:105,0
DA:107,0
DA:111,0
DA:114,0
DA:122,0
DA:124,0
DA:128,0
DA:131,0
DA:136,0
DA:138,0
DA:143,0
DA:148,0
DA:152,1
DA:160,0
DA:162,0
DA:163,0
DA:165,0
DA:176,0
DA:178,0
DA:180,0
DA:184,0
DA:187,0
DA:198,0
DA:200,0
DA:202,0
DA:206,0
DA:209,0
DA:220,0
DA:222,0
DA:224,0
DA:228,0
DA:231,0
DA:242,0
DA:244,0
DA:246,0
DA:250,0
DA:253,0
DA:260,0
DA:262,0
DA:264,0
LF:62
LH:2
BRDA:25,0,0,0
BRDA:27,1,0,0
BRDA:27,1,1,0
BRDA:29,2,0,0
BRDA:29,2,1,0
BRDA:29,3,0,0
BRDA:29,3,1,0
BRDA:31,4,0,0
BRDA:31,4,1,0
BRDA:47,5,0,0
BRDA:47,5,1,0
BRDA:71,6,0,0
BRDA:71,6,1,0
BRDA:88,7,0,0
BRDA:88,7,1,0
BRDA:105,8,0,0
BRDA:105,8,1,0
BRDA:122,9,0,0
BRDA:122,9,1,0
BRDA:160,10,0,0
BRDA:160,10,1,0
BRDA:160,11,0,0
BRDA:160,11,1,0
BRDA:176,12,0,0
BRDA:176,12,1,0
BRDA:176,13,0,0
BRDA:176,13,1,0
BRDA:176,14,0,0
BRDA:176,14,1,0
BRDA:178,15,0,0
BRDA:178,15,1,0
BRDA:178,16,0,0
BRDA:178,16,1,0
BRDA:198,17,0,0
BRDA:198,17,1,0
BRDA:198,18,0,0
BRDA:198,18,1,0
BRDA:198,19,0,0
BRDA:198,19,1,0
BRDA:200,20,0,0
BRDA:200,20,1,0
BRDA:200,21,0,0
BRDA:200,21,1,0
BRDA:220,22,0,0
BRDA:220,22,1,0
BRDA:220,23,0,0
BRDA:220,23,1,0
BRDA:220,24,0,0
BRDA:220,24,1,0
BRDA:222,25,0,0
BRDA:222,25,1,0
BRDA:222,26,0,0
BRDA:222,26,1,0
BRDA:242,27,0,0
BRDA:242,27,1,0
BRDA:242,28,0,0
BRDA:242,28,1,0
BRDA:242,29,0,0
BRDA:242,29,1,0
BRDA:244,30,0,0
BRDA:244,30,1,0
BRDA:244,31,0,0
BRDA:244,31,1,0
BRDA:260,32,0,0
BRDA:260,32,1,0
BRDA:260,33,0,0
BRDA:260,33,1,0
BRF:67
BRH:0
end_of_record
TN:
SF:src\vector\Vector2.ts
FN:49,(anonymous_0)
FN:11,(anonymous_1)
FN:16,(anonymous_2)
FN:21,(anonymous_3)
FN:26,(anonymous_4)
FN:31,(anonymous_5)
FN:36,(anonymous_6)
FN:70,(anonymous_7)
FN:86,(anonymous_8)
FN:98,(anonymous_9)
FN:118,(anonymous_10)
FN:138,(anonymous_11)
FN:158,(anonymous_12)
FN:174,(anonymous_13)
FN:186,(anonymous_14)
FN:198,(anonymous_15)
FN:214,(anonymous_16)
FN:233,(anonymous_17)
FN:247,(anonymous_18)
FN:252,(anonymous_19)
FN:260,(anonymous_20)
FN:265,(anonymous_21)
FN:270,(anonymous_22)
FN:275,(anonymous_23)
FN:280,(anonymous_24)
FN:291,(anonymous_25)
FN:307,(anonymous_26)
FN:331,(anonymous_27)
FN:355,(anonymous_28)
FN:379,(anonymous_29)
FN:399,(anonymous_30)
FN:412,(anonymous_31)
FN:432,(anonymous_32)
FN:449,(anonymous_33)
FN:472,(anonymous_34)
FNF:35
FNH:1
FNDA:5,(anonymous_0)
FNDA:0,(anonymous_1)
FNDA:0,(anonymous_2)
FNDA:0,(anonymous_3)
FNDA:0,(anonymous_4)
FNDA:0,(anonymous_5)
FNDA:0,(anonymous_6)
FNDA:0,(anonymous_7)
FNDA:0,(anonymous_8)
FNDA:0,(anonymous_9)
FNDA:0,(anonymous_10)
FNDA:0,(anonymous_11)
FNDA:0,(anonymous_12)
FNDA:0,(anonymous_13)
FNDA:0,(anonymous_14)
FNDA:0,(anonymous_15)
FNDA:0,(anonymous_16)
FNDA:0,(anonymous_17)
FNDA:0,(anonymous_18)
FNDA:0,(anonymous_19)
FNDA:0,(anonymous_20)
FNDA:0,(anonymous_21)
FNDA:0,(anonymous_22)
FNDA:0,(anonymous_23)
FNDA:0,(anonymous_24)
FNDA:0,(anonymous_25)
FNDA:0,(anonymous_26)
FNDA:0,(anonymous_27)
FNDA:0,(anonymous_28)
FNDA:0,(anonymous_29)
FNDA:0,(anonymous_30)
FNDA:0,(anonymous_31)
FNDA:0,(anonymous_32)
FNDA:0,(anonymous_33)
FNDA:0,(anonymous_34)
DA:1,1
DA:3,1
DA:8,1
DA:13,0
DA:18,0
DA:23,0
DA:28,0
DA:33,0
DA:38,0
DA:51,5
DA:53,0
DA:55,5
DA:57,5
DA:61,0
DA:72,0
DA:74,0
DA:75,0
DA:79,0
DA:80,0
DA:83,0
DA:88,0
DA:89,0
DA:91,0
DA:100,0
DA:102,0
DA:103,0
DA:107,0
DA:108,0
DA:111,0
DA:120,0
DA:122,0
DA:123,0
DA:127,0
DA:128,0
DA:131,0
DA:140,0
DA:142,0
DA:143,0
DA:147,0
DA:148,0
DA:151,0
DA:160,0
DA:162,0
DA:163,0
DA:167,0
DA:168,0
DA:171,0
DA:176,0
DA:177,0
DA:179,0
DA:188,0
DA:190,0
DA:194,0
DA:200,0
DA:201,0
DA:202,0
DA:204,0
DA:219,0
DA:221,0
DA:226,0
DA:227,0
DA:230,0
DA:235,0
DA:237,0
DA:239,0
DA:240,0
DA:241,0
DA:244,0
DA:249,0
DA:254,0
DA:262,0
DA:267,0
DA:272,0
DA:277,0
DA:282,0
DA:285,1
DA:293,0
DA:295,0
DA:296,0
DA:298,0
DA:309,0
DA:311,0
DA:313,0
DA:314,0
DA:318,0
DA:319,0
DA:322,0
DA:333,0
DA:335,0
DA:337,0
DA:338,0
DA:342,0
DA:343,0
DA:346,0
DA:357,0
DA:359,0
DA:361,0
DA:362,0
DA:366,0
DA:367,0
DA:370,0
DA:381,0
DA:383,0
DA:385,0
DA:386,0
DA:390,0
DA:391,0
DA:394,0
DA:401,0
DA:403,0
DA:404,0
DA:406,0
DA:414,0
DA:416,0
DA:423,0
DA:434,0
DA:435,0
DA:437,0
DA:438,0
DA:440,0
DA:454,0
DA:456,0
DA:457,0
DA:461,0
DA:463,0
DA:464,0
DA:467,0
DA:474,0
DA:476,0
DA:478,0
DA:480,0
DA:481,0
DA:482,0
DA:485,0
DA:490,1
LF:135
LH:8
BRDA:49,0,0,0
BRDA:51,1,0,0
BRDA:51,1,1,5
BRDA:53,2,0,0
BRDA:53,2,1,0
BRDA:53,3,0,0
BRDA:53,3,1,0
BRDA:55,4,0,5
BRDA:55,4,1,0
BRDA:57,5,0,5
BRDA:57,5,1,0
BRDA:57,6,0,5
BRDA:57,6,1,5
BRDA:72,7,0,0
BRDA:72,7,1,0
BRDA:75,8,0,0
BRDA:75,8,1,0
BRDA:75,9,0,0
BRDA:75,9,1,0
BRDA:100,10,0,0
BRDA:100,10,1,0
BRDA:103,11,0,0
BRDA:103,11,1,0
BRDA:103,12,0,0
BRDA:103,12,1,0
BRDA:120,13,0,0
BRDA:120,13,1,0
BRDA:123,14,0,0
BRDA:123,14,1,0
BRDA:123,15,0,0
BRDA:123,15,1,0
BRDA:140,16,0,0
BRDA:140,16,1,0
BRDA:143,17,0,0
BRDA:143,17,1,0
BRDA:143,18,0,0
BRDA:143,18,1,0
BRDA:160,19,0,0
BRDA:160,19,1,0
BRDA:163,20,0,0
BRDA:163,20,1,0
BRDA:163,21,0,0
BRDA:163,21,1,0
BRDA:188,22,0,0
BRDA:188,22,1,0
BRDA:190,23,0,0
BRDA:190,23,1,0
BRDA:190,24,0,0
BRDA:190,24,1,0
BRDA:219,25,0,0
BRDA:219,25,1,0
BRDA:222,26,0,0
BRDA:222,26,1,0
BRDA:222,27,0,0
BRDA:222,27,1,0
BRDA:237,28,0,0
BRDA:237,29,0,0
BRDA:237,29,1,0
BRDA:254,30,0,0
BRDA:254,30,1,0
BRDA:293,31,0,0
BRDA:293,31,1,0
BRDA:293,32,0,0
BRDA:293,32,1,0
BRDA:309,33,0,0
BRDA:309,33,1,0
BRDA:309,34,0,0
BRDA:309,34,1,0
BRDA:309,35,0,0
BRDA:309,35,1,0
BRDA:311,36,0,0
BRDA:311,36,1,0
BRDA:311,37,0,0
BRDA:311,37,1,0
BRDA:333,38,0,0
BRDA:333,38,1,0
BRDA:333,39,0,0
BRDA:333,39,1,0
BRDA:333,40,0,0
BRDA:333,40,1,0
BRDA:335,41,0,0
BRDA:335,41,1,0
BRDA:335,42,0,0
BRDA:335,42,1,0
BRDA:357,43,0,0
BRDA:357,43,1,0
BRDA:357,44,0,0
BRDA:357,44,1,0
BRDA:357,45,0,0
BRDA:357,45,1,0
BRDA:359,46,0,0
BRDA:359,46,1,0
BRDA:359,47,0,0
BRDA:359,47,1,0
BRDA:381,48,0,0
BRDA:381,48,1,0
BRDA:381,49,0,0
BRDA:381,49,1,0
BRDA:381,50,0,0
BRDA:381,50,1,0
BRDA:383,51,0,0
BRDA:383,51,1,0
BRDA:383,52,0,0
BRDA:383,52,1,0
BRDA:401,53,0,0
BRDA:401,53,1,0
BRDA:401,54,0,0
BRDA:401,54,1,0
BRDA:414,55,0,0
BRDA:414,55,1,0
BRDA:414,56,0,0
BRDA:414,56,1,0
BRDA:434,57,0,0
BRDA:434,57,1,0
BRDA:434,58,0,0
BRDA:434,58,1,0
BRDA:454,59,0,0
BRDA:454,59,1,0
BRDA:474,60,0,0
BRDA:474,60,1,0
BRDA:474,61,0,0
BRDA:474,61,1,0
BRDA:478,62,0,0
BRDA:478,63,0,0
BRDA:478,63,1,0
BRF:125
BRH:5
end_of_record
TN:
SF:src\vector\Vector3.ts
FN:65,(anonymous_0)
FN:12,(anonymous_1)
FN:17,(anonymous_2)
FN:22,(anonymous_3)
FN:27,(anonymous_4)
FN:32,(anonymous_5)
FN:37,(anonymous_6)
FN:42,(anonymous_7)
FN:47,(anonymous_8)
FN:52,(anonymous_9)
FN:86,(anonymous_10)
FN:104,(anonymous_11)
FN:117,(anonymous_12)
FN:139,(anonymous_13)
FN:161,(anonymous_14)
FN:183,(anonymous_15)
FN:201,(anonymous_16)
FN:214,(anonymous_17)
FN:230,(anonymous_18)
FN:254,(anonymous_19)
FN:263,(anonymous_20)
FN:290,(anonymous_21)
FN:312,(anonymous_22)
FN:327,(anonymous_23)
FN:332,(anonymous_24)
FN:341,(anonymous_25)
FN:346,(anonymous_26)
FN:351,(anonymous_27)
FN:356,(anonymous_28)
FN:361,(anonymous_29)
FN:366,(anonymous_30)
FN:377,(anonymous_31)
FN:394,(anonymous_32)
FN:420,(anonymous_33)
FN:446,(anonymous_34)
FN:472,(anonymous_35)
FN:494,(anonymous_36)
FN:508,(anonymous_37)
FN:534,(anonymous_38)
FN:561,(anonymous_39)
FN:591,(anonymous_40)
FN:618,(anonymous_41)
FN:633,(anonymous_42)
FN:653,(anonymous_43)
FNF:44
FNH:0
FNDA:0,(anonymous_0)
FNDA:0,(anonymous_1)
FNDA:0,(anonymous_2)
FNDA:0,(anonymous_3)
FNDA:0,(anonymous_4)
FNDA:0,(anonymous_5)
FNDA:0,(anonymous_6)
FNDA:0,(anonymous_7)
FNDA:0,(anonymous_8)
FNDA:0,(anonymous_9)
FNDA:0,(anonymous_10)
FNDA:0,(anonymous_11)
FNDA:0,(anonymous_12)
FNDA:0,(anonymous_13)
FNDA:0,(anonymous_14)
FNDA:0,(anonymous_15)
FNDA:0,(anonymous_16)
FNDA:0,(anonymous_17)
FNDA:0,(anonymous_18)
FNDA:0,(anonymous_19)
FNDA:0,(anonymous_20)
FNDA:0,(anonymous_21)
FNDA:0,(anonymous_22)
FNDA:0,(anonymous_23)
FNDA:0,(anonymous_24)
FNDA:0,(anonymous_25)
FNDA:0,(anonymous_26)
FNDA:0,(anonymous_27)
FNDA:0,(anonymous_28)
FNDA:0,(anonymous_29)
FNDA:0,(anonymous_30)
FNDA:0,(anonymous_31)
FNDA:0,(anonymous_32)
FNDA:0,(anonymous_33)
FNDA:0,(anonymous_34)
FNDA:0,(anonymous_35)
FNDA:0,(anonymous_36)
FNDA:0,(anonymous_37)
FNDA:0,(anonymous_38)
FNDA:0,(anonymous_39)
FNDA:0,(anonymous_40)
FNDA:0,(anonymous_41)
FNDA:0,(anonymous_42)
FNDA:0,(anonymous_43)
DA:1,1
DA:2,1
DA:5,1
DA:9,1
DA:14,0
DA:19,0
DA:24,0
DA:29,0
DA:34,0
DA:39,0
DA:44,0
DA:49,0
DA:54,0
DA:67,0
DA:69,0
DA:71,0
DA:73,0
DA:77,0
DA:88,0
DA:90,0
DA:91,0
DA:92,0
DA:96,0
DA:97,0
DA:98,0
DA:101,0
DA:106,0
DA:107,0
DA:108,0
DA:110,0
DA:119,0
DA:121,0
DA:122,0
DA:123,0
DA:127,0
DA:128,0
DA:129,0
DA:132,0
DA:141,0
DA:143,0
DA:144,0
DA:145,0
DA:149,0
DA:150,0
DA:151,0
DA:154,0
DA:163,0
DA:165,0
DA:166,0
DA:167,0
DA:171,0
DA:172,0
DA:173,0
DA:176,0
DA:185,0
DA:187,0
DA:188,0
DA:189,0
DA:193,0
DA:194,0
DA:195,0
DA:198,0
DA:203,0
DA:204,0
DA:205,0
DA:207,0
DA:216,0
DA:218,0
DA:222,0
DA:232,0
DA:234,0
DA:242,0
DA:266,0
DA:268,0
DA:270,0
DA:274,0
DA:279,0
DA:281,0
DA:283,0
DA:296,0
DA:298,0
DA:300,0
DA:304,0
DA:305,0
DA:306,0
DA:309,0
DA:314,0
DA:316,0
DA:318,0
DA:319,0
DA:320,0
DA:321,0
DA:324,0
DA:329,0
DA:334,0
DA:343,0
DA:348,0
DA:353,0
DA:358,0
DA:363,0
DA:368,0
DA:371,1
DA:379,0
DA:381,0
DA:382,0
DA:383,0
DA:385,0
DA:396,0
DA:398,0
DA:400,0
DA:401,0
DA:402,0
DA:406,0
DA:407,0
DA:408,0
DA:411,0
DA:422,0
DA:424,0
DA:426,0
DA:427,0
DA:428,0
DA:432,0
DA:433,0
DA:434,0
DA:437,0
DA:448,0
DA:450,0
DA:452,0
DA:453,0
DA:454,0
DA:458,0
DA:459,0
DA:460,0
DA:463,0
DA:474,0
DA:476,0
DA:478,0
DA:479,0
DA:480,0
DA:484,0
DA:485,0
DA:486,0
DA:489,0
DA:496,0
DA:498,0
DA:499,0
DA:500,0
DA:502,0
DA:510,0
DA:512,0
DA:520,0
DA:536,0
DA:538,0
DA:540,0
DA:548,0
DA:567,0
DA:569,0
DA:570,0
DA:571,0
DA:575,0
DA:577,0
DA:578,0
DA:579,0
DA:582,0
DA:594,0
DA:596,0
DA:600,0
DA:603,0
DA:604,0
DA:606,0
DA:607,0
DA:608,0
DA:609,0
DA:612,0
DA:620,0
DA:622,0
DA:626,0
DA:635,0
DA:637,0
DA:641,0
DA:655,0
DA:658,0
DA:660,0
DA:662,0
DA:666,0
DA:671,0
DA:674,0
DA:676,0
LF:188
LH:5
BRDA:65,0,0,0
BRDA:67,1,0,0
BRDA:67,1,1,0
BRDA:69,2,0,0
BRDA:69,2,1,0
BRDA:69,3,0,0
BRDA:69,3,1,0
BRDA:71,4,0,0
BRDA:71,4,1,0
BRDA:73,5,0,0
BRDA:73,5,1,0
BRDA:73,6,0,0
BRDA:73,6,1,0
BRDA:73,7,0,0
BRDA:73,7,1,0
BRDA:73,8,0,0
BRDA:73,8,1,0
BRDA:88,9,0,0
BRDA:88,9,1,0
BRDA:91,10,0,0
BRDA:91,10,1,0
BRDA:91,11,0,0
BRDA:91,11,1,0
BRDA:92,12,0,0
BRDA:92,12,1,0
BRDA:92,13,0,0
BRDA:92,13,1,0
BRDA:119,14,0,0
BRDA:119,14,1,0
BRDA:122,15,0,0
BRDA:122,15,1,0
BRDA:122,16,0,0
BRDA:122,16,1,0
BRDA:123,17,0,0
BRDA:123,17,1,0
BRDA:123,18,0,0
BRDA:123,18,1,0
BRDA:141,19,0,0
BRDA:141,19,1,0
BRDA:144,20,0,0
BRDA:144,20,1,0
BRDA:144,21,0,0
BRDA:144,21,1,0
BRDA:145,22,0,0
BRDA:145,22,1,0
BRDA:145,23,0,0
BRDA:145,23,1,0
BRDA:163,24,0,0
BRDA:163,24,1,0
BRDA:166,25,0,0
BRDA:166,25,1,0
BRDA:166,26,0,0
BRDA:166,26,1,0
BRDA:167,27,0,0
BRDA:167,27,1,0
BRDA:167,28,0,0
BRDA:167,28,1,0
BRDA:185,29,0,0
BRDA:185,29,1,0
BRDA:188,30,0,0
BRDA:188,30,1,0
BRDA:188,31,0,0
BRDA:188,31,1,0
BRDA:189,32,0,0
BRDA:189,32,1,0
BRDA:189,33,0,0
BRDA:189,33,1,0
BRDA:216,34,0,0
BRDA:216,34,1,0
BRDA:218,35,0,0
BRDA:218,35,1,0
BRDA:218,36,0,0
BRDA:218,36,1,0
BRDA:218,37,0,0
BRDA:218,37,1,0
BRDA:218,38,0,0
BRDA:218,38,1,0
BRDA:232,39,0,0
BRDA:232,39,1,0
BRDA:266,40,0,0
BRDA:266,40,1,0
BRDA:268,41,0,0
BRDA:268,41,1,0
BRDA:268,42,0,0
BRDA:268,42,1,0
BRDA:296,43,0,0
BRDA:296,43,1,0
BRDA:299,44,0,0
BRDA:299,44,1,0
BRDA:299,45,0,0
BRDA:299,45,1,0
BRDA:300,46,0,0
BRDA:300,46,1,0
BRDA:300,47,0,0
BRDA:300,47,1,0
BRDA:316,48,0,0
BRDA:316,49,0,0
BRDA:316,49,1,0
BRDA:334,50,0,0
BRDA:334,50,1,0
BRDA:334,50,2,0
BRDA:379,51,0,0
BRDA:379,51,1,0
BRDA:379,52,0,0
BRDA:379,52,1,0
BRDA:396,53,0,0
BRDA:396,53,1,0
BRDA:396,54,0,0
BRDA:396,54,1,0
BRDA:396,55,0,0
BRDA:396,55,1,0
BRDA:398,56,0,0
BRDA:398,56,1,0
BRDA:398,57,0,0
BRDA:398,57,1,0
BRDA:422,58,0,0
BRDA:422,58,1,0
BRDA:422,59,0,0
BRDA:422,59,1,0
BRDA:422,60,0,0
BRDA:422,60,1,0
BRDA:424,61,0,0
BRDA:424,61,1,0
BRDA:424,62,0,0
BRDA:424,62,1,0
BRDA:448,63,0,0
BRDA:448,63,1,0
BRDA:448,64,0,0
BRDA:448,64,1,0
BRDA:448,65,0,0
BRDA:448,65,1,0
BRDA:450,66,0,0
BRDA:450,66,1,0
BRDA:450,67,0,0
BRDA:450,67,1,0
BRDA:474,68,0,0
BRDA:474,68,1,0
BRDA:474,69,0,0
BRDA:474,69,1,0
BRDA:474,70,0,0
BRDA:474,70,1,0
BRDA:476,71,0,0
BRDA:476,71,1,0
BRDA:476,72,0,0
BRDA:476,72,1,0
BRDA:496,73,0,0
BRDA:496,73,1,0
BRDA:496,74,0,0
BRDA:496,74,1,0
BRDA:510,75,0,0
BRDA:510,75,1,0
BRDA:510,76,0,0
BRDA:510,76,1,0
BRDA:536,77,0,0
BRDA:536,77,1,0
BRDA:536,78,0,0
BRDA:536,78,1,0
BRDA:536,79,0,0
BRDA:536,79,1,0
BRDA:538,80,0,0
BRDA:538,80,1,0
BRDA:538,81,0,0
BRDA:538,81,1,0
BRDA:567,82,0,0
BRDA:567,82,1,0
BRDA:594,83,0,0
BRDA:594,83,1,0
BRDA:594,84,0,0
BRDA:594,84,1,0
BRDA:594,84,2,0
BRDA:596,85,0,0
BRDA:596,85,1,0
BRDA:596,86,0,0
BRDA:596,86,1,0
BRDA:600,87,0,0
BRDA:600,87,1,0
BRDA:600,88,0,0
BRDA:600,88,1,0
BRDA:604,89,0,0
BRDA:604,90,0,0
BRDA:604,90,1,0
BRDA:620,91,0,0
BRDA:620,91,1,0
BRDA:635,92,0,0
BRDA:635,92,1,0
BRDA:655,93,0,0
BRDA:655,93,1,0
BRDA:655,94,0,0
BRDA:655,94,1,0
BRDA:655,95,0,0
BRDA:655,95,1,0
BRDA:655,96,0,0
BRDA:655,96,1,0
BRDA:658,97,0,0
BRDA:658,97,1,0
BRDA:660,98,0,0
BRDA:660,98,1,0
BRDA:660,99,0,0
BRDA:660,99,1,0
BRF:199
BRH:0
end_of_record
TN:
SF:src\vector\Vector4.ts
FN:74,(anonymous_0)
FN:10,(anonymous_1)
FN:15,(anonymous_2)
FN:20,(anonymous_3)
FN:25,(anonymous_4)
FN:30,(anonymous_5)
FN:35,(anonymous_6)
FN:40,(anonymous_7)
FN:45,(anonymous_8)
FN:50,(anonymous_9)
FN:55,(anonymous_10)
FN:60,(anonymous_11)
FN:100,(anonymous_12)
FN:120,(anonymous_13)
FN:134,(anonymous_14)
FN:158,(anonymous_15)
FN:183,(anonymous_16)
FN:207,(anonymous_17)
FN:227,(anonymous_18)
FN:241,(anonymous_19)
FN:257,(anonymous_20)
FN:273,(anonymous_21)
FN:278,(anonymous_22)
FN:288,(anonymous_23)
FN:293,(anonymous_24)
FN:298,(anonymous_25)
FN:303,(anonymous_26)
FN:308,(anonymous_27)
FN:313,(anonymous_28)
FN:318,(anonymous_29)
FN:329,(anonymous_30)
FN:347,(anonymous_31)
FN:375,(anonymous_32)
FN:403,(anonymous_33)
FN:431,(anonymous_34)
FN:455,(anonymous_35)
FN:470,(anonymous_36)
FN:499,(anonymous_37)
FN:528,(anonymous_38)
FNF:39
FNH:0
FNDA:0,(anonymous_0)
FNDA:0,(anonymous_1)
FNDA:0,(anonymous_2)
FNDA:0,(anonymous_3)
FNDA:0,(anonymous_4)
FNDA:0,(anonymous_5)
FNDA:0,(anonymous_6)
FNDA:0,(anonymous_7)
FNDA:0,(anonymous_8)
FNDA:0,(anonymous_9)
FNDA:0,(anonymous_10)
FNDA:0,(anonymous_11)
FNDA:0,(anonymous_12)
FNDA:0,(anonymous_13)
FNDA:0,(anonymous_14)
FNDA:0,(anonymous_15)
FNDA:0,(anonymous_16)
FNDA:0,(anonymous_17)
FNDA:0,(anonymous_18)
FNDA:0,(anonymous_19)
FNDA:0,(anonymous_20)
FNDA:0,(anonymous_21)
FNDA:0,(anonymous_22)
FNDA:0,(anonymous_23)
FNDA:0,(anonymous_24)
FNDA:0,(anonymous_25)
FNDA:0,(anonymous_26)
FNDA:0,(anonymous_27)
FNDA:0,(anonymous_28)
FNDA:0,(anonymous_29)
FNDA:0,(anonymous_30)
FNDA:0,(anonymous_31)
FNDA:0,(anonymous_32)
FNDA:0,(anonymous_33)
FNDA:0,(anonymous_34)
FNDA:0,(anonymous_35)
FNDA:0,(anonymous_36)
FNDA:0,(anonymous_37)
FNDA:0,(anonymous_38)
DA:3,1
DA:7,1
DA:12,0
DA:17,0
DA:22,0
DA:27,0
DA:32,0
DA:37,0
DA:42,0
DA:47,0
DA:52,0
DA:57,0
DA:62,0
DA:76,0
DA:78,0
DA:80,0
DA:82,0
DA:84,0
DA:86,0
DA:90,0
DA:102,0
DA:104,0
DA:105,0
DA:106,0
DA:107,0
DA:111,0
DA:112,0
DA:113,0
DA:114,0
DA:117,0
DA:122,0
DA:123,0
DA:124,0
DA:125,0
DA:127,0
DA:136,0
DA:138,0
DA:139,0
DA:140,0
DA:141,0
DA:145,0
DA:146,0
DA:147,0
DA:148,0
DA:151,0
DA:160,0
DA:162,0
DA:163,0
DA:164,0
DA:165,0
DA:169,0
DA:170,0
DA:171,0
DA:172,0
DA:175,0
DA:185,0
DA:187,0
DA:188,0
DA:189,0
DA:190,0
DA:194,0
DA:195,0
DA:196,0
DA:197,0
DA:200,0
DA:209,0
DA:211,0
DA:212,0
DA:213,0
DA:214,0
DA:218,0
DA:219,0
DA:220,0
DA:221,0
DA:224,0
DA:229,0
DA:230,0
DA:231,0
DA:232,0
DA:234,0
DA:243,0
DA:245,0
DA:249,0
DA:259,0
DA:261,0
DA:263,0
DA:264,0
DA:265,0
DA:266,0
DA:267,0
DA:270,0
DA:275,0
DA:280,0
DA:290,0
DA:295,0
DA:300,0
DA:305,0
DA:310,0
DA:315,0
DA:320,0
DA:323,1
DA:331,0
DA:333,0
DA:334,0
DA:335,0
DA:336,0
DA:338,0
DA:349,0
DA:351,0
DA:353,0
DA:354,0
DA:355,0
DA:356,0
DA:360,0
DA:361,0
DA:362,0
DA:363,0
DA:366,0
DA:377,0
DA:379,0
DA:381,0
DA:382,0
DA:383,0
DA:384,0
DA:388,0
DA:389,0
DA:390,0
DA:391,0
DA:394,0
DA:405,0
DA:407,0
DA:409,0
DA:410,0
DA:411,0
DA:412,0
DA:416,0
DA:417,0
DA:418,0
DA:419,0
DA:422,0
DA:433,0
DA:435,0
DA:437,0
DA:438,0
DA:439,0
DA:440,0
DA:444,0
DA:445,0
DA:446,0
DA:447,0
DA:450,0
DA:457,0
DA:459,0
DA:460,0
DA:461,0
DA:462,0
DA:464,0
DA:472,0
DA:474,0
DA:483,0
DA:506,0
DA:508,0
DA:509,0
DA:510,0
DA:511,0
DA:515,0
DA:517,0
DA:518,0
DA:519,0
DA:520,0
DA:523,0
DA:530,0
DA:532,0
DA:534,0
DA:536,0
DA:537,0
DA:538,0
DA:539,0
DA:540,0
DA:543,0
LF:180
LH:3
BRDA:74,0,0,0
BRDA:76,1,0,0
BRDA:76,1,1,0
BRDA:78,2,0,0
BRDA:78,2,1,0
BRDA:78,3,0,0
BRDA:78,3,1,0
BRDA:80,4,0,0
BRDA:80,4,1,0
BRDA:82,5,0,0
BRDA:82,5,1,0
BRDA:82,6,0,0
BRDA:82,6,1,0
BRDA:84,7,0,0
BRDA:84,7,1,0
BRDA:86,8,0,0
BRDA:86,8,1,0
BRDA:86,9,0,0
BRDA:86,9,1,0
BRDA:86,10,0,0
BRDA:86,10,1,0
BRDA:86,11,0,0
BRDA:86,11,1,0
BRDA:86,12,0,0
BRDA:86,12,1,0
BRDA:86,13,0,0
BRDA:86,13,1,0
BRDA:102,14,0,0
BRDA:102,14,1,0
BRDA:105,15,0,0
BRDA:105,15,1,0
BRDA:105,16,0,0
BRDA:105,16,1,0
BRDA:106,17,0,0
BRDA:106,17,1,0
BRDA:106,18,0,0
BRDA:106,18,1,0
BRDA:107,19,0,0
BRDA:107,19,1,0
BRDA:107,20,0,0
BRDA:107,20,1,0
BRDA:114,21,0,0
BRDA:114,21,1,0
BRDA:114,22,0,0
BRDA:114,22,1,0
BRDA:136,23,0,0
BRDA:136,23,1,0
BRDA:139,24,0,0
BRDA:139,24,1,0
BRDA:139,25,0,0
BRDA:139,25,1,0
BRDA:140,26,0,0
BRDA:140,26,1,0
BRDA:140,27,0,0
BRDA:140,27,1,0
BRDA:141,28,0,0
BRDA:141,28,1,0
BRDA:141,29,0,0
BRDA:141,29,1,0
BRDA:160,30,0,0
BRDA:160,30,1,0
BRDA:163,31,0,0
BRDA:163,31,1,0
BRDA:163,32,0,0
BRDA:163,32,1,0
BRDA:164,33,0,0
BRDA:164,33,1,0
BRDA:164,34,0,0
BRDA:164,34,1,0
BRDA:165,35,0,0
BRDA:165,35,1,0
BRDA:165,36,0,0
BRDA:165,36,1,0
BRDA:185,37,0,0
BRDA:185,37,1,0
BRDA:188,38,0,0
BRDA:188,38,1,0
BRDA:188,39,0,0
BRDA:188,39,1,0
BRDA:189,40,0,0
BRDA:189,40,1,0
BRDA:189,41,0,0
BRDA:189,41,1,0
BRDA:190,42,0,0
BRDA:190,42,1,0
BRDA:190,43,0,0
BRDA:190,43,1,0
BRDA:209,44,0,0
BRDA:209,44,1,0
BRDA:212,45,0,0
BRDA:212,45,1,0
BRDA:212,46,0,0
BRDA:212,46,1,0
BRDA:213,47,0,0
BRDA:213,47,1,0
BRDA:213,48,0,0
BRDA:213,48,1,0
BRDA:214,49,0,0
BRDA:214,49,1,0
BRDA:214,50,0,0
BRDA:214,50,1,0
BRDA:243,51,0,0
BRDA:243,51,1,0
BRDA:245,52,0,0
BRDA:245,52,1,0
BRDA:245,53,0,0
BRDA:245,53,1,0
BRDA:245,54,0,0
BRDA:245,54,1,0
BRDA:245,55,0,0
BRDA:245,55,1,0
BRDA:245,56,0,0
BRDA:245,56,1,0
BRDA:245,57,0,0
BRDA:245,57,1,0
BRDA:261,58,0,0
BRDA:261,59,0,0
BRDA:261,59,1,0
BRDA:280,60,0,0
BRDA:280,60,1,0
BRDA:280,60,2,0
BRDA:280,60,3,0
BRDA:331,61,0,0
BRDA:331,61,1,0
BRDA:331,62,0,0
BRDA:331,62,1,0
BRDA:349,63,0,0
BRDA:349,63,1,0
BRDA:349,64,0,0
BRDA:349,64,1,0
BRDA:349,65,0,0
BRDA:349,65,1,0
BRDA:351,66,0,0
BRDA:351,66,1,0
BRDA:351,67,0,0
BRDA:351,67,1,0
BRDA:377,68,0,0
BRDA:377,68,1,0
BRDA:377,69,0,0
BRDA:377,69,1,0
BRDA:377,70,0,0
BRDA:377,70,1,0
BRDA:379,71,0,0
BRDA:379,71,1,0
BRDA:379,72,0,0
BRDA:379,72,1,0
BRDA:405,73,0,0
BRDA:405,73,1,0
BRDA:405,74,0,0
BRDA:405,74,1,0
BRDA:405,75,0,0
BRDA:405,75,1,0
BRDA:407,76,0,0
BRDA:407,76,1,0
BRDA:407,77,0,0
BRDA:407,77,1,0
BRDA:433,78,0,0
BRDA:433,78,1,0
BRDA:433,79,0,0
BRDA:433,79,1,0
BRDA:433,80,0,0
BRDA:433,80,1,0
BRDA:435,81,0,0
BRDA:435,81,1,0
BRDA:435,82,0,0
BRDA:435,82,1,0
BRDA:457,83,0,0
BRDA:457,83,1,0
BRDA:457,84,0,0
BRDA:457,84,1,0
BRDA:472,85,0,0
BRDA:472,85,1,0
BRDA:472,86,0,0
BRDA:472,86,1,0
BRDA:506,87,0,0
BRDA:506,87,1,0
BRDA:530,88,0,0
BRDA:530,88,1,0
BRDA:530,89,0,0
BRDA:530,89,1,0
BRDA:534,90,0,0
BRDA:534,91,0,0
BRDA:534,91,1,0
BRF:183
BRH:0
end_of_record
TN:
SF:src\vector\index.ts
FNF:0
FNH:0
DA:1,1
DA:2,1
DA:3,1
DA:4,1
LF:4
LH:4
BRF:0
BRH:0
end_of_record
